#
# There is insufficient memory for the Java Runtime Environment to continue.
# Native memory allocation (malloc) failed to allocate 164688 bytes for Chunk::new
# Possible reasons:
#   The system is out of physical RAM or swap space
#   The process is running with CompressedOops enabled, and the Java Heap may be blocking the growth of the native heap
# Possible solutions:
#   Reduce memory load on the system
#   Increase physical memory or swap space
#   Check if swap backing store is full
#   Decrease Java heap size (-Xmx/-Xms)
#   Decrease number of Java threads
#   Decrease Java thread stack sizes (-Xss)
#   Set larger code cache with -XX:ReservedCodeCacheSize=
#   JVM is running with Unscaled Compressed Oops mode in which the Java heap is
#     placed in the first 4GB address space. The Java Heap base address is the
#     maximum limit for the native heap growth. Please use -XX:HeapBaseMinAddress
#     to set the Java Heap base and to place the Java Heap above 4GB virtual address.
# This output file may be truncated or incomplete.
#
#  Out of Memory Error (allocation.cpp:389), pid=13356, tid=0x00000000000032ac
#
# JRE version: Java(TM) SE Runtime Environment (8.0_221-b11) (build 1.8.0_221-b11)
# Java VM: Java HotSpot(TM) 64-Bit Server VM (25.221-b11 mixed mode windows-amd64 compressed oops)
# Failed to write core dump. Minidumps are not enabled by default on client versions of Windows
#

---------------  T H R E A D  ---------------

Current thread (0x0000000017da9800):  JavaThread "C2 CompilerThread1" daemon [_thread_in_native, id=12972, stack(0x0000000019520000,0x0000000019620000)]

Stack: [0x0000000019520000,0x0000000019620000]
[error occurred during error reporting (printing stack bounds), id 0xc0000005]

Native frames: (J=compiled Java code, j=interpreted, Vv=VM code, C=native code)


Current CompileTask:
C2:  11343 6038       4       org.springframework.core.annotation.AnnotationUtils::postProcessAnnotationAttributes (163 bytes)


---------------  P R O C E S S  ---------------

Java Threads: ( => current thread )
  0x0000000017dbd800 JavaThread "HikariPool-1 connection adder" daemon [_thread_blocked, id=12312, stack(0x0000000021fd0000,0x00000000220d0000)]
  0x000000001a868000 JavaThread "HikariPool-1 housekeeper" daemon [_thread_blocked, id=5676, stack(0x0000000021ed0000,0x0000000021fd0000)]
  0x000000001e59e800 JavaThread "mysql-cj-abandoned-connection-cleanup" daemon [_thread_blocked, id=11348, stack(0x00000000209e0000,0x0000000020ae0000)]
  0x000000001b4a6800 JavaThread "container-0" [_thread_blocked, id=7528, stack(0x000000001f510000,0x000000001f610000)]
  0x000000001a207800 JavaThread "Catalina-utility-2" [_thread_blocked, id=7392, stack(0x000000001f410000,0x000000001f510000)]
  0x000000001add3000 JavaThread "Catalina-utility-1" [_thread_blocked, id=14012, stack(0x000000001f310000,0x000000001f410000)]
  0x0000000019760800 JavaThread "Service Thread" daemon [_thread_blocked, id=7540, stack(0x0000000019b20000,0x0000000019c20000)]
  0x0000000017dbc000 JavaThread "C1 CompilerThread2" daemon [_thread_in_native, id=8412, stack(0x0000000019620000,0x0000000019720000)]
=>0x0000000017da9800 JavaThread "C2 CompilerThread1" daemon [_thread_in_native, id=12972, stack(0x0000000019520000,0x0000000019620000)]
  0x0000000017da4800 JavaThread "C2 CompilerThread0" daemon [_thread_in_native, id=16360, stack(0x0000000019420000,0x0000000019520000)]
  0x0000000017da3000 JavaThread "Attach Listener" daemon [_thread_blocked, id=15860, stack(0x0000000019320000,0x0000000019420000)]
  0x0000000017da1800 JavaThread "Signal Dispatcher" daemon [_thread_blocked, id=5880, stack(0x0000000019220000,0x0000000019320000)]
  0x000000000324d800 JavaThread "Finalizer" daemon [_thread_blocked, id=3480, stack(0x0000000019000000,0x0000000019100000)]
  0x0000000003245000 JavaThread "Reference Handler" daemon [_thread_blocked, id=7812, stack(0x0000000018f00000,0x0000000019000000)]
  0x0000000003156000 JavaThread "main" [_thread_in_Java, id=10648, stack(0x0000000003050000,0x0000000003150000)]

Other Threads:
  0x0000000017d68800 VMThread [stack: 0x0000000018e00000,0x0000000018f00000] [id=6944]
  0x0000000017dfc000 WatcherThread [stack: 0x0000000019c20000,0x0000000019d20000] [id=11568]

VM state:not at safepoint (normal execution)

VM Mutex/Monitor currently owned by a thread:  ([mutex/lock_event])
[0x0000000003153d60] CompiledIC_lock - owner thread: 0x0000000017dbc000

heap address: 0x0000000081800000, size: 2024 MB, Compressed Oops mode: 32-bit
Narrow klass base: 0x0000000000000000, Narrow klass shift: 3
Compressed class space size: 1073741824 Address: 0x0000000100000000

Heap:
 PSYoungGen      total 275456K, used 4693K [0x00000000d5d80000, 0x00000000e8000000, 0x0000000100000000)
  eden space 258560K, 1% used [0x00000000d5d80000,0x00000000d6215638,0x00000000e5a00000)
  from space 16896K, 0% used [0x00000000e6f80000,0x00000000e6f80000,0x00000000e8000000)
  to   space 19456K, 0% used [0x00000000e5a00000,0x00000000e5a00000,0x00000000e6d00000)
 ParOldGen       total 102400K, used 29226K [0x0000000081800000, 0x0000000087c00000, 0x00000000d5d80000)
  object space 102400K, 28% used [0x0000000081800000,0x000000008348a8f8,0x0000000087c00000)
 Metaspace       used 56669K, capacity 59092K, committed 59416K, reserved 1099776K
  class space    used 7729K, capacity 8161K, committed 8232K, reserved 1048576K

Card table byte_map: [0x0000000012610000,0x0000000012a10000] byte_map_base: 0x0000000012204000

Marking Bits: (ParMarkBitMap*) 0x0000000065195ce0
 Begin Bits: [0x00000000130c0000, 0x0000000015060000)
 End Bits:   [0x0000000015060000, 0x0000000017000000)

Polling page: 0x00000000012d0000

CodeCache: size=245760Kb used=18601Kb max_used=18613Kb free=227158Kb
 bounds [0x0000000003250000, 0x0000000004490000, 0x0000000012250000]
 total_blobs=6158 nmethods=5618 adapters=447
 compilation: enabled

Compilation events (10 events):
Event: 11.066 Thread 0x0000000017dbc000 nmethod 6181 0x0000000004477690 code [0x0000000004477820, 0x0000000004477ad8]
Event: 11.066 Thread 0x0000000017dbc000 6182       2       org.springframework.cglib.core.CollectionUtils::transform (54 bytes)
Event: 11.067 Thread 0x0000000017dbc000 nmethod 6182 0x0000000004477c50 code [0x0000000004477e20, 0x0000000004478268]
Event: 11.067 Thread 0x0000000017dbc000 6183       2       java.lang.reflect.Executable::printModifiersIfNonzero (101 bytes)
Event: 11.069 Thread 0x0000000017dbc000 nmethod 6183 0x0000000004478610 code [0x0000000004478840, 0x0000000004479118]
Event: 11.069 Thread 0x0000000017dbc000 6184       2       org.springframework.cglib.proxy.MethodInterceptorGenerator::superHelper (55 bytes)
Event: 11.071 Thread 0x0000000017dbc000 nmethod 6184 0x0000000004479a90 code [0x0000000004479ce0, 0x000000000447a558]
Event: 11.071 Thread 0x0000000017dbc000 6185       2       org.springframework.cglib.proxy.Enhancer$6::getImplSignature (28 bytes)
Event: 11.071 Thread 0x0000000017dbc000 nmethod 6185 0x000000000447acd0 code [0x000000000447ae60, 0x000000000447b088]
Event: 11.071 Thread 0x0000000017dbc000 6189       2       org.springframework.asm.Frame::execute (2305 bytes)

GC Heap History (10 events):
Event: 6.117 GC heap before
{Heap before GC invocations=9 (full 1):
 PSYoungGen      total 123392K, used 16017K [0x00000000d5d80000, 0x00000000e2f00000, 0x0000000100000000)
  eden space 113152K, 5% used [0x00000000d5d80000,0x00000000d632b0e0,0x00000000dcc00000)
  from space 10240K, 99% used [0x00000000dcc00000,0x00000000dd5f9590,0x00000000dd600000)
  to   space 13824K, 0% used [0x00000000e2180000,0x00000000e2180000,0x00000000e2f00000)
 ParOldGen       total 50688K, used 9486K [0x0000000081800000, 0x0000000084980000, 0x00000000d5d80000)
  object space 50688K, 18% used [0x0000000081800000,0x0000000082143848,0x0000000084980000)
 Metaspace       used 33804K, capacity 35348K, committed 35496K, reserved 1079296K
  class space    used 4381K, capacity 4681K, committed 4776K, reserved 1048576K
Event: 6.141 GC heap after
Heap after GC invocations=9 (full 1):
 PSYoungGen      total 200192K, used 10920K [0x00000000d5d80000, 0x00000000e3d80000, 0x0000000100000000)
  eden space 186368K, 0% used [0x00000000d5d80000,0x00000000d5d80000,0x00000000e1380000)
  from space 13824K, 78% used [0x00000000e2180000,0x00000000e2c2a010,0x00000000e2f00000)
  to   space 14336K, 0% used [0x00000000e1380000,0x00000000e1380000,0x00000000e2180000)
 ParOldGen       total 50688K, used 9494K [0x0000000081800000, 0x0000000084980000, 0x00000000d5d80000)
  object space 50688K, 18% used [0x0000000081800000,0x0000000082145848,0x0000000084980000)
 Metaspace       used 33804K, capacity 35348K, committed 35496K, reserved 1079296K
  class space    used 4381K, capacity 4681K, committed 4776K, reserved 1048576K
}
Event: 6.141 GC heap before
{Heap before GC invocations=10 (full 2):
 PSYoungGen      total 200192K, used 10920K [0x00000000d5d80000, 0x00000000e3d80000, 0x0000000100000000)
  eden space 186368K, 0% used [0x00000000d5d80000,0x00000000d5d80000,0x00000000e1380000)
  from space 13824K, 78% used [0x00000000e2180000,0x00000000e2c2a010,0x00000000e2f00000)
  to   space 14336K, 0% used [0x00000000e1380000,0x00000000e1380000,0x00000000e2180000)
 ParOldGen       total 50688K, used 9494K [0x0000000081800000, 0x0000000084980000, 0x00000000d5d80000)
  object space 50688K, 18% used [0x0000000081800000,0x0000000082145848,0x0000000084980000)
 Metaspace       used 33804K, capacity 35348K, committed 35496K, reserved 1079296K
  class space    used 4381K, capacity 4681K, committed 4776K, reserved 1048576K
Event: 6.250 GC heap after
Heap after GC invocations=10 (full 2):
 PSYoungGen      total 200192K, used 0K [0x00000000d5d80000, 0x00000000e3d80000, 0x0000000100000000)
  eden space 186368K, 0% used [0x00000000d5d80000,0x00000000d5d80000,0x00000000e1380000)
  from space 13824K, 0% used [0x00000000e2180000,0x00000000e2180000,0x00000000e2f00000)
  to   space 14336K, 0% used [0x00000000e1380000,0x00000000e1380000,0x00000000e2180000)
 ParOldGen       total 74752K, used 16569K [0x0000000081800000, 0x0000000086100000, 0x00000000d5d80000)
  object space 74752K, 22% used [0x0000000081800000,0x000000008282e7b8,0x0000000086100000)
 Metaspace       used 33804K, capacity 35348K, committed 35496K, reserved 1079296K
  class space    used 4381K, capacity 4681K, committed 4776K, reserved 1048576K
}
Event: 9.349 GC heap before
{Heap before GC invocations=11 (full 2):
 PSYoungGen      total 200192K, used 186368K [0x00000000d5d80000, 0x00000000e3d80000, 0x0000000100000000)
  eden space 186368K, 100% used [0x00000000d5d80000,0x00000000e1380000,0x00000000e1380000)
  from space 13824K, 0% used [0x00000000e2180000,0x00000000e2180000,0x00000000e2f00000)
  to   space 14336K, 0% used [0x00000000e1380000,0x00000000e1380000,0x00000000e2180000)
 ParOldGen       total 74752K, used 16569K [0x0000000081800000, 0x0000000086100000, 0x00000000d5d80000)
  object space 74752K, 22% used [0x0000000081800000,0x000000008282e7b8,0x0000000086100000)
 Metaspace       used 49007K, capacity 50986K, committed 51368K, reserved 1093632K
  class space    used 6615K, capacity 6998K, committed 7080K, reserved 1048576K
Event: 9.378 GC heap after
Heap after GC invocations=11 (full 2):
 PSYoungGen      total 200704K, used 14332K [0x00000000d5d80000, 0x00000000e8100000, 0x0000000100000000)
  eden space 186368K, 0% used [0x00000000d5d80000,0x00000000d5d80000,0x00000000e1380000)
  from space 14336K, 99% used [0x00000000e1380000,0x00000000e217f0b0,0x00000000e2180000)
  to   space 17920K, 0% used [0x00000000e6f80000,0x00000000e6f80000,0x00000000e8100000)
 ParOldGen       total 74752K, used 20763K [0x0000000081800000, 0x0000000086100000, 0x00000000d5d80000)
  object space 74752K, 27% used [0x0000000081800000,0x0000000082c46c08,0x0000000086100000)
 Metaspace       used 49007K, capacity 50986K, committed 51368K, reserved 1093632K
  class space    used 6615K, capacity 6998K, committed 7080K, reserved 1048576K
}
Event: 11.072 GC heap before
{Heap before GC invocations=12 (full 2):
 PSYoungGen      total 200704K, used 134404K [0x00000000d5d80000, 0x00000000e8100000, 0x0000000100000000)
  eden space 186368K, 64% used [0x00000000d5d80000,0x00000000dd2c22c8,0x00000000e1380000)
  from space 14336K, 99% used [0x00000000e1380000,0x00000000e217f0b0,0x00000000e2180000)
  to   space 17920K, 0% used [0x00000000e6f80000,0x00000000e6f80000,0x00000000e8100000)
 ParOldGen       total 74752K, used 20763K [0x0000000081800000, 0x0000000086100000, 0x00000000d5d80000)
  object space 74752K, 27% used [0x0000000081800000,0x0000000082c46c08,0x0000000086100000)
 Metaspace       used 56664K, capacity 59086K, committed 59160K, reserved 1099776K
  class space    used 7728K, capacity 8160K, committed 8232K, reserved 1048576K
Event: 11.102 GC heap after
Heap after GC invocations=12 (full 2):
 PSYoungGen      total 275456K, used 15362K [0x00000000d5d80000, 0x00000000e8000000, 0x0000000100000000)
  eden space 258560K, 0% used [0x00000000d5d80000,0x00000000d5d80000,0x00000000e5a00000)
  from space 16896K, 90% used [0x00000000e6f80000,0x00000000e7e80b80,0x00000000e8000000)
  to   space 19456K, 0% used [0x00000000e5a00000,0x00000000e5a00000,0x00000000e6d00000)
 ParOldGen       total 74752K, used 20771K [0x0000000081800000, 0x0000000086100000, 0x00000000d5d80000)
  object space 74752K, 27% used [0x0000000081800000,0x0000000082c48c08,0x0000000086100000)
 Metaspace       used 56664K, capacity 59086K, committed 59160K, reserved 1099776K
  class space    used 7728K, capacity 8160K, committed 8232K, reserved 1048576K
}
Event: 11.102 GC heap before
{Heap before GC invocations=13 (full 3):
 PSYoungGen      total 275456K, used 15362K [0x00000000d5d80000, 0x00000000e8000000, 0x0000000100000000)
  eden space 258560K, 0% used [0x00000000d5d80000,0x00000000d5d80000,0x00000000e5a00000)
  from space 16896K, 90% used [0x00000000e6f80000,0x00000000e7e80b80,0x00000000e8000000)
  to   space 19456K, 0% used [0x00000000e5a00000,0x00000000e5a00000,0x00000000e6d00000)
 ParOldGen       total 74752K, used 20771K [0x0000000081800000, 0x0000000086100000, 0x00000000d5d80000)
  object space 74752K, 27% used [0x0000000081800000,0x0000000082c48c08,0x0000000086100000)
 Metaspace       used 56664K, capacity 59086K, committed 59160K, reserved 1099776K
  class space    used 7728K, capacity 8160K, committed 8232K, reserved 1048576K
Event: 11.341 GC heap after
Heap after GC invocations=13 (full 3):
 PSYoungGen      total 275456K, used 0K [0x00000000d5d80000, 0x00000000e8000000, 0x0000000100000000)
  eden space 258560K, 0% used [0x00000000d5d80000,0x00000000d5d80000,0x00000000e5a00000)
  from space 16896K, 0% used [0x00000000e6f80000,0x00000000e6f80000,0x00000000e8000000)
  to   space 19456K, 0% used [0x00000000e5a00000,0x00000000e5a00000,0x00000000e6d00000)
 ParOldGen       total 102400K, used 29226K [0x0000000081800000, 0x0000000087c00000, 0x00000000d5d80000)
  object space 102400K, 28% used [0x0000000081800000,0x000000008348a8f8,0x0000000087c00000)
 Metaspace       used 56664K, capacity 59086K, committed 59160K, reserved 1099776K
  class space    used 7728K, capacity 8160K, committed 8232K, reserved 1048576K
}

Deoptimization events (10 events):
Event: 10.863 Thread 0x0000000003156000 Uncommon trap: reason=unstable_if action=reinterpret pc=0x0000000003cb54e4 method=java.util.StringTokenizer.scanToken(I)I @ 96
Event: 10.907 Thread 0x0000000003156000 Uncommon trap: reason=bimorphic action=maybe_recompile pc=0x00000000037fc68c method=java.util.Hashtable.put(Ljava/lang/Object;Ljava/lang/Object;)Ljava/lang/Object; @ 18
Event: 10.907 Thread 0x0000000003156000 Uncommon trap: reason=bimorphic action=maybe_recompile pc=0x00000000037fc68c method=java.util.Hashtable.put(Ljava/lang/Object;Ljava/lang/Object;)Ljava/lang/Object; @ 18
Event: 10.907 Thread 0x0000000003156000 Uncommon trap: reason=bimorphic action=maybe_recompile pc=0x00000000037fc68c method=java.util.Hashtable.put(Ljava/lang/Object;Ljava/lang/Object;)Ljava/lang/Object; @ 18
Event: 10.907 Thread 0x0000000003156000 Uncommon trap: reason=bimorphic action=maybe_recompile pc=0x00000000037fc68c method=java.util.Hashtable.put(Ljava/lang/Object;Ljava/lang/Object;)Ljava/lang/Object; @ 18
Event: 10.913 Thread 0x0000000003156000 Uncommon trap: reason=bimorphic action=maybe_recompile pc=0x0000000003380680 method=java.util.Hashtable.get(Ljava/lang/Object;)Ljava/lang/Object; @ 6
Event: 10.920 Thread 0x0000000003156000 Uncommon trap: reason=bimorphic action=maybe_recompile pc=0x0000000003380680 method=java.util.Hashtable.get(Ljava/lang/Object;)Ljava/lang/Object; @ 6
Event: 10.923 Thread 0x0000000003156000 Uncommon trap: reason=unstable_if action=reinterpret pc=0x0000000003372600 method=java.lang.CharacterData.of(I)Ljava/lang/CharacterData; @ 4
Event: 10.930 Thread 0x0000000003156000 Uncommon trap: reason=unstable_if action=reinterpret pc=0x0000000003848584 method=java.util.regex.Pattern$Curly.match0(Ljava/util/regex/Matcher;IILjava/lang/CharSequence;)Z @ 5
Event: 11.070 Thread 0x0000000003156000 Uncommon trap: reason=range_check action=make_not_entrant pc=0x00000000044674cc method=java.lang.String.charAt(I)C @ 27

Classes redefined (0 events):
No events

Internal exceptions (10 events):
Event: 10.471 Thread 0x0000000003156000 Exception <a 'java/lang/NoSuchMethodError': java.lang.Object.lambda$static$0(Ljava/lang/Object;)Lorg/springframework/expression/EvaluationContext;> (0x00000000db0f8e48) thrown at [C:\re\workspace\8-2-build-windows-amd64-cygwin\jdk8u221\13320\hotspot\src\s
Event: 10.659 Thread 0x0000000003156000 Exception <a 'java/lang/ClassNotFoundException': java/lang/ObjectCustomizer> (0x00000000dbbb17d8) thrown at [C:\re\workspace\8-2-build-windows-amd64-cygwin\jdk8u221\13320\hotspot\src\share\vm\classfile\systemDictionary.cpp, line 210]
Event: 10.660 Thread 0x0000000003156000 Exception <a 'java/lang/ClassNotFoundException': acme/framework/entities/DomainEntityCustomizer> (0x00000000dbbc8a60) thrown at [C:\re\workspace\8-2-build-windows-amd64-cygwin\jdk8u221\13320\hotspot\src\share\vm\classfile\systemDictionary.cpp, line 210]
Event: 10.669 Thread 0x0000000003156000 Exception <a 'java/lang/NoSuchMethodError': java.lang.Object.lambda$of$0([Ljava/lang/Object;)Ljava/util/Iterator;> (0x00000000dbc2a890) thrown at [C:\re\workspace\8-2-build-windows-amd64-cygwin\jdk8u221\13320\hotspot\src\share\vm\interpreter\linkResolver.
Event: 10.688 Thread 0x0000000003156000 Exception <a 'java/lang/NoSuchMethodError': java.lang.Object.fromNullable(Ljava/lang/Object;)Ljava/util/stream/Stream;> (0x00000000dbcec908) thrown at [C:\re\workspace\8-2-build-windows-amd64-cygwin\jdk8u221\13320\hotspot\src\share\vm\interpreter\linkReso
Event: 10.707 Thread 0x0000000003156000 Exception <a 'java/lang/NoSuchMethodError': java.lang.Object.lambda$direct$0(Lorg/springframework/data/repository/core/support/MethodLookup$InvokedMethod;Ljava/lang/reflect/Method;)Z> (0x00000000dbdbb670) thrown at [C:\re\workspace\8-2-build-windows-amd64
Event: 10.708 Thread 0x0000000003156000 Exception <a 'java/lang/NoSuchMethodError': java.lang.Object.lambda$direct$1(Lorg/springframework/data/repository/core/support/MethodLookup$MethodPredicate;)Ljava/util/List;> (0x00000000dbdbe610) thrown at [C:\re\workspace\8-2-build-windows-amd64-cygwin\j
Event: 10.711 Thread 0x0000000003156000 Exception <a 'java/lang/NoSuchMethodError': java.lang.Object.lambda$and$0(Lorg/springframework/data/repository/core/support/MethodLookup;)Ljava/util/List;> (0x00000000dbdea638) thrown at [C:\re\workspace\8-2-build-windows-amd64-cygwin\jdk8u221\13320\hotsp
Event: 10.722 Thread 0x0000000003156000 Exception <a 'java/lang/IncompatibleClassChangeError': Found class java.lang.Object, but interface was expected> (0x00000000dbe910f8) thrown at [C:\re\workspace\8-2-build-windows-amd64-cygwin\jdk8u221\13320\hotspot\src\share\vm\interpreter\linkResolver.cp
Event: 10.767 Thread 0x0000000003156000 Exception <a 'java/lang/NoSuchMethodError': java.lang.Object.lambda$map$1(Ljava/util/function/Function;)Ljava/util/stream/Stream;> (0x00000000dc234aa8) thrown at [C:\re\workspace\8-2-build-windows-amd64-cygwin\jdk8u221\13320\hotspot\src\share\vm\interpret

Events (10 events):
Event: 11.057 loading class org/springframework/data/domain/Sort$Direction done
Event: 11.061 loading class org/springframework/transaction/annotation/Propagation
Event: 11.061 loading class org/springframework/transaction/annotation/Propagation done
Event: 11.062 loading class org/springframework/transaction/annotation/Isolation
Event: 11.062 loading class org/springframework/transaction/annotation/Isolation done
Event: 11.070 Thread 0x0000000003156000 Uncommon trap: trap_request=0xffffffe4 fr.pc=0x00000000044674cc
Event: 11.071 Thread 0x0000000003156000 DEOPT PACKING pc=0x00000000044674cc sp=0x000000000314d530
Event: 11.071 Thread 0x0000000003156000 DEOPT UNPACKING pc=0x000000000329583b sp=0x000000000314d400 mode 2
Event: 11.072 Executing VM operation: CollectForMetadataAllocation
Event: 11.341 Executing VM operation: CollectForMetadataAllocation done


Dynamic libraries:
0x00007ff652470000 - 0x00007ff6524a7000 	C:\Program Files\Java\jre1.8.0_221\bin\javaw.exe
0x00007ff9b47f0000 - 0x00007ff9b49dd000 	C:\WINDOWS\SYSTEM32\ntdll.dll
0x00007ff9b1a10000 - 0x00007ff9b1ac3000 	C:\WINDOWS\System32\KERNEL32.DLL
0x00007ff9b0ca0000 - 0x00007ff9b0f33000 	C:\WINDOWS\System32\KERNELBASE.dll
0x00007ff9b2820000 - 0x00007ff9b28c3000 	C:\WINDOWS\System32\ADVAPI32.dll
0x00007ff9b2300000 - 0x00007ff9b239e000 	C:\WINDOWS\System32\msvcrt.dll
0x00007ff9b1ad0000 - 0x00007ff9b1b6e000 	C:\WINDOWS\System32\sechost.dll
0x00007ff9b26f0000 - 0x00007ff9b2812000 	C:\WINDOWS\System32\RPCRT4.dll
0x00007ff9b20d0000 - 0x00007ff9b2267000 	C:\WINDOWS\System32\USER32.dll
0x00007ff9b16f0000 - 0x00007ff9b1710000 	C:\WINDOWS\System32\win32u.dll
0x00007ff9b2600000 - 0x00007ff9b2629000 	C:\WINDOWS\System32\GDI32.dll
0x00007ff9b17c0000 - 0x00007ff9b1959000 	C:\WINDOWS\System32\gdi32full.dll
0x00007ff9b0c00000 - 0x00007ff9b0ca0000 	C:\WINDOWS\System32\msvcp_win.dll
0x00007ff9b0b00000 - 0x00007ff9b0bfa000 	C:\WINDOWS\System32\ucrtbase.dll
0x00007ff99ef40000 - 0x00007ff99f1b9000 	C:\WINDOWS\WinSxS\amd64_microsoft.windows.common-controls_6595b64144ccf1df_6.0.17763.973_none_05b245900721eb81\COMCTL32.dll
0x00007ff9b1b70000 - 0x00007ff9b1e9c000 	C:\WINDOWS\System32\combase.dll
0x00007ff9b1960000 - 0x00007ff9b19de000 	C:\WINDOWS\System32\bcryptPrimitives.dll
0x00007ff9b40a0000 - 0x00007ff9b40ce000 	C:\WINDOWS\System32\IMM32.DLL
0x00000000642f0000 - 0x00000000643c2000 	C:\Program Files\Java\jre1.8.0_221\bin\msvcr100.dll
0x0000000064970000 - 0x0000000065215000 	C:\Program Files\Java\jre1.8.0_221\bin\server\jvm.dll
0x00007ff9b4700000 - 0x00007ff9b4708000 	C:\WINDOWS\System32\PSAPI.DLL
0x00007ff9a1df0000 - 0x00007ff9a1df9000 	C:\WINDOWS\SYSTEM32\WSOCK32.dll
0x00007ff9a8730000 - 0x00007ff9a8754000 	C:\WINDOWS\SYSTEM32\WINMM.dll
0x00007ff9b23a0000 - 0x00007ff9b240d000 	C:\WINDOWS\System32\WS2_32.dll
0x00007ff9ab430000 - 0x00007ff9ab43a000 	C:\WINDOWS\SYSTEM32\VERSION.dll
0x00007ff9a8700000 - 0x00007ff9a872d000 	C:\WINDOWS\SYSTEM32\WINMMBASE.dll
0x00007ff9b0a90000 - 0x00007ff9b0ada000 	C:\WINDOWS\System32\cfgmgr32.dll
0x00007ff9ac740000 - 0x00007ff9ac74f000 	C:\Program Files\Java\jre1.8.0_221\bin\verify.dll
0x00007ff9a1da0000 - 0x00007ff9a1dc9000 	C:\Program Files\Java\jre1.8.0_221\bin\java.dll
0x00007ff9a1d50000 - 0x00007ff9a1d66000 	C:\Program Files\Java\jre1.8.0_221\bin\zip.dll
0x00007ff9b2a30000 - 0x00007ff9b3f24000 	C:\WINDOWS\System32\SHELL32.dll
0x00007ff9b4710000 - 0x00007ff9b47b8000 	C:\WINDOWS\System32\shcore.dll
0x00007ff9b0f40000 - 0x00007ff9b168d000 	C:\WINDOWS\System32\windows.storage.dll
0x00007ff9b0880000 - 0x00007ff9b08a4000 	C:\WINDOWS\System32\profapi.dll
0x00007ff9b07e0000 - 0x00007ff9b083d000 	C:\WINDOWS\System32\powrprof.dll
0x00007ff9b2690000 - 0x00007ff9b26e2000 	C:\WINDOWS\System32\shlwapi.dll
0x00007ff9b0840000 - 0x00007ff9b0851000 	C:\WINDOWS\System32\kernel.appcore.dll
0x00007ff9b0ae0000 - 0x00007ff9b0af7000 	C:\WINDOWS\System32\cryptsp.dll
0x00007ff9a1e70000 - 0x00007ff9a1e7d000 	C:\Program Files\Java\jre1.8.0_221\bin\management.dll
0x00007ff9a1cf0000 - 0x00007ff9a1d0a000 	C:\Program Files\Java\jre1.8.0_221\bin\net.dll
0x00007ff9a3310000 - 0x00007ff9a34e7000 	C:\WINDOWS\SYSTEM32\urlmon.dll
0x00007ff9a23e0000 - 0x00007ff9a2688000 	C:\WINDOWS\SYSTEM32\iertutil.dll
0x00007ff9b0220000 - 0x00007ff9b022c000 	C:\WINDOWS\SYSTEM32\CRYPTBASE.DLL
0x00007ff9b0050000 - 0x00007ff9b00b7000 	C:\WINDOWS\system32\mswsock.dll
0x00007ff993fb0000 - 0x00007ff993fc6000 	C:\WINDOWS\system32\napinsp.dll
0x00007ff993f30000 - 0x00007ff993f4a000 	C:\WINDOWS\system32\pnrpnsp.dll
0x00007ff9afdb0000 - 0x00007ff9afe76000 	C:\WINDOWS\SYSTEM32\DNSAPI.dll
0x00007ff9b2270000 - 0x00007ff9b2278000 	C:\WINDOWS\System32\NSI.dll
0x00007ff9afd70000 - 0x00007ff9afdad000 	C:\WINDOWS\SYSTEM32\IPHLPAPI.DLL
0x00007ff993f20000 - 0x00007ff993f2e000 	C:\WINDOWS\System32\winrnr.dll
0x00007ff9ad2a0000 - 0x00007ff9ad2bb000 	C:\WINDOWS\system32\NLAapi.dll
0x00007ff9a9cf0000 - 0x00007ff9a9d05000 	C:\WINDOWS\system32\wshbth.dll
0x00007ff9a2f80000 - 0x00007ff9a2f8a000 	C:\Windows\System32\rasadhlp.dll
0x00007ff9a2ff0000 - 0x00007ff9a3069000 	C:\WINDOWS\System32\fwpuclnt.dll
0x00007ff9b19e0000 - 0x00007ff9b1a06000 	C:\WINDOWS\System32\bcrypt.dll
0x00007ff9a1c60000 - 0x00007ff9a1c72000 	C:\Program Files\Java\jre1.8.0_221\bin\nio.dll
0x0000000180000000 - 0x0000000180282000 	C:\Program Files\Apache\Tomcat-9.0.24\bin\tcnative-1.dll
0x00007ff9b08b0000 - 0x00007ff9b0a8c000 	C:\WINDOWS\System32\CRYPT32.dll
0x00007ff9b0860000 - 0x00007ff9b0872000 	C:\WINDOWS\System32\MSASN1.dll
0x00007ff9afbd0000 - 0x00007ff9afc03000 	C:\WINDOWS\system32\rsaenh.dll
0x00007ff9b06e0000 - 0x00007ff9b0708000 	C:\WINDOWS\SYSTEM32\USERENV.dll
0x00007ff9a8490000 - 0x00007ff9a84a6000 	C:\WINDOWS\SYSTEM32\dhcpcsvc6.DLL
0x00007ff9a8560000 - 0x00007ff9a857c000 	C:\WINDOWS\SYSTEM32\dhcpcsvc.DLL

VM Arguments:
jvm_args: -ea -Dfile.encoding=utf-8 
java_command: acme.Launcher --database:populate-sample
java_class_path (initial): C:\Users\Pablosky\git\DP1-S-D4\target\classes;C:\Users\Pablosky\.m2\repository\org\springframework\boot\spring-boot-starter-tomcat\2.1.7.RELEASE\spring-boot-starter-tomcat-2.1.7.RELEASE.jar;C:\Users\Pablosky\.m2\repository\javax\annotation\javax.annotation-api\1.3.2\javax.annotation-api-1.3.2.jar;C:\Users\Pablosky\.m2\repository\org\apache\tomcat\embed\tomcat-embed-core\9.0.22\tomcat-embed-core-9.0.22.jar;C:\Users\Pablosky\.m2\repository\org\apache\tomcat\embed\tomcat-embed-el\9.0.22\tomcat-embed-el-9.0.22.jar;C:\Users\Pablosky\.m2\repository\org\apache\tomcat\embed\tomcat-embed-websocket\9.0.22\tomcat-embed-websocket-9.0.22.jar;C:\Users\Pablosky\.m2\repository\org\apache\tomcat\embed\tomcat-embed-jasper\9.0.22\tomcat-embed-jasper-9.0.22.jar;C:\Users\Pablosky\.m2\repository\org\eclipse\jdt\ecj\3.18.0\ecj-3.18.0.jar;C:\Users\Pablosky\.m2\repository\javax\servlet\jstl\1.2\jstl-1.2.jar;C:\Users\Pablosky\.m2\repository\org\springframework\boot\spring-boot-starter-security\2.1.7.RELEASE\spring-boot-starter-security-2.1.7.RELEASE.jar;C:\Users\Pablosky\.m2\repository\org\springframework\boot\spring-boot-starter\2.1.7.RELEASE\spring-boot-starter-2.1.7.RELEASE.jar;C:\Users\Pablosky\.m2\repository\org\springframework\boot\spring-boot\2.1.7.RELEASE\spring-boot-2.1.7.RELEASE.jar;C:\Users\Pablosky\.m2\repository\org\springframework\boot\spring-boot-autoconfigure\2.1.7.RELEASE\spring-boot-autoconfigure-2.1.7.RELEASE.jar;C:\Users\Pablosky\.m2\repository\org\springframework\boot\spring-boot-starter-logging\2.1.7.RELEASE\spring-boot-starter-logging-2.1.7.RELEASE.jar;C:\Users\Pablosky\.m2\repository\ch\qos\logback\logback-classic\1.2.3\logback-classic-1.2.3.jar;C:\Users\Pablosky\.m2\repository\ch\qos\logback\logback-core\1.2.3\logback-core-1.2.3.jar;C:\Users\Pablosky\.m2\repository\org\apache\logging\log4j\log4j-to-slf4j\2.11.2\log4j-to-slf4j-2.11.2.jar;C:\Users\Pablosky\.m2\repository\org\apache\logging\log4j\log4j-api\2.11.2\log4j-api-2.11.2.jar;C:\User
Launcher Type: SUN_STANDARD

Environment Variables:
JAVA_HOME=C:\Program Files\Java\jdk1.8.0_201
JRE_HOME=C:\Program Files\Java\jre1.8.0_221
PATH=C:/Program Files/Java/jre1.8.0_221/bin/server;C:/Program Files/Java/jre1.8.0_221/bin;C:/Program Files/Java/jre1.8.0_221/lib/amd64;C:\Program Files\Apache\Maven-3.6.2\bin;C:\oraclexe\app\oracle\product\11.2.0\server\bin;C:\Program Files (x86)\Common Files\Oracle\Java\javapath;C:\Program Files (x86)\Intel\iCLS Client\;C:\Program Files\Intel\iCLS Client\;C:\WINDOWS\system32;C:\WINDOWS;C:\WINDOWS\System32\Wbem;C:\WINDOWS\System32\WindowsPowerShell\v1.0\;C:\WINDOWS\System32\OpenSSH\;C:\Program Files\TortoiseSVN\bin;C:\Program Files\Apache\Tomcat-9.0.24\bin;C:\Users\Pablosky\AppData\Local\Microsoft\WindowsApps;;C:\Users\Pablosky\AppData\Local\Programs\Microsoft VS Code\bin;C:\Program Files\Eclipse\Eclipse-2019-06\eclipse;
USERNAME=Pablosky
OS=Windows_NT
PROCESSOR_IDENTIFIER=Intel64 Family 6 Model 78 Stepping 3, GenuineIntel



---------------  S Y S T E M  ---------------

OS: Windows 10.0 , 64 bit Build 17763 (10.0.17763.475)

CPU:total 4 (initial active 4) (2 cores per cpu, 2 threads per core) family 6 model 78 stepping 3, cmov, cx8, fxsr, mmx, sse, sse2, sse3, ssse3, sse4.1, sse4.2, popcnt, avx, avx2, aes, clmul, erms, 3dnowpref, lzcnt, ht, tsc, tscinvbit, bmi1, bmi2, adx

Memory: 4k page, physical 8286144k(2574064k free), swap 9451908k(13744k free)

vm_info: Java HotSpot(TM) 64-Bit Server VM (25.221-b11) for windows-amd64 JRE (1.8.0_221-b11), built on Jul  4 2019 04:39:29 by "java_re" with MS VC++ 10.0 (VS2010)

time: Wed Aug 19 17:27:05 2020
timezone: Hora de verano romance
elapsed time: 11 seconds (0d 0h 0m 11s)

