#
# There is insufficient memory for the Java Runtime Environment to continue.
# Native memory allocation (malloc) failed to allocate 1034416 bytes for Chunk::new
# Possible reasons:
#   The system is out of physical RAM or swap space
#   The process is running with CompressedOops enabled, and the Java Heap may be blocking the growth of the native heap
# Possible solutions:
#   Reduce memory load on the system
#   Increase physical memory or swap space
#   Check if swap backing store is full
#   Decrease Java heap size (-Xmx/-Xms)
#   Decrease number of Java threads
#   Decrease Java thread stack sizes (-Xss)
#   Set larger code cache with -XX:ReservedCodeCacheSize=
#   JVM is running with Unscaled Compressed Oops mode in which the Java heap is
#     placed in the first 4GB address space. The Java Heap base address is the
#     maximum limit for the native heap growth. Please use -XX:HeapBaseMinAddress
#     to set the Java Heap base and to place the Java Heap above 4GB virtual address.
# This output file may be truncated or incomplete.
#
#  Out of Memory Error (allocation.cpp:389), pid=13492, tid=0x0000000000002a40
#
# JRE version: Java(TM) SE Runtime Environment (8.0_221-b11) (build 1.8.0_221-b11)
# Java VM: Java HotSpot(TM) 64-Bit Server VM (25.221-b11 mixed mode windows-amd64 compressed oops)
# Failed to write core dump. Minidumps are not enabled by default on client versions of Windows
#

---------------  T H R E A D  ---------------

Current thread (0x00000000176ec000):  JavaThread "C2 CompilerThread1" daemon [_thread_in_native, id=10816, stack(0x0000000018e10000,0x0000000018f10000)]

Stack: [0x0000000018e10000,0x0000000018f10000]
[error occurred during error reporting (printing stack bounds), id 0xc0000005]

Native frames: (J=compiled Java code, j=interpreted, Vv=VM code, C=native code)


Current CompileTask:
C2:  45260 4418   !   4       java.net.URL::<init> (543 bytes)


---------------  P R O C E S S  ---------------

Java Threads: ( => current thread )
  0x000000001c9f3000 JavaThread "HikariPool-1 connection adder" daemon [_thread_blocked, id=9620, stack(0x000000001f790000,0x000000001f890000)]
  0x000000001df7a000 JavaThread "HikariPool-1 housekeeper" daemon [_thread_blocked, id=9520, stack(0x000000001f690000,0x000000001f790000)]
  0x000000001c918000 JavaThread "mysql-cj-abandoned-connection-cleanup" daemon [_thread_blocked, id=12676, stack(0x000000001f290000,0x000000001f390000)]
  0x000000001c8b9000 JavaThread "container-0" [_thread_blocked, id=5812, stack(0x000000001ef90000,0x000000001f090000)]
  0x000000001c5e1000 JavaThread "Catalina-utility-2" [_thread_blocked, id=2884, stack(0x000000001d630000,0x000000001d730000)]
  0x000000001ceaa000 JavaThread "Catalina-utility-1" [_thread_blocked, id=11876, stack(0x000000001d270000,0x000000001d370000)]
  0x0000000018f24800 JavaThread "Service Thread" daemon [_thread_blocked, id=5920, stack(0x0000000019410000,0x0000000019510000)]
  0x0000000018f20800 JavaThread "C1 CompilerThread2" daemon [_thread_blocked, id=13972, stack(0x0000000019310000,0x0000000019410000)]
=>0x00000000176ec000 JavaThread "C2 CompilerThread1" daemon [_thread_in_native, id=10816, stack(0x0000000018e10000,0x0000000018f10000)]
  0x0000000017694800 JavaThread "C2 CompilerThread0" daemon [_thread_in_vm, id=2688, stack(0x0000000018d10000,0x0000000018e10000)]
  0x0000000017693000 JavaThread "Attach Listener" daemon [_thread_blocked, id=9336, stack(0x0000000018c10000,0x0000000018d10000)]
  0x0000000017692000 JavaThread "Signal Dispatcher" daemon [_thread_blocked, id=13176, stack(0x0000000018b10000,0x0000000018c10000)]
  0x0000000017680000 JavaThread "Finalizer" daemon [_thread_blocked, id=6592, stack(0x00000000188f0000,0x00000000189f0000)]
  0x0000000002b34800 JavaThread "Reference Handler" daemon [_thread_blocked, id=8644, stack(0x00000000187f0000,0x00000000188f0000)]
  0x0000000002a46000 JavaThread "main" [_thread_in_vm, id=9228, stack(0x0000000002940000,0x0000000002a40000)]

Other Threads:
  0x0000000017658800 VMThread [stack: 0x00000000186f0000,0x00000000187f0000] [id=8916]
  0x0000000018f8c000 WatcherThread [stack: 0x0000000019510000,0x0000000019610000] [id=7348]

VM state:not at safepoint (normal execution)

VM Mutex/Monitor currently owned by a thread:  ([mutex/lock_event])
[0x0000000002788840] Patching_lock - owner thread: 0x0000000002a46000
[0x0000000002a449e0] CompiledIC_lock - owner thread: 0x0000000002a46000

heap address: 0x0000000081800000, size: 2024 MB, Compressed Oops mode: 32-bit
Narrow klass base: 0x0000000000000000, Narrow klass shift: 3
Compressed class space size: 1073741824 Address: 0x0000000100000000

Heap:
 PSYoungGen      total 186880K, used 117038K [0x00000000d5d80000, 0x00000000e4180000, 0x0000000100000000)
  eden space 173056K, 67% used [0x00000000d5d80000,0x00000000dcfcb890,0x00000000e0680000)
  from space 13824K, 0% used [0x00000000e1480000,0x00000000e1480000,0x00000000e2200000)
  to   space 14336K, 0% used [0x00000000e0680000,0x00000000e0680000,0x00000000e1480000)
 ParOldGen       total 69120K, used 15736K [0x0000000081800000, 0x0000000085b80000, 0x00000000d5d80000)
  object space 69120K, 22% used [0x0000000081800000,0x000000008275e000,0x0000000085b80000)
 Metaspace       used 42940K, capacity 44658K, committed 45096K, reserved 1087488K
  class space    used 5740K, capacity 6076K, committed 6184K, reserved 1048576K

Card table byte_map: [0x0000000011f00000,0x0000000012300000] byte_map_base: 0x0000000011af4000

Marking Bits: (ParMarkBitMap*) 0x0000000065195ce0
 Begin Bits: [0x00000000129b0000, 0x0000000014950000)
 End Bits:   [0x0000000014950000, 0x00000000168f0000)

Polling page: 0x0000000000b40000

CodeCache: size=245760Kb used=14298Kb max_used=14298Kb free=231461Kb
 bounds [0x0000000002b40000, 0x0000000003950000, 0x0000000011b40000]
 total_blobs=4299 nmethods=3836 adapters=375
 compilation: enabled

Compilation events (10 events):
Event: 45.174 Thread 0x0000000017694800 nmethod 4468 0x000000000300c890 code [0x000000000300c9e0, 0x000000000300cad8]
Event: 45.177 Thread 0x0000000018f20800 4469       1       org.hibernate.boot.archive.internal.ExplodedArchiveDescriptor$1::getNameWithinArchive (5 bytes)
Event: 45.177 Thread 0x0000000018f20800 nmethod 4469 0x0000000003147590 code [0x00000000031476e0, 0x00000000031477f0]
Event: 45.180 Thread 0x0000000018f20800 4470       1       javassist.bytecode.ClassFile::getName (5 bytes)
Event: 45.180 Thread 0x0000000018f20800 nmethod 4470 0x0000000003588750 code [0x00000000035888a0, 0x00000000035889b0]
Event: 45.180 Thread 0x0000000018f20800 4471       1       org.hibernate.boot.archive.scan.internal.ClassDescriptorImpl::getCategorization (5 bytes)
Event: 45.181 Thread 0x0000000018f20800 nmethod 4471 0x000000000300c5d0 code [0x000000000300c720, 0x000000000300c830]
Event: 45.196 Thread 0x0000000017694800 4472       4       java.io.DataInputStream::readInt (72 bytes)
Event: 45.222 Thread 0x0000000018f20800 4473  s    3       javassist.bytecode.AttributeInfo::remove (60 bytes)
Event: 45.224 Thread 0x0000000018f20800 nmethod 4473 0x0000000003939990 code [0x0000000003939ba0, 0x000000000393a998]

GC Heap History (10 events):
Event: 17.748 GC heap before
{Heap before GC invocations=6 (full 1):
 PSYoungGen      total 71680K, used 66515K [0x00000000d5d80000, 0x00000000da880000, 0x0000000100000000)
  eden space 66560K, 99% used [0x00000000d5d80000,0x00000000d9e74c50,0x00000000d9e80000)
  from space 5120K, 0% used [0x00000000da380000,0x00000000da380000,0x00000000da880000)
  to   space 5120K, 0% used [0x00000000d9e80000,0x00000000d9e80000,0x00000000da380000)
 ParOldGen       total 51712K, used 5308K [0x0000000081800000, 0x0000000084a80000, 0x00000000d5d80000)
  object space 51712K, 10% used [0x0000000081800000,0x0000000081d2f128,0x0000000084a80000)
 Metaspace       used 23178K, capacity 23854K, committed 24240K, reserved 1071104K
  class space    used 2986K, capacity 3160K, committed 3248K, reserved 1048576K
Event: 17.770 GC heap after
Heap after GC invocations=6 (full 1):
 PSYoungGen      total 71680K, used 4258K [0x00000000d5d80000, 0x00000000ddd00000, 0x0000000100000000)
  eden space 66560K, 0% used [0x00000000d5d80000,0x00000000d5d80000,0x00000000d9e80000)
  from space 5120K, 83% used [0x00000000d9e80000,0x00000000da2a8800,0x00000000da380000)
  to   space 9216K, 0% used [0x00000000dd400000,0x00000000dd400000,0x00000000ddd00000)
 ParOldGen       total 51712K, used 5316K [0x0000000081800000, 0x0000000084a80000, 0x00000000d5d80000)
  object space 51712K, 10% used [0x0000000081800000,0x0000000081d31128,0x0000000084a80000)
 Metaspace       used 23178K, capacity 23854K, committed 24240K, reserved 1071104K
  class space    used 2986K, capacity 3160K, committed 3248K, reserved 1048576K
}
Event: 24.760 GC heap before
{Heap before GC invocations=7 (full 1):
 PSYoungGen      total 71680K, used 70818K [0x00000000d5d80000, 0x00000000ddd00000, 0x0000000100000000)
  eden space 66560K, 100% used [0x00000000d5d80000,0x00000000d9e80000,0x00000000d9e80000)
  from space 5120K, 83% used [0x00000000d9e80000,0x00000000da2a8800,0x00000000da380000)
  to   space 9216K, 0% used [0x00000000dd400000,0x00000000dd400000,0x00000000ddd00000)
 ParOldGen       total 51712K, used 5316K [0x0000000081800000, 0x0000000084a80000, 0x00000000d5d80000)
  object space 51712K, 10% used [0x0000000081800000,0x0000000081d31128,0x0000000084a80000)
 Metaspace       used 26729K, capacity 27714K, committed 27824K, reserved 1073152K
  class space    used 3486K, capacity 3710K, committed 3760K, reserved 1048576K
Event: 24.815 GC heap after
Heap after GC invocations=7 (full 1):
 PSYoungGen      total 118272K, used 8918K [0x00000000d5d80000, 0x00000000ddd00000, 0x0000000100000000)
  eden space 109056K, 0% used [0x00000000d5d80000,0x00000000d5d80000,0x00000000dc800000)
  from space 9216K, 96% used [0x00000000dd400000,0x00000000ddcb5b38,0x00000000ddd00000)
  to   space 10240K, 0% used [0x00000000dc900000,0x00000000dc900000,0x00000000dd300000)
 ParOldGen       total 51712K, used 5324K [0x0000000081800000, 0x0000000084a80000, 0x00000000d5d80000)
  object space 51712K, 10% used [0x0000000081800000,0x0000000081d33128,0x0000000084a80000)
 Metaspace       used 26729K, capacity 27714K, committed 27824K, reserved 1073152K
  class space    used 3486K, capacity 3710K, committed 3760K, reserved 1048576K
}
Event: 34.078 GC heap before
{Heap before GC invocations=8 (full 1):
 PSYoungGen      total 118272K, used 117964K [0x00000000d5d80000, 0x00000000ddd00000, 0x0000000100000000)
  eden space 109056K, 99% used [0x00000000d5d80000,0x00000000dc7fd518,0x00000000dc800000)
  from space 9216K, 96% used [0x00000000dd400000,0x00000000ddcb5b38,0x00000000ddd00000)
  to   space 10240K, 0% used [0x00000000dc900000,0x00000000dc900000,0x00000000dd300000)
 ParOldGen       total 51712K, used 5324K [0x0000000081800000, 0x0000000084a80000, 0x00000000d5d80000)
  object space 51712K, 10% used [0x0000000081800000,0x0000000081d33128,0x0000000084a80000)
 Metaspace       used 33416K, capacity 35004K, committed 35120K, reserved 1079296K
  class space    used 4335K, capacity 4649K, committed 4656K, reserved 1048576K
Event: 34.142 GC heap after
Heap after GC invocations=8 (full 1):
 PSYoungGen      total 120320K, used 10230K [0x00000000d5d80000, 0x00000000e2200000, 0x0000000100000000)
  eden space 110080K, 0% used [0x00000000d5d80000,0x00000000d5d80000,0x00000000dc900000)
  from space 10240K, 99% used [0x00000000dc900000,0x00000000dd2fd8e0,0x00000000dd300000)
  to   space 13824K, 0% used [0x00000000e1480000,0x00000000e1480000,0x00000000e2200000)
 ParOldGen       total 51712K, used 9451K [0x0000000081800000, 0x0000000084a80000, 0x00000000d5d80000)
  object space 51712K, 18% used [0x0000000081800000,0x000000008213ae88,0x0000000084a80000)
 Metaspace       used 33416K, capacity 35004K, committed 35120K, reserved 1079296K
  class space    used 4335K, capacity 4649K, committed 4656K, reserved 1048576K
}
Event: 34.568 GC heap before
{Heap before GC invocations=9 (full 1):
 PSYoungGen      total 120320K, used 15921K [0x00000000d5d80000, 0x00000000e2200000, 0x0000000100000000)
  eden space 110080K, 5% used [0x00000000d5d80000,0x00000000d630eef8,0x00000000dc900000)
  from space 10240K, 99% used [0x00000000dc900000,0x00000000dd2fd8e0,0x00000000dd300000)
  to   space 13824K, 0% used [0x00000000e1480000,0x00000000e1480000,0x00000000e2200000)
 ParOldGen       total 51712K, used 9451K [0x0000000081800000, 0x0000000084a80000, 0x00000000d5d80000)
  object space 51712K, 18% used [0x0000000081800000,0x000000008213ae88,0x0000000084a80000)
 Metaspace       used 33839K, capacity 35356K, committed 35496K, reserved 1079296K
  class space    used 4380K, capacity 4681K, committed 4776K, reserved 1048576K
Event: 34.700 GC heap after
Heap after GC invocations=9 (full 1):
 PSYoungGen      total 186880K, used 10916K [0x00000000d5d80000, 0x00000000e4180000, 0x0000000100000000)
  eden space 173056K, 0% used [0x00000000d5d80000,0x00000000d5d80000,0x00000000e0680000)
  from space 13824K, 78% used [0x00000000e1480000,0x00000000e1f29120,0x00000000e2200000)
  to   space 14336K, 0% used [0x00000000e0680000,0x00000000e0680000,0x00000000e1480000)
 ParOldGen       total 51712K, used 9459K [0x0000000081800000, 0x0000000084a80000, 0x00000000d5d80000)
  object space 51712K, 18% used [0x0000000081800000,0x000000008213ce88,0x0000000084a80000)
 Metaspace       used 33839K, capacity 35356K, committed 35496K, reserved 1079296K
  class space    used 4380K, capacity 4681K, committed 4776K, reserved 1048576K
}
Event: 34.700 GC heap before
{Heap before GC invocations=10 (full 2):
 PSYoungGen      total 186880K, used 10916K [0x00000000d5d80000, 0x00000000e4180000, 0x0000000100000000)
  eden space 173056K, 0% used [0x00000000d5d80000,0x00000000d5d80000,0x00000000e0680000)
  from space 13824K, 78% used [0x00000000e1480000,0x00000000e1f29120,0x00000000e2200000)
  to   space 14336K, 0% used [0x00000000e0680000,0x00000000e0680000,0x00000000e1480000)
 ParOldGen       total 51712K, used 9459K [0x0000000081800000, 0x0000000084a80000, 0x00000000d5d80000)
  object space 51712K, 18% used [0x0000000081800000,0x000000008213ce88,0x0000000084a80000)
 Metaspace       used 33839K, capacity 35356K, committed 35496K, reserved 1079296K
  class space    used 4380K, capacity 4681K, committed 4776K, reserved 1048576K
Event: 34.968 GC heap after
Heap after GC invocations=10 (full 2):
 PSYoungGen      total 186880K, used 0K [0x00000000d5d80000, 0x00000000e4180000, 0x0000000100000000)
  eden space 173056K, 0% used [0x00000000d5d80000,0x00000000d5d80000,0x00000000e0680000)
  from space 13824K, 0% used [0x00000000e1480000,0x00000000e1480000,0x00000000e2200000)
  to   space 14336K, 0% used [0x00000000e0680000,0x00000000e0680000,0x00000000e1480000)
 ParOldGen       total 69120K, used 15736K [0x0000000081800000, 0x0000000085b80000, 0x00000000d5d80000)
  object space 69120K, 22% used [0x0000000081800000,0x000000008275e000,0x0000000085b80000)
 Metaspace       used 33839K, capacity 35356K, committed 35496K, reserved 1079296K
  class space    used 4380K, capacity 4681K, committed 4776K, reserved 1048576K
}

Deoptimization events (10 events):
Event: 40.692 Thread 0x0000000002a46000 Uncommon trap: reason=class_check action=maybe_recompile pc=0x00000000038fa1e4 method=java.util.Properties$LineReader.readLine()I @ 410
Event: 40.693 Thread 0x0000000002a46000 Uncommon trap: reason=class_check action=maybe_recompile pc=0x00000000038fa160 method=java.util.Properties$LineReader.readLine()I @ 62
Event: 40.836 Thread 0x0000000002a46000 Uncommon trap: reason=unstable_if action=reinterpret pc=0x000000000330a614 method=sun.misc.ASCIICaseInsensitiveComparator.compare(Ljava/lang/String;Ljava/lang/String;)I @ 83
Event: 41.089 Thread 0x0000000002a46000 Uncommon trap: reason=null_check action=make_not_entrant pc=0x00000000038e63f0 method=org.springframework.core.annotation.AnnotatedElementUtils.searchWithFindSemantics(Ljava/lang/reflect/AnnotatedElement;Ljava/util/Set;Ljava/lang/String;Ljava/lang/Class;L
Event: 43.587 Thread 0x0000000002a46000 Uncommon trap: reason=class_check action=maybe_recompile pc=0x00000000035f7714 method=java.util.AbstractList$Itr.hasNext()Z @ 8
Event: 43.587 Thread 0x0000000002a46000 Uncommon trap: reason=class_check action=maybe_recompile pc=0x0000000002d34304 method=java.util.AbstractList$Itr.next()Ljava/lang/Object; @ 14
Event: 43.598 Thread 0x0000000002a46000 Uncommon trap: reason=class_check action=maybe_recompile pc=0x00000000035f7714 method=java.util.AbstractList$Itr.hasNext()Z @ 8
Event: 43.598 Thread 0x0000000002a46000 Uncommon trap: reason=class_check action=maybe_recompile pc=0x0000000002d34304 method=java.util.AbstractList$Itr.next()Ljava/lang/Object; @ 14
Event: 43.968 Thread 0x0000000002a46000 Uncommon trap: reason=unstable_if action=reinterpret pc=0x000000000309467c method=java.lang.ClassLoader.getClassLoadingLock(Ljava/lang/String;)Ljava/lang/Object; @ 6
Event: 45.251 Thread 0x0000000002a46000 Uncommon trap: reason=unloaded action=reinterpret pc=0x000000000393bed4 method=javassist.bytecode.ConstPool.readOne(Ljava/io/DataInputStream;)I @ 308

Classes redefined (0 events):
No events

Internal exceptions (10 events):
Event: 38.644 Thread 0x0000000002a46000 Exception <a 'java/lang/NullPointerException'> (0x00000000d75d59a8) thrown at [C:\re\workspace\8-2-build-windows-amd64-cygwin\jdk8u221\13320\hotspot\src\share\vm\runtime\sharedRuntime.cpp, line 605]
Event: 38.644 Thread 0x0000000002a46000 Implicit null exception at 0x000000000330828d to 0x00000000033087fc
Event: 38.645 Thread 0x0000000002a46000 Exception <a 'java/lang/NullPointerException'> (0x00000000d75d6758) thrown at [C:\re\workspace\8-2-build-windows-amd64-cygwin\jdk8u221\13320\hotspot\src\share\vm\runtime\sharedRuntime.cpp, line 605]
Event: 38.645 Thread 0x0000000002a46000 Implicit null exception at 0x000000000330828d to 0x00000000033087fc
Event: 38.645 Thread 0x0000000002a46000 Exception <a 'java/lang/NullPointerException'> (0x00000000d75d7508) thrown at [C:\re\workspace\8-2-build-windows-amd64-cygwin\jdk8u221\13320\hotspot\src\share\vm\runtime\sharedRuntime.cpp, line 605]
Event: 38.646 Thread 0x0000000002a46000 Implicit null exception at 0x000000000330828d to 0x00000000033087fc
Event: 38.646 Thread 0x0000000002a46000 Exception <a 'java/lang/NullPointerException'> (0x00000000d75d8ad0) thrown at [C:\re\workspace\8-2-build-windows-amd64-cygwin\jdk8u221\13320\hotspot\src\share\vm\runtime\sharedRuntime.cpp, line 605]
Event: 38.647 Thread 0x0000000002a46000 Implicit null exception at 0x000000000330828d to 0x00000000033087fc
Event: 38.647 Thread 0x0000000002a46000 Exception <a 'java/lang/NullPointerException'> (0x00000000d75d9888) thrown at [C:\re\workspace\8-2-build-windows-amd64-cygwin\jdk8u221\13320\hotspot\src\share\vm\runtime\sharedRuntime.cpp, line 605]
Event: 41.089 Thread 0x0000000002a46000 Implicit null exception at 0x00000000038de078 to 0x00000000038e63b1

Events (10 events):
Event: 44.737 loading class javassist/bytecode/annotation/NoSuchClassError done
Event: 44.739 loading class javassist/bytecode/annotation/Annotation$Pair
Event: 44.739 loading class javassist/bytecode/annotation/Annotation$Pair done
Event: 44.742 loading class javassist/bytecode/StackMapTable$RuntimeCopyException
Event: 44.742 loading class javassist/bytecode/StackMapTable$RuntimeCopyException done
Event: 45.238 loading class javassist/bytecode/ExceptionTableEntry
Event: 45.238 loading class javassist/bytecode/ExceptionTableEntry done
Event: 45.251 Thread 0x0000000002a46000 Uncommon trap: trap_request=0x0000000e fr.pc=0x000000000393bed4
Event: 45.251 Thread 0x0000000002a46000 DEOPT PACKING pc=0x000000000393bed4 sp=0x0000000002a3db00
Event: 45.251 Thread 0x0000000002a46000 DEOPT UNPACKING pc=0x0000000002b8583b sp=0x0000000002a3dae0 mode 2


Dynamic libraries:
0x00007ff652470000 - 0x00007ff6524a7000 	C:\Program Files\Java\jre1.8.0_221\bin\javaw.exe
0x00007ff9b47f0000 - 0x00007ff9b49dd000 	C:\WINDOWS\SYSTEM32\ntdll.dll
0x00007ff9b1a10000 - 0x00007ff9b1ac3000 	C:\WINDOWS\System32\KERNEL32.DLL
0x00007ff9b0ca0000 - 0x00007ff9b0f33000 	C:\WINDOWS\System32\KERNELBASE.dll
0x00007ff9b2820000 - 0x00007ff9b28c3000 	C:\WINDOWS\System32\ADVAPI32.dll
0x00007ff9b2300000 - 0x00007ff9b239e000 	C:\WINDOWS\System32\msvcrt.dll
0x00007ff9b1ad0000 - 0x00007ff9b1b6e000 	C:\WINDOWS\System32\sechost.dll
0x00007ff9b26f0000 - 0x00007ff9b2812000 	C:\WINDOWS\System32\RPCRT4.dll
0x00007ff9b20d0000 - 0x00007ff9b2267000 	C:\WINDOWS\System32\USER32.dll
0x00007ff9b16f0000 - 0x00007ff9b1710000 	C:\WINDOWS\System32\win32u.dll
0x00007ff9b2600000 - 0x00007ff9b2629000 	C:\WINDOWS\System32\GDI32.dll
0x00007ff9b17c0000 - 0x00007ff9b1959000 	C:\WINDOWS\System32\gdi32full.dll
0x00007ff9b0c00000 - 0x00007ff9b0ca0000 	C:\WINDOWS\System32\msvcp_win.dll
0x00007ff9b0b00000 - 0x00007ff9b0bfa000 	C:\WINDOWS\System32\ucrtbase.dll
0x00007ff99ef40000 - 0x00007ff99f1b9000 	C:\WINDOWS\WinSxS\amd64_microsoft.windows.common-controls_6595b64144ccf1df_6.0.17763.973_none_05b245900721eb81\COMCTL32.dll
0x00007ff9b1b70000 - 0x00007ff9b1e9c000 	C:\WINDOWS\System32\combase.dll
0x00007ff9b1960000 - 0x00007ff9b19de000 	C:\WINDOWS\System32\bcryptPrimitives.dll
0x00007ff9b40a0000 - 0x00007ff9b40ce000 	C:\WINDOWS\System32\IMM32.DLL
0x00000000642f0000 - 0x00000000643c2000 	C:\Program Files\Java\jre1.8.0_221\bin\msvcr100.dll
0x0000000064970000 - 0x0000000065215000 	C:\Program Files\Java\jre1.8.0_221\bin\server\jvm.dll
0x00007ff9b4700000 - 0x00007ff9b4708000 	C:\WINDOWS\System32\PSAPI.DLL
0x00007ff9a1df0000 - 0x00007ff9a1df9000 	C:\WINDOWS\SYSTEM32\WSOCK32.dll
0x00007ff9b23a0000 - 0x00007ff9b240d000 	C:\WINDOWS\System32\WS2_32.dll
0x00007ff9a8730000 - 0x00007ff9a8754000 	C:\WINDOWS\SYSTEM32\WINMM.dll
0x00007ff9ab430000 - 0x00007ff9ab43a000 	C:\WINDOWS\SYSTEM32\VERSION.dll
0x00007ff9a8700000 - 0x00007ff9a872d000 	C:\WINDOWS\SYSTEM32\WINMMBASE.dll
0x00007ff9b0a90000 - 0x00007ff9b0ada000 	C:\WINDOWS\System32\cfgmgr32.dll
0x00007ff9ac740000 - 0x00007ff9ac74f000 	C:\Program Files\Java\jre1.8.0_221\bin\verify.dll
0x00007ff9a1da0000 - 0x00007ff9a1dc9000 	C:\Program Files\Java\jre1.8.0_221\bin\java.dll
0x00007ff9a1d50000 - 0x00007ff9a1d66000 	C:\Program Files\Java\jre1.8.0_221\bin\zip.dll
0x00007ff9b2a30000 - 0x00007ff9b3f24000 	C:\WINDOWS\System32\SHELL32.dll
0x00007ff9b4710000 - 0x00007ff9b47b8000 	C:\WINDOWS\System32\shcore.dll
0x00007ff9b0f40000 - 0x00007ff9b168d000 	C:\WINDOWS\System32\windows.storage.dll
0x00007ff9b0880000 - 0x00007ff9b08a4000 	C:\WINDOWS\System32\profapi.dll
0x00007ff9b07e0000 - 0x00007ff9b083d000 	C:\WINDOWS\System32\powrprof.dll
0x00007ff9b2690000 - 0x00007ff9b26e2000 	C:\WINDOWS\System32\shlwapi.dll
0x00007ff9b0840000 - 0x00007ff9b0851000 	C:\WINDOWS\System32\kernel.appcore.dll
0x00007ff9b0ae0000 - 0x00007ff9b0af7000 	C:\WINDOWS\System32\cryptsp.dll
0x00007ff9a1e70000 - 0x00007ff9a1e7d000 	C:\Program Files\Java\jre1.8.0_221\bin\management.dll
0x00007ff9a1cf0000 - 0x00007ff9a1d0a000 	C:\Program Files\Java\jre1.8.0_221\bin\net.dll
0x00007ff9a3310000 - 0x00007ff9a34e7000 	C:\WINDOWS\SYSTEM32\urlmon.dll
0x00007ff9a23e0000 - 0x00007ff9a2688000 	C:\WINDOWS\SYSTEM32\iertutil.dll
0x00007ff9b0220000 - 0x00007ff9b022c000 	C:\WINDOWS\SYSTEM32\CRYPTBASE.DLL
0x00007ff9b0050000 - 0x00007ff9b00b7000 	C:\WINDOWS\system32\mswsock.dll
0x00007ff993fb0000 - 0x00007ff993fc6000 	C:\WINDOWS\system32\napinsp.dll
0x00007ff993f30000 - 0x00007ff993f4a000 	C:\WINDOWS\system32\pnrpnsp.dll
0x00007ff9afdb0000 - 0x00007ff9afe76000 	C:\WINDOWS\SYSTEM32\DNSAPI.dll
0x00007ff9b2270000 - 0x00007ff9b2278000 	C:\WINDOWS\System32\NSI.dll
0x00007ff9afd70000 - 0x00007ff9afdad000 	C:\WINDOWS\SYSTEM32\IPHLPAPI.DLL
0x00007ff993f20000 - 0x00007ff993f2e000 	C:\WINDOWS\System32\winrnr.dll
0x00007ff9ad2a0000 - 0x00007ff9ad2bb000 	C:\WINDOWS\system32\NLAapi.dll
0x00007ff9a9cf0000 - 0x00007ff9a9d05000 	C:\WINDOWS\system32\wshbth.dll
0x00007ff9a2f80000 - 0x00007ff9a2f8a000 	C:\Windows\System32\rasadhlp.dll
0x00007ff9a2ff0000 - 0x00007ff9a3069000 	C:\WINDOWS\System32\fwpuclnt.dll
0x00007ff9b19e0000 - 0x00007ff9b1a06000 	C:\WINDOWS\System32\bcrypt.dll
0x00007ff9a1c60000 - 0x00007ff9a1c72000 	C:\Program Files\Java\jre1.8.0_221\bin\nio.dll
0x0000000180000000 - 0x0000000180282000 	C:\Program Files\Apache\Tomcat-9.0.24\bin\tcnative-1.dll
0x00007ff9b08b0000 - 0x00007ff9b0a8c000 	C:\WINDOWS\System32\CRYPT32.dll
0x00007ff9b0860000 - 0x00007ff9b0872000 	C:\WINDOWS\System32\MSASN1.dll
0x00007ff9afbd0000 - 0x00007ff9afc03000 	C:\WINDOWS\system32\rsaenh.dll
0x00007ff9b06e0000 - 0x00007ff9b0708000 	C:\WINDOWS\SYSTEM32\USERENV.dll
0x00007ff9a8490000 - 0x00007ff9a84a6000 	C:\WINDOWS\SYSTEM32\dhcpcsvc6.DLL
0x00007ff9a8560000 - 0x00007ff9a857c000 	C:\WINDOWS\SYSTEM32\dhcpcsvc.DLL

VM Arguments:
jvm_args: -ea -Dfile.encoding=utf-8 
java_command: acme.Launcher --database:populate-sample
java_class_path (initial): C:\Users\Pablosky\git\DP1-S-D4\target\classes;C:\Users\Pablosky\.m2\repository\org\springframework\boot\spring-boot-starter-tomcat\2.1.7.RELEASE\spring-boot-starter-tomcat-2.1.7.RELEASE.jar;C:\Users\Pablosky\.m2\repository\javax\annotation\javax.annotation-api\1.3.2\javax.annotation-api-1.3.2.jar;C:\Users\Pablosky\.m2\repository\org\apache\tomcat\embed\tomcat-embed-core\9.0.22\tomcat-embed-core-9.0.22.jar;C:\Users\Pablosky\.m2\repository\org\apache\tomcat\embed\tomcat-embed-el\9.0.22\tomcat-embed-el-9.0.22.jar;C:\Users\Pablosky\.m2\repository\org\apache\tomcat\embed\tomcat-embed-websocket\9.0.22\tomcat-embed-websocket-9.0.22.jar;C:\Users\Pablosky\.m2\repository\org\apache\tomcat\embed\tomcat-embed-jasper\9.0.22\tomcat-embed-jasper-9.0.22.jar;C:\Users\Pablosky\.m2\repository\org\eclipse\jdt\ecj\3.18.0\ecj-3.18.0.jar;C:\Users\Pablosky\.m2\repository\javax\servlet\jstl\1.2\jstl-1.2.jar;C:\Users\Pablosky\.m2\repository\org\springframework\boot\spring-boot-starter-security\2.1.7.RELEASE\spring-boot-starter-security-2.1.7.RELEASE.jar;C:\Users\Pablosky\.m2\repository\org\springframework\boot\spring-boot-starter\2.1.7.RELEASE\spring-boot-starter-2.1.7.RELEASE.jar;C:\Users\Pablosky\.m2\repository\org\springframework\boot\spring-boot\2.1.7.RELEASE\spring-boot-2.1.7.RELEASE.jar;C:\Users\Pablosky\.m2\repository\org\springframework\boot\spring-boot-autoconfigure\2.1.7.RELEASE\spring-boot-autoconfigure-2.1.7.RELEASE.jar;C:\Users\Pablosky\.m2\repository\org\springframework\boot\spring-boot-starter-logging\2.1.7.RELEASE\spring-boot-starter-logging-2.1.7.RELEASE.jar;C:\Users\Pablosky\.m2\repository\ch\qos\logback\logback-classic\1.2.3\logback-classic-1.2.3.jar;C:\Users\Pablosky\.m2\repository\ch\qos\logback\logback-core\1.2.3\logback-core-1.2.3.jar;C:\Users\Pablosky\.m2\repository\org\apache\logging\log4j\log4j-to-slf4j\2.11.2\log4j-to-slf4j-2.11.2.jar;C:\Users\Pablosky\.m2\repository\org\apache\logging\log4j\log4j-api\2.11.2\log4j-api-2.11.2.jar;C:\User
Launcher Type: SUN_STANDARD

Environment Variables:
JAVA_HOME=C:\Program Files\Java\jdk1.8.0_201
JRE_HOME=C:\Program Files\Java\jre1.8.0_221
PATH=C:/Program Files/Java/jre1.8.0_221/bin/server;C:/Program Files/Java/jre1.8.0_221/bin;C:/Program Files/Java/jre1.8.0_221/lib/amd64;C:\Program Files\Apache\Maven-3.6.2\bin;C:\oraclexe\app\oracle\product\11.2.0\server\bin;C:\Program Files (x86)\Common Files\Oracle\Java\javapath;C:\Program Files (x86)\Intel\iCLS Client\;C:\Program Files\Intel\iCLS Client\;C:\WINDOWS\system32;C:\WINDOWS;C:\WINDOWS\System32\Wbem;C:\WINDOWS\System32\WindowsPowerShell\v1.0\;C:\WINDOWS\System32\OpenSSH\;C:\Program Files\TortoiseSVN\bin;C:\Program Files\Apache\Tomcat-9.0.24\bin;C:\Users\Pablosky\AppData\Local\Microsoft\WindowsApps;;C:\Users\Pablosky\AppData\Local\Programs\Microsoft VS Code\bin;C:\Program Files\Eclipse\Eclipse-2019-06\eclipse;
USERNAME=Pablosky
OS=Windows_NT
PROCESSOR_IDENTIFIER=Intel64 Family 6 Model 78 Stepping 3, GenuineIntel



---------------  S Y S T E M  ---------------

OS: Windows 10.0 , 64 bit Build 17763 (10.0.17763.475)

CPU:total 4 (initial active 4) (2 cores per cpu, 2 threads per core) family 6 model 78 stepping 3, cmov, cx8, fxsr, mmx, sse, sse2, sse3, ssse3, sse4.1, sse4.2, popcnt, avx, avx2, aes, clmul, erms, 3dnowpref, lzcnt, ht, tsc, tscinvbit, bmi1, bmi2, adx

Memory: 4k page, physical 8286144k(2836244k free), swap 9451908k(2528k free)

vm_info: Java HotSpot(TM) 64-Bit Server VM (25.221-b11) for windows-amd64 JRE (1.8.0_221-b11), built on Jul  4 2019 04:39:29 by "java_re" with MS VC++ 10.0 (VS2010)

time: Wed Aug 19 17:29:37 2020
timezone: Hora de verano romance
elapsed time: 45 seconds (0d 0h 0m 45s)

