#
# There is insufficient memory for the Java Runtime Environment to continue.
# Native memory allocation (malloc) failed to allocate 896576 bytes for Chunk::new
# Possible reasons:
#   The system is out of physical RAM or swap space
#   The process is running with CompressedOops enabled, and the Java Heap may be blocking the growth of the native heap
# Possible solutions:
#   Reduce memory load on the system
#   Increase physical memory or swap space
#   Check if swap backing store is full
#   Decrease Java heap size (-Xmx/-Xms)
#   Decrease number of Java threads
#   Decrease Java thread stack sizes (-Xss)
#   Set larger code cache with -XX:ReservedCodeCacheSize=
#   JVM is running with Unscaled Compressed Oops mode in which the Java heap is
#     placed in the first 4GB address space. The Java Heap base address is the
#     maximum limit for the native heap growth. Please use -XX:HeapBaseMinAddress
#     to set the Java Heap base and to place the Java Heap above 4GB virtual address.
# This output file may be truncated or incomplete.
#
#  Out of Memory Error (allocation.cpp:389), pid=1856, tid=0x0000000000002a44
#
# JRE version: Java(TM) SE Runtime Environment (8.0_221-b11) (build 1.8.0_221-b11)
# Java VM: Java HotSpot(TM) 64-Bit Server VM (25.221-b11 mixed mode windows-amd64 compressed oops)
# Failed to write core dump. Minidumps are not enabled by default on client versions of Windows
#

---------------  T H R E A D  ---------------

Current thread (0x00000000178f2800):  JavaThread "C2 CompilerThread0" daemon [_thread_in_native, id=10820, stack(0x0000000018f60000,0x0000000019060000)]

Stack: [0x0000000018f60000,0x0000000019060000]
[error occurred during error reporting (printing stack bounds), id 0xc0000005]

Native frames: (J=compiled Java code, j=interpreted, Vv=VM code, C=native code)


Current CompileTask:
C2:  45063 4447   !   4       java.net.URL::<init> (543 bytes)


---------------  P R O C E S S  ---------------

Java Threads: ( => current thread )
  0x000000001afe1800 JavaThread "HikariPool-1 connection adder" daemon [_thread_blocked, id=9028, stack(0x00000000217b0000,0x00000000218b0000)]
  0x000000001940c000 JavaThread "HikariPool-1 housekeeper" daemon [_thread_blocked, id=6612, stack(0x00000000216b0000,0x00000000217b0000)]
  0x000000001940b000 JavaThread "mysql-cj-abandoned-connection-cleanup" daemon [_thread_blocked, id=13908, stack(0x00000000212b0000,0x00000000213b0000)]
  0x000000001ac22800 JavaThread "container-0" [_thread_blocked, id=12644, stack(0x00000000211b0000,0x00000000212b0000)]
  0x000000001c502800 JavaThread "Catalina-utility-2" [_thread_blocked, id=14788, stack(0x00000000210b0000,0x00000000211b0000)]
  0x000000001e7d6000 JavaThread "Catalina-utility-1" [_thread_blocked, id=12912, stack(0x0000000020fb0000,0x00000000210b0000)]
  0x000000001906c800 JavaThread "Service Thread" daemon [_thread_blocked, id=9300, stack(0x0000000019660000,0x0000000019760000)]
  0x000000001794d800 JavaThread "C1 CompilerThread2" daemon [_thread_blocked, id=15800, stack(0x0000000019560000,0x0000000019660000)]
  0x000000001794b000 JavaThread "C2 CompilerThread1" daemon [_thread_in_native, id=10356, stack(0x0000000019460000,0x0000000019560000)]
=>0x00000000178f2800 JavaThread "C2 CompilerThread0" daemon [_thread_in_native, id=10820, stack(0x0000000018f60000,0x0000000019060000)]
  0x00000000178f1800 JavaThread "Attach Listener" daemon [_thread_blocked, id=14344, stack(0x0000000018e60000,0x0000000018f60000)]
  0x00000000178f1000 JavaThread "Signal Dispatcher" daemon [_thread_blocked, id=7248, stack(0x0000000018d60000,0x0000000018e60000)]
  0x00000000178dc800 JavaThread "Finalizer" daemon [_thread_blocked, id=232, stack(0x0000000018b40000,0x0000000018c40000)]
  0x0000000002d94800 JavaThread "Reference Handler" daemon [_thread_blocked, id=15308, stack(0x0000000018a40000,0x0000000018b40000)]
  0x0000000002ca6000 JavaThread "main" [_thread_in_vm, id=5240, stack(0x0000000002ba0000,0x0000000002ca0000)]

Other Threads:
  0x00000000178b8800 VMThread [stack: 0x0000000018940000,0x0000000018a40000] [id=8272]
  0x00000000190c9800 WatcherThread [stack: 0x0000000019760000,0x0000000019860000] [id=2104]

VM state:not at safepoint (normal execution)

VM Mutex/Monitor currently owned by a thread: None

heap address: 0x0000000081800000, size: 2024 MB, Compressed Oops mode: 32-bit
Narrow klass base: 0x0000000000000000, Narrow klass shift: 3
Compressed class space size: 1073741824 Address: 0x0000000100000000

Heap:
 PSYoungGen      total 127488K, used 106097K [0x00000000d5d80000, 0x00000000e3c00000, 0x0000000100000000)
  eden space 117248K, 90% used [0x00000000d5d80000,0x00000000dc51c7b8,0x00000000dd000000)
  from space 10240K, 0% used [0x00000000dd000000,0x00000000dd000000,0x00000000dda00000)
  to   space 14336K, 0% used [0x00000000e2e00000,0x00000000e2e00000,0x00000000e3c00000)
 ParOldGen       total 78848K, used 18917K [0x0000000081800000, 0x0000000086500000, 0x00000000d5d80000)
  object space 78848K, 23% used [0x0000000081800000,0x0000000082a79720,0x0000000086500000)
 Metaspace       used 42807K, capacity 44594K, committed 44840K, reserved 1087488K
  class space    used 5718K, capacity 6076K, committed 6184K, reserved 1048576K

Card table byte_map: [0x0000000012160000,0x0000000012560000] byte_map_base: 0x0000000011d54000

Marking Bits: (ParMarkBitMap*) 0x0000000065195ce0
 Begin Bits: [0x0000000012c10000, 0x0000000014bb0000)
 End Bits:   [0x0000000014bb0000, 0x0000000016b50000)

Polling page: 0x0000000001160000

CodeCache: size=245760Kb used=14300Kb max_used=14300Kb free=231459Kb
 bounds [0x0000000002da0000, 0x0000000003bd0000, 0x0000000011da0000]
 total_blobs=4287 nmethods=3824 adapters=375
 compilation: enabled

Compilation events (10 events):
Event: 44.431 Thread 0x000000001794d800 nmethod 4445 0x0000000002f40790 code [0x0000000002f408e0, 0x0000000002f409f0]
Event: 44.432 Thread 0x000000001794b000 nmethod 4442 0x0000000003ba7450 code [0x0000000003ba7720, 0x0000000003ba9aa8]
Event: 44.701 Thread 0x000000001794d800 4446       3       org.apache.logging.log4j.spi.LoggerRegistry::getOrCreateInnerMap (42 bytes)
Event: 44.702 Thread 0x000000001794d800 nmethod 4446 0x0000000003552ad0 code [0x0000000003552c80, 0x00000000035532f8]
Event: 44.733 Thread 0x00000000178f2800 4447   !   4       java.net.URL::<init> (543 bytes)
Event: 44.804 Thread 0x000000001794d800 4448       3       java.io.WinNTFileSystem::parentOrNull (171 bytes)
Event: 44.808 Thread 0x000000001794d800 nmethod 4448 0x0000000002f0af10 code [0x0000000002f0b140, 0x0000000002f0beb8]
Event: 44.892 Thread 0x000000001794d800 4449       3       java.io.DataInputStream::readUTF (501 bytes)
Event: 44.898 Thread 0x000000001794d800 nmethod 4449 0x00000000038a7310 code [0x00000000038a76e0, 0x00000000038a9968]
Event: 44.981 Thread 0x000000001794b000 4450       4       java.lang.ClassLoader::defineClass (43 bytes)

GC Heap History (10 events):
Event: 12.049 GC heap before
{Heap before GC invocations=5 (full 1):
 PSYoungGen      total 71680K, used 5106K [0x00000000d5d80000, 0x00000000da880000, 0x0000000100000000)
  eden space 66560K, 0% used [0x00000000d5d80000,0x00000000d5d80000,0x00000000d9e80000)
  from space 5120K, 99% used [0x00000000da380000,0x00000000da87c838,0x00000000da880000)
  to   space 5120K, 0% used [0x00000000d9e80000,0x00000000d9e80000,0x00000000da380000)
 ParOldGen       total 87552K, used 5885K [0x0000000081800000, 0x0000000086d80000, 0x00000000d5d80000)
  object space 87552K, 6% used [0x0000000081800000,0x0000000081dbf748,0x0000000086d80000)
 Metaspace       used 20633K, capacity 21184K, committed 21296K, reserved 1067008K
  class space    used 2667K, capacity 2837K, committed 2864K, reserved 1048576K
Event: 12.201 GC heap after
Heap after GC invocations=5 (full 1):
 PSYoungGen      total 71680K, used 0K [0x00000000d5d80000, 0x00000000da880000, 0x0000000100000000)
  eden space 66560K, 0% used [0x00000000d5d80000,0x00000000d5d80000,0x00000000d9e80000)
  from space 5120K, 0% used [0x00000000da380000,0x00000000da380000,0x00000000da880000)
  to   space 5120K, 0% used [0x00000000d9e80000,0x00000000d9e80000,0x00000000da380000)
 ParOldGen       total 48640K, used 5268K [0x0000000081800000, 0x0000000084780000, 0x00000000d5d80000)
  object space 48640K, 10% used [0x0000000081800000,0x0000000081d25220,0x0000000084780000)
 Metaspace       used 20631K, capacity 21178K, committed 21296K, reserved 1067008K
  class space    used 2666K, capacity 2836K, committed 2864K, reserved 1048576K
}
Event: 17.853 GC heap before
{Heap before GC invocations=6 (full 1):
 PSYoungGen      total 71680K, used 66555K [0x00000000d5d80000, 0x00000000da880000, 0x0000000100000000)
  eden space 66560K, 99% used [0x00000000d5d80000,0x00000000d9e7ee38,0x00000000d9e80000)
  from space 5120K, 0% used [0x00000000da380000,0x00000000da380000,0x00000000da880000)
  to   space 5120K, 0% used [0x00000000d9e80000,0x00000000d9e80000,0x00000000da380000)
 ParOldGen       total 48640K, used 5268K [0x0000000081800000, 0x0000000084780000, 0x00000000d5d80000)
  object space 48640K, 10% used [0x0000000081800000,0x0000000081d25220,0x0000000084780000)
 Metaspace       used 23190K, capacity 23854K, committed 24240K, reserved 1071104K
  class space    used 2982K, capacity 3160K, committed 3248K, reserved 1048576K
Event: 17.873 GC heap after
Heap after GC invocations=6 (full 1):
 PSYoungGen      total 71680K, used 4217K [0x00000000d5d80000, 0x00000000de400000, 0x0000000100000000)
  eden space 66560K, 0% used [0x00000000d5d80000,0x00000000d5d80000,0x00000000d9e80000)
  from space 5120K, 82% used [0x00000000d9e80000,0x00000000da29e748,0x00000000da380000)
  to   space 9216K, 0% used [0x00000000ddb00000,0x00000000ddb00000,0x00000000de400000)
 ParOldGen       total 48640K, used 5276K [0x0000000081800000, 0x0000000084780000, 0x00000000d5d80000)
  object space 48640K, 10% used [0x0000000081800000,0x0000000081d27220,0x0000000084780000)
 Metaspace       used 23190K, capacity 23854K, committed 24240K, reserved 1071104K
  class space    used 2982K, capacity 3160K, committed 3248K, reserved 1048576K
}
Event: 24.020 GC heap before
{Heap before GC invocations=7 (full 1):
 PSYoungGen      total 71680K, used 70777K [0x00000000d5d80000, 0x00000000de400000, 0x0000000100000000)
  eden space 66560K, 100% used [0x00000000d5d80000,0x00000000d9e80000,0x00000000d9e80000)
  from space 5120K, 82% used [0x00000000d9e80000,0x00000000da29e748,0x00000000da380000)
  to   space 9216K, 0% used [0x00000000ddb00000,0x00000000ddb00000,0x00000000de400000)
 ParOldGen       total 48640K, used 5276K [0x0000000081800000, 0x0000000084780000, 0x00000000d5d80000)
  object space 48640K, 10% used [0x0000000081800000,0x0000000081d27220,0x0000000084780000)
 Metaspace       used 26636K, capacity 27646K, committed 27824K, reserved 1073152K
  class space    used 3476K, capacity 3710K, committed 3760K, reserved 1048576K
Event: 24.080 GC heap after
Heap after GC invocations=7 (full 1):
 PSYoungGen      total 125952K, used 9034K [0x00000000d5d80000, 0x00000000de400000, 0x0000000100000000)
  eden space 116736K, 0% used [0x00000000d5d80000,0x00000000d5d80000,0x00000000dcf80000)
  from space 9216K, 98% used [0x00000000ddb00000,0x00000000de3d2900,0x00000000de400000)
  to   space 10240K, 0% used [0x00000000dd000000,0x00000000dd000000,0x00000000dda00000)
 ParOldGen       total 48640K, used 5284K [0x0000000081800000, 0x0000000084780000, 0x00000000d5d80000)
  object space 48640K, 10% used [0x0000000081800000,0x0000000081d29220,0x0000000084780000)
 Metaspace       used 26636K, capacity 27646K, committed 27824K, reserved 1073152K
  class space    used 3476K, capacity 3710K, committed 3760K, reserved 1048576K
}
Event: 34.319 GC heap before
{Heap before GC invocations=8 (full 1):
 PSYoungGen      total 125952K, used 125770K [0x00000000d5d80000, 0x00000000de400000, 0x0000000100000000)
  eden space 116736K, 100% used [0x00000000d5d80000,0x00000000dcf80000,0x00000000dcf80000)
  from space 9216K, 98% used [0x00000000ddb00000,0x00000000de3d2900,0x00000000de400000)
  to   space 10240K, 0% used [0x00000000dd000000,0x00000000dd000000,0x00000000dda00000)
 ParOldGen       total 48640K, used 5284K [0x0000000081800000, 0x0000000084780000, 0x00000000d5d80000)
  object space 48640K, 10% used [0x0000000081800000,0x0000000081d29220,0x0000000084780000)
 Metaspace       used 33840K, capacity 35352K, committed 35496K, reserved 1079296K
  class space    used 4375K, capacity 4681K, committed 4776K, reserved 1048576K
Event: 34.401 GC heap after
Heap after GC invocations=8 (full 1):
 PSYoungGen      total 127488K, used 10213K [0x00000000d5d80000, 0x00000000e3c00000, 0x0000000100000000)
  eden space 117248K, 0% used [0x00000000d5d80000,0x00000000d5d80000,0x00000000dd000000)
  from space 10240K, 99% used [0x00000000dd000000,0x00000000dd9f9468,0x00000000dda00000)
  to   space 14336K, 0% used [0x00000000e2e00000,0x00000000e2e00000,0x00000000e3c00000)
 ParOldGen       total 48640K, used 10041K [0x0000000081800000, 0x0000000084780000, 0x00000000d5d80000)
  object space 48640K, 20% used [0x0000000081800000,0x00000000821ce6f0,0x0000000084780000)
 Metaspace       used 33840K, capacity 35352K, committed 35496K, reserved 1079296K
  class space    used 4375K, capacity 4681K, committed 4776K, reserved 1048576K
}
Event: 34.401 GC heap before
{Heap before GC invocations=9 (full 2):
 PSYoungGen      total 127488K, used 10213K [0x00000000d5d80000, 0x00000000e3c00000, 0x0000000100000000)
  eden space 117248K, 0% used [0x00000000d5d80000,0x00000000d5d80000,0x00000000dd000000)
  from space 10240K, 99% used [0x00000000dd000000,0x00000000dd9f9468,0x00000000dda00000)
  to   space 14336K, 0% used [0x00000000e2e00000,0x00000000e2e00000,0x00000000e3c00000)
 ParOldGen       total 48640K, used 10041K [0x0000000081800000, 0x0000000084780000, 0x00000000d5d80000)
  object space 48640K, 20% used [0x0000000081800000,0x00000000821ce6f0,0x0000000084780000)
 Metaspace       used 33840K, capacity 35352K, committed 35496K, reserved 1079296K
  class space    used 4375K, capacity 4681K, committed 4776K, reserved 1048576K
Event: 34.955 GC heap after
Heap after GC invocations=9 (full 2):
 PSYoungGen      total 127488K, used 0K [0x00000000d5d80000, 0x00000000e3c00000, 0x0000000100000000)
  eden space 117248K, 0% used [0x00000000d5d80000,0x00000000d5d80000,0x00000000dd000000)
  from space 10240K, 0% used [0x00000000dd000000,0x00000000dd000000,0x00000000dda00000)
  to   space 14336K, 0% used [0x00000000e2e00000,0x00000000e2e00000,0x00000000e3c00000)
 ParOldGen       total 78848K, used 18917K [0x0000000081800000, 0x0000000086500000, 0x00000000d5d80000)
  object space 78848K, 23% used [0x0000000081800000,0x0000000082a79720,0x0000000086500000)
 Metaspace       used 33840K, capacity 35352K, committed 35496K, reserved 1079296K
  class space    used 4375K, capacity 4681K, committed 4776K, reserved 1048576K
}

Deoptimization events (10 events):
Event: 40.451 Thread 0x0000000002ca6000 Uncommon trap: reason=bimorphic action=maybe_recompile pc=0x000000000323a044 method=java.util.regex.Matcher.match(II)Z @ 86
Event: 40.456 Thread 0x0000000002ca6000 Uncommon trap: reason=unstable_if action=reinterpret pc=0x00000000031af77c method=java.net.URI.match(CJJ)Z @ 45
Event: 40.478 Thread 0x0000000002ca6000 Uncommon trap: reason=unstable_if action=reinterpret pc=0x0000000003a1b744 method=java.util.Properties.load0(Ljava/util/Properties$LineReader;)V @ 161
Event: 41.007 Thread 0x0000000002ca6000 Uncommon trap: reason=unstable_if action=reinterpret pc=0x0000000003586394 method=sun.misc.ASCIICaseInsensitiveComparator.compare(Ljava/lang/String;Ljava/lang/String;)I @ 83
Event: 41.459 Thread 0x0000000002ca6000 Uncommon trap: reason=null_check action=make_not_entrant pc=0x0000000003b5ec48 method=org.springframework.core.annotation.AnnotatedElementUtils.searchWithFindSemantics(Ljava/lang/reflect/AnnotatedElement;Ljava/util/Set;Ljava/lang/String;Ljava/lang/Class;L
Event: 43.818 Thread 0x0000000002ca6000 Uncommon trap: reason=class_check action=maybe_recompile pc=0x0000000002f28054 method=java.util.AbstractList$Itr.hasNext()Z @ 8
Event: 43.818 Thread 0x0000000002ca6000 Uncommon trap: reason=class_check action=maybe_recompile pc=0x0000000002f04944 method=java.util.AbstractList$Itr.next()Ljava/lang/Object; @ 14
Event: 43.828 Thread 0x0000000002ca6000 Uncommon trap: reason=class_check action=maybe_recompile pc=0x0000000002f28054 method=java.util.AbstractList$Itr.hasNext()Z @ 8
Event: 43.828 Thread 0x0000000002ca6000 Uncommon trap: reason=class_check action=maybe_recompile pc=0x0000000002f04944 method=java.util.AbstractList$Itr.next()Ljava/lang/Object; @ 14
Event: 44.200 Thread 0x0000000002ca6000 Uncommon trap: reason=unstable_if action=reinterpret pc=0x00000000032cc5fc method=java.lang.ClassLoader.getClassLoadingLock(Ljava/lang/String;)Ljava/lang/Object; @ 6

Classes redefined (0 events):
No events

Internal exceptions (10 events):
Event: 39.269 Thread 0x0000000002ca6000 Exception <a 'java/lang/NullPointerException'> (0x00000000d74b6430) thrown at [C:\re\workspace\8-2-build-windows-amd64-cygwin\jdk8u221\13320\hotspot\src\share\vm\runtime\sharedRuntime.cpp, line 605]
Event: 39.269 Thread 0x0000000002ca6000 Implicit null exception at 0x000000000356d3cd to 0x000000000356d93c
Event: 39.269 Thread 0x0000000002ca6000 Exception <a 'java/lang/NullPointerException'> (0x00000000d74b7180) thrown at [C:\re\workspace\8-2-build-windows-amd64-cygwin\jdk8u221\13320\hotspot\src\share\vm\runtime\sharedRuntime.cpp, line 605]
Event: 39.269 Thread 0x0000000002ca6000 Implicit null exception at 0x000000000356d3cd to 0x000000000356d93c
Event: 39.269 Thread 0x0000000002ca6000 Exception <a 'java/lang/NullPointerException'> (0x00000000d74b7ec8) thrown at [C:\re\workspace\8-2-build-windows-amd64-cygwin\jdk8u221\13320\hotspot\src\share\vm\runtime\sharedRuntime.cpp, line 605]
Event: 39.269 Thread 0x0000000002ca6000 Implicit null exception at 0x000000000356d3cd to 0x000000000356d93c
Event: 39.269 Thread 0x0000000002ca6000 Exception <a 'java/lang/NullPointerException'> (0x00000000d74b8c78) thrown at [C:\re\workspace\8-2-build-windows-amd64-cygwin\jdk8u221\13320\hotspot\src\share\vm\runtime\sharedRuntime.cpp, line 605]
Event: 39.270 Thread 0x0000000002ca6000 Implicit null exception at 0x000000000356d3cd to 0x000000000356d93c
Event: 39.270 Thread 0x0000000002ca6000 Exception <a 'java/lang/NullPointerException'> (0x00000000d74b9a28) thrown at [C:\re\workspace\8-2-build-windows-amd64-cygwin\jdk8u221\13320\hotspot\src\share\vm\runtime\sharedRuntime.cpp, line 605]
Event: 41.459 Thread 0x0000000002ca6000 Implicit null exception at 0x0000000003b56d97 to 0x0000000003b5ec1d

Events (10 events):
Event: 45.050 loading class javassist/bytecode/SignatureAttribute
Event: 45.050 loading class javassist/bytecode/SignatureAttribute done
Event: 45.053 loading class javassist/bytecode/SourceFileAttribute
Event: 45.053 loading class javassist/bytecode/SourceFileAttribute done
Event: 45.054 loading class javassist/bytecode/SyntheticAttribute
Event: 45.054 loading class javassist/bytecode/SyntheticAttribute done
Event: 45.055 loading class javassist/bytecode/StackMap
Event: 45.055 loading class javassist/bytecode/StackMap done
Event: 45.057 loading class javassist/bytecode/StackMapTable
Event: 45.057 loading class javassist/bytecode/StackMapTable done


Dynamic libraries:
0x00007ff652470000 - 0x00007ff6524a7000 	C:\Program Files\Java\jre1.8.0_221\bin\javaw.exe
0x00007ff9b47f0000 - 0x00007ff9b49dd000 	C:\WINDOWS\SYSTEM32\ntdll.dll
0x00007ff9b1a10000 - 0x00007ff9b1ac3000 	C:\WINDOWS\System32\KERNEL32.DLL
0x00007ff9b0ca0000 - 0x00007ff9b0f33000 	C:\WINDOWS\System32\KERNELBASE.dll
0x00007ff9b2820000 - 0x00007ff9b28c3000 	C:\WINDOWS\System32\ADVAPI32.dll
0x00007ff9b2300000 - 0x00007ff9b239e000 	C:\WINDOWS\System32\msvcrt.dll
0x00007ff9b1ad0000 - 0x00007ff9b1b6e000 	C:\WINDOWS\System32\sechost.dll
0x00007ff9b26f0000 - 0x00007ff9b2812000 	C:\WINDOWS\System32\RPCRT4.dll
0x00007ff9b20d0000 - 0x00007ff9b2267000 	C:\WINDOWS\System32\USER32.dll
0x00007ff9b16f0000 - 0x00007ff9b1710000 	C:\WINDOWS\System32\win32u.dll
0x00007ff9b2600000 - 0x00007ff9b2629000 	C:\WINDOWS\System32\GDI32.dll
0x00007ff9b17c0000 - 0x00007ff9b1959000 	C:\WINDOWS\System32\gdi32full.dll
0x00007ff9b0c00000 - 0x00007ff9b0ca0000 	C:\WINDOWS\System32\msvcp_win.dll
0x00007ff9b0b00000 - 0x00007ff9b0bfa000 	C:\WINDOWS\System32\ucrtbase.dll
0x00007ff99ef40000 - 0x00007ff99f1b9000 	C:\WINDOWS\WinSxS\amd64_microsoft.windows.common-controls_6595b64144ccf1df_6.0.17763.973_none_05b245900721eb81\COMCTL32.dll
0x00007ff9b1b70000 - 0x00007ff9b1e9c000 	C:\WINDOWS\System32\combase.dll
0x00007ff9b1960000 - 0x00007ff9b19de000 	C:\WINDOWS\System32\bcryptPrimitives.dll
0x00007ff9b40a0000 - 0x00007ff9b40ce000 	C:\WINDOWS\System32\IMM32.DLL
0x00000000642f0000 - 0x00000000643c2000 	C:\Program Files\Java\jre1.8.0_221\bin\msvcr100.dll
0x0000000064970000 - 0x0000000065215000 	C:\Program Files\Java\jre1.8.0_221\bin\server\jvm.dll
0x00007ff9b4700000 - 0x00007ff9b4708000 	C:\WINDOWS\System32\PSAPI.DLL
0x00007ff9a1df0000 - 0x00007ff9a1df9000 	C:\WINDOWS\SYSTEM32\WSOCK32.dll
0x00007ff9b23a0000 - 0x00007ff9b240d000 	C:\WINDOWS\System32\WS2_32.dll
0x00007ff9a8730000 - 0x00007ff9a8754000 	C:\WINDOWS\SYSTEM32\WINMM.dll
0x00007ff9ab430000 - 0x00007ff9ab43a000 	C:\WINDOWS\SYSTEM32\VERSION.dll
0x00007ff9a8700000 - 0x00007ff9a872d000 	C:\WINDOWS\SYSTEM32\WINMMBASE.dll
0x00007ff9b0a90000 - 0x00007ff9b0ada000 	C:\WINDOWS\System32\cfgmgr32.dll
0x00007ff9ac740000 - 0x00007ff9ac74f000 	C:\Program Files\Java\jre1.8.0_221\bin\verify.dll
0x00007ff9a1da0000 - 0x00007ff9a1dc9000 	C:\Program Files\Java\jre1.8.0_221\bin\java.dll
0x00007ff9a1d50000 - 0x00007ff9a1d66000 	C:\Program Files\Java\jre1.8.0_221\bin\zip.dll
0x00007ff9b2a30000 - 0x00007ff9b3f24000 	C:\WINDOWS\System32\SHELL32.dll
0x00007ff9b4710000 - 0x00007ff9b47b8000 	C:\WINDOWS\System32\shcore.dll
0x00007ff9b0f40000 - 0x00007ff9b168d000 	C:\WINDOWS\System32\windows.storage.dll
0x00007ff9b0880000 - 0x00007ff9b08a4000 	C:\WINDOWS\System32\profapi.dll
0x00007ff9b07e0000 - 0x00007ff9b083d000 	C:\WINDOWS\System32\powrprof.dll
0x00007ff9b2690000 - 0x00007ff9b26e2000 	C:\WINDOWS\System32\shlwapi.dll
0x00007ff9b0840000 - 0x00007ff9b0851000 	C:\WINDOWS\System32\kernel.appcore.dll
0x00007ff9b0ae0000 - 0x00007ff9b0af7000 	C:\WINDOWS\System32\cryptsp.dll
0x00007ff9a1e70000 - 0x00007ff9a1e7d000 	C:\Program Files\Java\jre1.8.0_221\bin\management.dll
0x00007ff9a1cf0000 - 0x00007ff9a1d0a000 	C:\Program Files\Java\jre1.8.0_221\bin\net.dll
0x00007ff9a3310000 - 0x00007ff9a34e7000 	C:\WINDOWS\SYSTEM32\urlmon.dll
0x00007ff9a23e0000 - 0x00007ff9a2688000 	C:\WINDOWS\SYSTEM32\iertutil.dll
0x00007ff9b0220000 - 0x00007ff9b022c000 	C:\WINDOWS\SYSTEM32\CRYPTBASE.DLL
0x00007ff9b0050000 - 0x00007ff9b00b7000 	C:\WINDOWS\system32\mswsock.dll
0x00007ff993fb0000 - 0x00007ff993fc6000 	C:\WINDOWS\system32\napinsp.dll
0x00007ff993f30000 - 0x00007ff993f4a000 	C:\WINDOWS\system32\pnrpnsp.dll
0x00007ff9afdb0000 - 0x00007ff9afe76000 	C:\WINDOWS\SYSTEM32\DNSAPI.dll
0x00007ff9b2270000 - 0x00007ff9b2278000 	C:\WINDOWS\System32\NSI.dll
0x00007ff9afd70000 - 0x00007ff9afdad000 	C:\WINDOWS\SYSTEM32\IPHLPAPI.DLL
0x00007ff993f20000 - 0x00007ff993f2e000 	C:\WINDOWS\System32\winrnr.dll
0x00007ff9ad2a0000 - 0x00007ff9ad2bb000 	C:\WINDOWS\system32\NLAapi.dll
0x00007ff9a9cf0000 - 0x00007ff9a9d05000 	C:\WINDOWS\system32\wshbth.dll
0x00007ff9a2f80000 - 0x00007ff9a2f8a000 	C:\Windows\System32\rasadhlp.dll
0x00007ff9a2ff0000 - 0x00007ff9a3069000 	C:\WINDOWS\System32\fwpuclnt.dll
0x00007ff9b19e0000 - 0x00007ff9b1a06000 	C:\WINDOWS\System32\bcrypt.dll
0x00007ff9a1c60000 - 0x00007ff9a1c72000 	C:\Program Files\Java\jre1.8.0_221\bin\nio.dll
0x0000000180000000 - 0x0000000180282000 	C:\Program Files\Apache\Tomcat-9.0.24\bin\tcnative-1.dll
0x00007ff9b08b0000 - 0x00007ff9b0a8c000 	C:\WINDOWS\System32\CRYPT32.dll
0x00007ff9b0860000 - 0x00007ff9b0872000 	C:\WINDOWS\System32\MSASN1.dll
0x00007ff9afbd0000 - 0x00007ff9afc03000 	C:\WINDOWS\system32\rsaenh.dll
0x00007ff9b06e0000 - 0x00007ff9b0708000 	C:\WINDOWS\SYSTEM32\USERENV.dll
0x00007ff9a8490000 - 0x00007ff9a84a6000 	C:\WINDOWS\SYSTEM32\dhcpcsvc6.DLL
0x00007ff9a8560000 - 0x00007ff9a857c000 	C:\WINDOWS\SYSTEM32\dhcpcsvc.DLL

VM Arguments:
jvm_args: -ea -Dfile.encoding=utf-8 
java_command: acme.Launcher --database:populate-sample
java_class_path (initial): C:\Users\Pablosky\git\DP1-S-D4\target\classes;C:\Users\Pablosky\.m2\repository\org\springframework\boot\spring-boot-starter-tomcat\2.1.7.RELEASE\spring-boot-starter-tomcat-2.1.7.RELEASE.jar;C:\Users\Pablosky\.m2\repository\javax\annotation\javax.annotation-api\1.3.2\javax.annotation-api-1.3.2.jar;C:\Users\Pablosky\.m2\repository\org\apache\tomcat\embed\tomcat-embed-core\9.0.22\tomcat-embed-core-9.0.22.jar;C:\Users\Pablosky\.m2\repository\org\apache\tomcat\embed\tomcat-embed-el\9.0.22\tomcat-embed-el-9.0.22.jar;C:\Users\Pablosky\.m2\repository\org\apache\tomcat\embed\tomcat-embed-websocket\9.0.22\tomcat-embed-websocket-9.0.22.jar;C:\Users\Pablosky\.m2\repository\org\apache\tomcat\embed\tomcat-embed-jasper\9.0.22\tomcat-embed-jasper-9.0.22.jar;C:\Users\Pablosky\.m2\repository\org\eclipse\jdt\ecj\3.18.0\ecj-3.18.0.jar;C:\Users\Pablosky\.m2\repository\javax\servlet\jstl\1.2\jstl-1.2.jar;C:\Users\Pablosky\.m2\repository\org\springframework\boot\spring-boot-starter-security\2.1.7.RELEASE\spring-boot-starter-security-2.1.7.RELEASE.jar;C:\Users\Pablosky\.m2\repository\org\springframework\boot\spring-boot-starter\2.1.7.RELEASE\spring-boot-starter-2.1.7.RELEASE.jar;C:\Users\Pablosky\.m2\repository\org\springframework\boot\spring-boot\2.1.7.RELEASE\spring-boot-2.1.7.RELEASE.jar;C:\Users\Pablosky\.m2\repository\org\springframework\boot\spring-boot-autoconfigure\2.1.7.RELEASE\spring-boot-autoconfigure-2.1.7.RELEASE.jar;C:\Users\Pablosky\.m2\repository\org\springframework\boot\spring-boot-starter-logging\2.1.7.RELEASE\spring-boot-starter-logging-2.1.7.RELEASE.jar;C:\Users\Pablosky\.m2\repository\ch\qos\logback\logback-classic\1.2.3\logback-classic-1.2.3.jar;C:\Users\Pablosky\.m2\repository\ch\qos\logback\logback-core\1.2.3\logback-core-1.2.3.jar;C:\Users\Pablosky\.m2\repository\org\apache\logging\log4j\log4j-to-slf4j\2.11.2\log4j-to-slf4j-2.11.2.jar;C:\Users\Pablosky\.m2\repository\org\apache\logging\log4j\log4j-api\2.11.2\log4j-api-2.11.2.jar;C:\User
Launcher Type: SUN_STANDARD

Environment Variables:
JAVA_HOME=C:\Program Files\Java\jdk1.8.0_201
JRE_HOME=C:\Program Files\Java\jre1.8.0_221
PATH=C:/Program Files/Java/jre1.8.0_221/bin/server;C:/Program Files/Java/jre1.8.0_221/bin;C:/Program Files/Java/jre1.8.0_221/lib/amd64;C:\Program Files\Apache\Maven-3.6.2\bin;C:\oraclexe\app\oracle\product\11.2.0\server\bin;C:\Program Files (x86)\Common Files\Oracle\Java\javapath;C:\Program Files (x86)\Intel\iCLS Client\;C:\Program Files\Intel\iCLS Client\;C:\WINDOWS\system32;C:\WINDOWS;C:\WINDOWS\System32\Wbem;C:\WINDOWS\System32\WindowsPowerShell\v1.0\;C:\WINDOWS\System32\OpenSSH\;C:\Program Files\TortoiseSVN\bin;C:\Program Files\Apache\Tomcat-9.0.24\bin;C:\Users\Pablosky\AppData\Local\Microsoft\WindowsApps;;C:\Users\Pablosky\AppData\Local\Programs\Microsoft VS Code\bin;C:\Program Files\Eclipse\Eclipse-2019-06\eclipse;
USERNAME=Pablosky
OS=Windows_NT
PROCESSOR_IDENTIFIER=Intel64 Family 6 Model 78 Stepping 3, GenuineIntel



---------------  S Y S T E M  ---------------

OS: Windows 10.0 , 64 bit Build 17763 (10.0.17763.475)

CPU:total 4 (initial active 4) (2 cores per cpu, 2 threads per core) family 6 model 78 stepping 3, cmov, cx8, fxsr, mmx, sse, sse2, sse3, ssse3, sse4.1, sse4.2, popcnt, avx, avx2, aes, clmul, erms, 3dnowpref, lzcnt, ht, tsc, tscinvbit, bmi1, bmi2, adx

Memory: 4k page, physical 8286144k(2842928k free), swap 9451908k(5584k free)

vm_info: Java HotSpot(TM) 64-Bit Server VM (25.221-b11) for windows-amd64 JRE (1.8.0_221-b11), built on Jul  4 2019 04:39:29 by "java_re" with MS VC++ 10.0 (VS2010)

time: Wed Aug 19 17:29:36 2020
timezone: Hora de verano romance
elapsed time: 45 seconds (0d 0h 0m 45s)

