#
# There is insufficient memory for the Java Runtime Environment to continue.
# Native memory allocation (malloc) failed to allocate 32744 bytes for ChunkPool::allocate
# Possible reasons:
#   The system is out of physical RAM or swap space
#   The process is running with CompressedOops enabled, and the Java Heap may be blocking the growth of the native heap
# Possible solutions:
#   Reduce memory load on the system
#   Increase physical memory or swap space
#   Check if swap backing store is full
#   Decrease Java heap size (-Xmx/-Xms)
#   Decrease number of Java threads
#   Decrease Java thread stack sizes (-Xss)
#   Set larger code cache with -XX:ReservedCodeCacheSize=
#   JVM is running with Unscaled Compressed Oops mode in which the Java heap is
#     placed in the first 4GB address space. The Java Heap base address is the
#     maximum limit for the native heap growth. Please use -XX:HeapBaseMinAddress
#     to set the Java Heap base and to place the Java Heap above 4GB virtual address.
# This output file may be truncated or incomplete.
#
#  Out of Memory Error (allocation.cpp:272), pid=6492, tid=0x0000000000003d2c
#
# JRE version: Java(TM) SE Runtime Environment (8.0_221-b11) (build 1.8.0_221-b11)
# Java VM: Java HotSpot(TM) 64-Bit Server VM (25.221-b11 mixed mode windows-amd64 compressed oops)
# Failed to write core dump. Minidumps are not enabled by default on client versions of Windows
#

---------------  T H R E A D  ---------------

Current thread (0x0000000017232000):  JavaThread "C2 CompilerThread0" daemon [_thread_in_native, id=15660, stack(0x00000000188d0000,0x00000000189d0000)]

Stack: [0x00000000188d0000,0x00000000189d0000]
[error occurred during error reporting (printing stack bounds), id 0xc0000005]

Native frames: (J=compiled Java code, j=interpreted, Vv=VM code, C=native code)


Current CompileTask:
C2:   5636 2321 %     4       org.springframework.asm.ClassReader::readCode @ 2160 (5085 bytes)


---------------  P R O C E S S  ---------------

Java Threads: ( => current thread )
  0x0000000018c10000 JavaThread "Service Thread" daemon [_thread_blocked, id=14300, stack(0x0000000018fd0000,0x00000000190d0000)]
  0x0000000017249000 JavaThread "C1 CompilerThread2" daemon [_thread_in_native, id=6476, stack(0x0000000018ad0000,0x0000000018bd0000)]
  0x0000000017236800 JavaThread "C2 CompilerThread1" daemon [_thread_in_native, id=6164, stack(0x00000000189d0000,0x0000000018ad0000)]
=>0x0000000017232000 JavaThread "C2 CompilerThread0" daemon [_thread_in_native, id=15660, stack(0x00000000188d0000,0x00000000189d0000)]
  0x0000000017230800 JavaThread "Attach Listener" daemon [_thread_blocked, id=14612, stack(0x00000000187d0000,0x00000000188d0000)]
  0x0000000017230000 JavaThread "Signal Dispatcher" daemon [_thread_blocked, id=10896, stack(0x00000000186d0000,0x00000000187d0000)]
  0x0000000017220000 JavaThread "Finalizer" daemon [_thread_blocked, id=8976, stack(0x00000000184b0000,0x00000000185b0000)]
  0x00000000026d6000 JavaThread "Reference Handler" daemon [_thread_blocked, id=14704, stack(0x00000000183b0000,0x00000000184b0000)]
  0x00000000025e6000 JavaThread "main" [_thread_in_Java, id=16200, stack(0x00000000024e0000,0x00000000025e0000)]

Other Threads:
  0x00000000171f7800 VMThread [stack: 0x00000000182b0000,0x00000000183b0000] [id=11832]
  0x000000001728d800 WatcherThread [stack: 0x00000000190d0000,0x00000000191d0000] [id=1284]

VM state:not at safepoint (normal execution)

VM Mutex/Monitor currently owned by a thread: None

heap address: 0x0000000081800000, size: 2024 MB, Compressed Oops mode: 32-bit
Narrow klass base: 0x0000000000000000, Narrow klass shift: 3
Compressed class space size: 1073741824 Address: 0x0000000100000000

Heap:
 PSYoungGen      total 71680K, used 27444K [0x00000000d5d80000, 0x00000000dd780000, 0x0000000100000000)
  eden space 66560K, 34% used [0x00000000d5d80000,0x00000000d7420a70,0x00000000d9e80000)
  from space 5120K, 83% used [0x00000000d9e80000,0x00000000da2ac6b0,0x00000000da380000)
  to   space 9216K, 0% used [0x00000000dce80000,0x00000000dce80000,0x00000000dd780000)
 ParOldGen       total 54272K, used 5457K [0x0000000081800000, 0x0000000084d00000, 0x00000000d5d80000)
  object space 54272K, 10% used [0x0000000081800000,0x0000000081d54718,0x0000000084d00000)
 Metaspace       used 24453K, capacity 25220K, committed 25392K, reserved 1071104K
  class space    used 3171K, capacity 3373K, committed 3376K, reserved 1048576K

Card table byte_map: [0x0000000011aa0000,0x0000000011ea0000] byte_map_base: 0x0000000011694000

Marking Bits: (ParMarkBitMap*) 0x0000000065195ce0
 Begin Bits: [0x0000000012550000, 0x00000000144f0000)
 End Bits:   [0x00000000144f0000, 0x0000000016490000)

Polling page: 0x0000000000830000

CodeCache: size=245760Kb used=8664Kb max_used=8664Kb free=237095Kb
 bounds [0x00000000026e0000, 0x0000000002f60000, 0x00000000116e0000]
 total_blobs=2755 nmethods=2368 adapters=298
 compilation: enabled

Compilation events (10 events):
Event: 5.519 Thread 0x0000000017249000 nmethod 2372 0x0000000002f58910 code [0x0000000002f58a80, 0x0000000002f58e08]
Event: 5.519 Thread 0x0000000017249000 2373       3       org.springframework.core.type.classreading.ClassMetadataReadingVisitor::visit (139 bytes)
Event: 5.521 Thread 0x0000000017249000 nmethod 2373 0x0000000002f58f10 code [0x0000000002f59140, 0x0000000002f59f98]
Event: 5.629 Thread 0x0000000017249000 2374       1       org.springframework.context.annotation.ConfigurationClassParser::access$1000 (5 bytes)
Event: 5.629 Thread 0x0000000017249000 nmethod 2374 0x0000000002f5a790 code [0x0000000002f5a8e0, 0x0000000002f5a9d0]
Event: 5.629 Thread 0x0000000017249000 2375       1       org.springframework.context.annotation.ConditionEvaluator$ConditionContextImpl::getClassLoader (5 bytes)
Event: 5.629 Thread 0x0000000017249000 nmethod 2375 0x0000000002f5aa50 code [0x0000000002f5aba0, 0x0000000002f5acb0]
Event: 5.630 Thread 0x0000000017249000 2376       3       java.lang.Character::isLetter (5 bytes)
Event: 5.631 Thread 0x0000000017249000 nmethod 2376 0x0000000002f5ad10 code [0x0000000002f5aea0, 0x0000000002f5b1f8]
Event: 5.633 Thread 0x0000000017249000 2378   !   3       org.springframework.core.type.filter.AssignableTypeFilter::matchTargetType (72 bytes)

GC Heap History (10 events):
Event: 1.639 GC heap before
{Heap before GC invocations=2 (full 0):
 PSYoungGen      total 38400K, used 38377K [0x00000000d5d80000, 0x00000000d8800000, 0x0000000100000000)
  eden space 33280K, 100% used [0x00000000d5d80000,0x00000000d7e00000,0x00000000d7e00000)
  from space 5120K, 99% used [0x00000000d7e00000,0x00000000d82fa5e8,0x00000000d8300000)
  to   space 5120K, 0% used [0x00000000d8300000,0x00000000d8300000,0x00000000d8800000)
 ParOldGen       total 87552K, used 1060K [0x0000000081800000, 0x0000000086d80000, 0x00000000d5d80000)
  object space 87552K, 1% used [0x0000000081800000,0x0000000081909130,0x0000000086d80000)
 Metaspace       used 15189K, capacity 15680K, committed 16000K, reserved 1062912K
  class space    used 2009K, capacity 2121K, committed 2176K, reserved 1048576K
Event: 1.670 GC heap after
Heap after GC invocations=2 (full 0):
 PSYoungGen      total 38400K, used 5090K [0x00000000d5d80000, 0x00000000da880000, 0x0000000100000000)
  eden space 33280K, 0% used [0x00000000d5d80000,0x00000000d5d80000,0x00000000d7e00000)
  from space 5120K, 99% used [0x00000000d8300000,0x00000000d87f8a50,0x00000000d8800000)
  to   space 5120K, 0% used [0x00000000d7e00000,0x00000000d7e00000,0x00000000d8300000)
 ParOldGen       total 87552K, used 2024K [0x0000000081800000, 0x0000000086d80000, 0x00000000d5d80000)
  object space 87552K, 2% used [0x0000000081800000,0x00000000819fa0f0,0x0000000086d80000)
 Metaspace       used 15189K, capacity 15680K, committed 16000K, reserved 1062912K
  class space    used 2009K, capacity 2121K, committed 2176K, reserved 1048576K
}
Event: 2.474 GC heap before
{Heap before GC invocations=3 (full 0):
 PSYoungGen      total 38400K, used 38370K [0x00000000d5d80000, 0x00000000da880000, 0x0000000100000000)
  eden space 33280K, 100% used [0x00000000d5d80000,0x00000000d7e00000,0x00000000d7e00000)
  from space 5120K, 99% used [0x00000000d8300000,0x00000000d87f8a50,0x00000000d8800000)
  to   space 5120K, 0% used [0x00000000d7e00000,0x00000000d7e00000,0x00000000d8300000)
 ParOldGen       total 87552K, used 2024K [0x0000000081800000, 0x0000000086d80000, 0x00000000d5d80000)
  object space 87552K, 2% used [0x0000000081800000,0x00000000819fa0f0,0x0000000086d80000)
 Metaspace       used 19987K, capacity 20536K, committed 20736K, reserved 1067008K
  class space    used 2575K, capacity 2709K, committed 2816K, reserved 1048576K
Event: 2.489 GC heap after
Heap after GC invocations=3 (full 0):
 PSYoungGen      total 38400K, used 5096K [0x00000000d5d80000, 0x00000000da880000, 0x0000000100000000)
  eden space 33280K, 0% used [0x00000000d5d80000,0x00000000d5d80000,0x00000000d7e00000)
  from space 5120K, 99% used [0x00000000d7e00000,0x00000000d82fa188,0x00000000d8300000)
  to   space 5120K, 0% used [0x00000000da380000,0x00000000da380000,0x00000000da880000)
 ParOldGen       total 87552K, used 5460K [0x0000000081800000, 0x0000000086d80000, 0x00000000d5d80000)
  object space 87552K, 6% used [0x0000000081800000,0x0000000081d55390,0x0000000086d80000)
 Metaspace       used 19987K, capacity 20536K, committed 20736K, reserved 1067008K
  class space    used 2575K, capacity 2709K, committed 2816K, reserved 1048576K
}
Event: 2.636 GC heap before
{Heap before GC invocations=4 (full 0):
 PSYoungGen      total 38400K, used 11658K [0x00000000d5d80000, 0x00000000da880000, 0x0000000100000000)
  eden space 33280K, 19% used [0x00000000d5d80000,0x00000000d63e8a18,0x00000000d7e00000)
  from space 5120K, 99% used [0x00000000d7e00000,0x00000000d82fa188,0x00000000d8300000)
  to   space 5120K, 0% used [0x00000000da380000,0x00000000da380000,0x00000000da880000)
 ParOldGen       total 87552K, used 5460K [0x0000000081800000, 0x0000000086d80000, 0x00000000d5d80000)
  object space 87552K, 6% used [0x0000000081800000,0x0000000081d55390,0x0000000086d80000)
 Metaspace       used 20648K, capacity 21194K, committed 21296K, reserved 1067008K
  class space    used 2661K, capacity 2840K, committed 2864K, reserved 1048576K
Event: 2.645 GC heap after
Heap after GC invocations=4 (full 0):
 PSYoungGen      total 71680K, used 5104K [0x00000000d5d80000, 0x00000000da880000, 0x0000000100000000)
  eden space 66560K, 0% used [0x00000000d5d80000,0x00000000d5d80000,0x00000000d9e80000)
  from space 5120K, 99% used [0x00000000da380000,0x00000000da87c390,0x00000000da880000)
  to   space 5120K, 0% used [0x00000000d9e80000,0x00000000d9e80000,0x00000000da380000)
 ParOldGen       total 87552K, used 5875K [0x0000000081800000, 0x0000000086d80000, 0x00000000d5d80000)
  object space 87552K, 6% used [0x0000000081800000,0x0000000081dbcf40,0x0000000086d80000)
 Metaspace       used 20648K, capacity 21194K, committed 21296K, reserved 1067008K
  class space    used 2661K, capacity 2840K, committed 2864K, reserved 1048576K
}
Event: 2.645 GC heap before
{Heap before GC invocations=5 (full 1):
 PSYoungGen      total 71680K, used 5104K [0x00000000d5d80000, 0x00000000da880000, 0x0000000100000000)
  eden space 66560K, 0% used [0x00000000d5d80000,0x00000000d5d80000,0x00000000d9e80000)
  from space 5120K, 99% used [0x00000000da380000,0x00000000da87c390,0x00000000da880000)
  to   space 5120K, 0% used [0x00000000d9e80000,0x00000000d9e80000,0x00000000da380000)
 ParOldGen       total 87552K, used 5875K [0x0000000081800000, 0x0000000086d80000, 0x00000000d5d80000)
  object space 87552K, 6% used [0x0000000081800000,0x0000000081dbcf40,0x0000000086d80000)
 Metaspace       used 20648K, capacity 21194K, committed 21296K, reserved 1067008K
  class space    used 2661K, capacity 2840K, committed 2864K, reserved 1048576K
Event: 2.699 GC heap after
Heap after GC invocations=5 (full 1):
 PSYoungGen      total 71680K, used 0K [0x00000000d5d80000, 0x00000000da880000, 0x0000000100000000)
  eden space 66560K, 0% used [0x00000000d5d80000,0x00000000d5d80000,0x00000000d9e80000)
  from space 5120K, 0% used [0x00000000da380000,0x00000000da380000,0x00000000da880000)
  to   space 5120K, 0% used [0x00000000d9e80000,0x00000000d9e80000,0x00000000da380000)
 ParOldGen       total 54272K, used 5449K [0x0000000081800000, 0x0000000084d00000, 0x00000000d5d80000)
  object space 54272K, 10% used [0x0000000081800000,0x0000000081d52718,0x0000000084d00000)
 Metaspace       used 20646K, capacity 21188K, committed 21296K, reserved 1067008K
  class space    used 2661K, capacity 2839K, committed 2864K, reserved 1048576K
}
Event: 4.534 GC heap before
{Heap before GC invocations=6 (full 1):
 PSYoungGen      total 71680K, used 66544K [0x00000000d5d80000, 0x00000000da880000, 0x0000000100000000)
  eden space 66560K, 99% used [0x00000000d5d80000,0x00000000d9e7c2a0,0x00000000d9e80000)
  from space 5120K, 0% used [0x00000000da380000,0x00000000da380000,0x00000000da880000)
  to   space 5120K, 0% used [0x00000000d9e80000,0x00000000d9e80000,0x00000000da380000)
 ParOldGen       total 54272K, used 5449K [0x0000000081800000, 0x0000000084d00000, 0x00000000d5d80000)
  object space 54272K, 10% used [0x0000000081800000,0x0000000081d52718,0x0000000084d00000)
 Metaspace       used 23182K, capacity 23878K, committed 24240K, reserved 1071104K
  class space    used 2989K, capacity 3192K, committed 3248K, reserved 1048576K
Event: 4.545 GC heap after
Heap after GC invocations=6 (full 1):
 PSYoungGen      total 71680K, used 4273K [0x00000000d5d80000, 0x00000000dd780000, 0x0000000100000000)
  eden space 66560K, 0% used [0x00000000d5d80000,0x00000000d5d80000,0x00000000d9e80000)
  from space 5120K, 83% used [0x00000000d9e80000,0x00000000da2ac6b0,0x00000000da380000)
  to   space 9216K, 0% used [0x00000000dce80000,0x00000000dce80000,0x00000000dd780000)
 ParOldGen       total 54272K, used 5457K [0x0000000081800000, 0x0000000084d00000, 0x00000000d5d80000)
  object space 54272K, 10% used [0x0000000081800000,0x0000000081d54718,0x0000000084d00000)
 Metaspace       used 23182K, capacity 23878K, committed 24240K, reserved 1071104K
  class space    used 2989K, capacity 3192K, committed 3248K, reserved 1048576K
}

Deoptimization events (10 events):
Event: 2.321 Thread 0x00000000025e6000 Uncommon trap: reason=unstable_if action=reinterpret pc=0x00000000029b357c method=java.io.WinNTFileSystem.normalize(Ljava/lang/String;)Ljava/lang/String; @ 128
Event: 2.717 Thread 0x00000000025e6000 Uncommon trap: reason=unstable_if action=reinterpret pc=0x0000000002c01970 method=org.springframework.asm.ClassReader.readUtf(II[C)Ljava/lang/String; @ 41
Event: 2.886 Thread 0x0000000019993800 Uncommon trap: reason=unstable_if action=reinterpret pc=0x0000000002ac41e4 method=jdk.internal.org.objectweb.asm.Type.getArgumentsAndReturnSizes(Ljava/lang/String;)I @ 47
Event: 3.552 Thread 0x0000000019993800 Uncommon trap: reason=unstable_if action=reinterpret pc=0x0000000002d4fb64 method=com.sun.org.apache.xerces.internal.impl.XMLEntityScanner.scanLiteral(ILcom/sun/org/apache/xerces/internal/xni/XMLString;Z)I @ 570
Event: 3.631 Thread 0x0000000019993800 Uncommon trap: reason=unstable_if action=reinterpret pc=0x0000000002d3b5b4 method=com.sun.org.apache.xerces.internal.impl.XMLEntityScanner.checkBeforeLoad(Lcom/sun/xml/internal/stream/Entity$ScannedEntity;II)I @ 18
Event: 3.726 Thread 0x0000000019993800 Uncommon trap: reason=unstable_if action=reinterpret pc=0x0000000002d86920 method=com.sun.org.apache.xerces.internal.impl.XMLEntityScanner.skipSpaces()Z @ 125
Event: 3.870 Thread 0x00000000025e6000 Uncommon trap: reason=unstable_if action=reinterpret pc=0x0000000002bffce4 method=org.springframework.asm.ClassReader.readUtf(II[C)Ljava/lang/String; @ 41
Event: 4.035 Thread 0x0000000019993800 Uncommon trap: reason=unstable_if action=reinterpret pc=0x0000000002cd7890 method=java.lang.reflect.Method.equals(Ljava/lang/Object;)Z @ 49
Event: 4.077 Thread 0x00000000025e6000 Uncommon trap: reason=null_assert action=make_not_entrant pc=0x0000000002e5c280 method=org.springframework.asm.ClassReader.readCode(Lorg/springframework/asm/MethodVisitor;Lorg/springframework/asm/Context;I)V @ 4166
Event: 5.269 Thread 0x00000000025e6000 Uncommon trap: reason=unstable_if action=reinterpret pc=0x0000000002b1eec4 method=org.springframework.boot.context.properties.source.ConfigurationPropertyName.elementEquals(Lorg/springframework/boot/context/properties/source/ConfigurationPropertyName$Elem

Classes redefined (0 events):
No events

Internal exceptions (10 events):
Event: 2.179 Thread 0x00000000025e6000 Exception <a 'java/lang/ClassNotFoundException': org/springframework/core/OrderedCustomizer> (0x00000000d7183ef8) thrown at [C:\re\workspace\8-2-build-windows-amd64-cygwin\jdk8u221\13320\hotspot\src\share\vm\classfile\systemDictionary.cpp, line 210]
Event: 2.180 Thread 0x00000000025e6000 Exception <a 'java/lang/ClassNotFoundException': org/springframework/context/ResourceLoaderAwareCustomizer> (0x00000000d719ab48) thrown at [C:\re\workspace\8-2-build-windows-amd64-cygwin\jdk8u221\13320\hotspot\src\share\vm\classfile\systemDictionary.cpp, 
Event: 2.181 Thread 0x00000000025e6000 Exception <a 'java/lang/ClassNotFoundException': org/springframework/beans/factory/AwareCustomizer> (0x00000000d71af938) thrown at [C:\re\workspace\8-2-build-windows-amd64-cygwin\jdk8u221\13320\hotspot\src\share\vm\classfile\systemDictionary.cpp, line 210
Event: 2.181 Thread 0x00000000025e6000 Exception <a 'java/lang/ClassNotFoundException': org/springframework/beans/factory/BeanClassLoaderAwareCustomizer> (0x00000000d71c7a88) thrown at [C:\re\workspace\8-2-build-windows-amd64-cygwin\jdk8u221\13320\hotspot\src\share\vm\classfile\systemDictionar
Event: 2.182 Thread 0x00000000025e6000 Exception <a 'java/lang/ClassNotFoundException': org/springframework/beans/factory/AwareCustomizer> (0x00000000d71dc8b8) thrown at [C:\re\workspace\8-2-build-windows-amd64-cygwin\jdk8u221\13320\hotspot\src\share\vm\classfile\systemDictionary.cpp, line 210
Event: 2.183 Thread 0x00000000025e6000 Exception <a 'java/lang/ClassNotFoundException': org/springframework/context/EnvironmentAwareCustomizer> (0x00000000d71f1bd8) thrown at [C:\re\workspace\8-2-build-windows-amd64-cygwin\jdk8u221\13320\hotspot\src\share\vm\classfile\systemDictionary.cpp, lin
Event: 2.183 Thread 0x00000000025e6000 Exception <a 'java/lang/ClassNotFoundException': org/springframework/beans/factory/AwareCustomizer> (0x00000000d72068c0) thrown at [C:\re\workspace\8-2-build-windows-amd64-cygwin\jdk8u221\13320\hotspot\src\share\vm\classfile\systemDictionary.cpp, line 210
Event: 2.331 Thread 0x00000000025e6000 Exception <a 'java/lang/NoSuchMethodError': java.lang.Object.lambda$comparing$77a9974f$1(Ljava/util/function/Function;Ljava/lang/Object;Ljava/lang/Object;)I> (0x00000000d769c4f0) thrown at [C:\re\workspace\8-2-build-windows-amd64-cygwin\jdk8u221\13320\hot
Event: 2.897 Thread 0x0000000019993800 Exception <a 'java/lang/IncompatibleClassChangeError': Found class java.lang.Object, but interface was expected> (0x00000000d60cb638) thrown at [C:\re\workspace\8-2-build-windows-amd64-cygwin\jdk8u221\13320\hotspot\src\share\vm\interpreter\linkResolver.cp
Event: 4.623 Thread 0x00000000025e6000 Exception <a 'java/lang/IncompatibleClassChangeError': Found class java.lang.Object, but interface was expected> (0x00000000d6526db0) thrown at [C:\re\workspace\8-2-build-windows-amd64-cygwin\jdk8u221\13320\hotspot\src\share\vm\interpreter\linkResolver.cp

Events (10 events):
Event: 5.500 loading class org/apache/tomcat/jdbc/pool/DataSourceProxy
Event: 5.500 loading class org/apache/tomcat/jdbc/pool/DataSourceProxy done
Event: 5.502 loading class org/springframework/boot/autoconfigure/jdbc/DataSourceAutoConfiguration$EmbeddedDatabaseCondition
Event: 5.502 loading class org/springframework/boot/autoconfigure/jdbc/DataSourceAutoConfiguration$EmbeddedDatabaseCondition done
Event: 5.514 loading class org/apache/commons/dbcp2/BasicDataSource
Event: 5.514 loading class org/apache/commons/dbcp2/BasicDataSource done
Event: 5.515 loading class org/apache/tomcat/jdbc/pool/DataSource
Event: 5.515 loading class org/apache/tomcat/jdbc/pool/DataSource done
Event: 5.627 loading class org/springframework/boot/autoconfigure/jdbc/DataSourceInitializationConfiguration$Registrar
Event: 5.627 loading class org/springframework/boot/autoconfigure/jdbc/DataSourceInitializationConfiguration$Registrar done


Dynamic libraries:
0x00007ff652470000 - 0x00007ff6524a7000 	C:\Program Files\Java\jre1.8.0_221\bin\javaw.exe
0x00007ff9b47f0000 - 0x00007ff9b49dd000 	C:\WINDOWS\SYSTEM32\ntdll.dll
0x00007ff9b1a10000 - 0x00007ff9b1ac3000 	C:\WINDOWS\System32\KERNEL32.DLL
0x00007ff9b0ca0000 - 0x00007ff9b0f33000 	C:\WINDOWS\System32\KERNELBASE.dll
0x00007ff9b2820000 - 0x00007ff9b28c3000 	C:\WINDOWS\System32\ADVAPI32.dll
0x00007ff9b2300000 - 0x00007ff9b239e000 	C:\WINDOWS\System32\msvcrt.dll
0x00007ff9b1ad0000 - 0x00007ff9b1b6e000 	C:\WINDOWS\System32\sechost.dll
0x00007ff9b26f0000 - 0x00007ff9b2812000 	C:\WINDOWS\System32\RPCRT4.dll
0x00007ff9b20d0000 - 0x00007ff9b2267000 	C:\WINDOWS\System32\USER32.dll
0x00007ff9b16f0000 - 0x00007ff9b1710000 	C:\WINDOWS\System32\win32u.dll
0x00007ff9b2600000 - 0x00007ff9b2629000 	C:\WINDOWS\System32\GDI32.dll
0x00007ff9b17c0000 - 0x00007ff9b1959000 	C:\WINDOWS\System32\gdi32full.dll
0x00007ff9b0c00000 - 0x00007ff9b0ca0000 	C:\WINDOWS\System32\msvcp_win.dll
0x00007ff9b0b00000 - 0x00007ff9b0bfa000 	C:\WINDOWS\System32\ucrtbase.dll
0x00007ff99ef40000 - 0x00007ff99f1b9000 	C:\WINDOWS\WinSxS\amd64_microsoft.windows.common-controls_6595b64144ccf1df_6.0.17763.973_none_05b245900721eb81\COMCTL32.dll
0x00007ff9b1b70000 - 0x00007ff9b1e9c000 	C:\WINDOWS\System32\combase.dll
0x00007ff9b1960000 - 0x00007ff9b19de000 	C:\WINDOWS\System32\bcryptPrimitives.dll
0x00007ff9b40a0000 - 0x00007ff9b40ce000 	C:\WINDOWS\System32\IMM32.DLL
0x00000000642f0000 - 0x00000000643c2000 	C:\Program Files\Java\jre1.8.0_221\bin\msvcr100.dll
0x0000000064970000 - 0x0000000065215000 	C:\Program Files\Java\jre1.8.0_221\bin\server\jvm.dll
0x00007ff9b4700000 - 0x00007ff9b4708000 	C:\WINDOWS\System32\PSAPI.DLL
0x00007ff9a1df0000 - 0x00007ff9a1df9000 	C:\WINDOWS\SYSTEM32\WSOCK32.dll
0x00007ff9b23a0000 - 0x00007ff9b240d000 	C:\WINDOWS\System32\WS2_32.dll
0x00007ff9a8730000 - 0x00007ff9a8754000 	C:\WINDOWS\SYSTEM32\WINMM.dll
0x00007ff9ab430000 - 0x00007ff9ab43a000 	C:\WINDOWS\SYSTEM32\VERSION.dll
0x00007ff9a8700000 - 0x00007ff9a872d000 	C:\WINDOWS\SYSTEM32\WINMMBASE.dll
0x00007ff9b0a90000 - 0x00007ff9b0ada000 	C:\WINDOWS\System32\cfgmgr32.dll
0x00007ff9ac740000 - 0x00007ff9ac74f000 	C:\Program Files\Java\jre1.8.0_221\bin\verify.dll
0x00007ff9a1da0000 - 0x00007ff9a1dc9000 	C:\Program Files\Java\jre1.8.0_221\bin\java.dll
0x00007ff9a1d50000 - 0x00007ff9a1d66000 	C:\Program Files\Java\jre1.8.0_221\bin\zip.dll
0x00007ff9b2a30000 - 0x00007ff9b3f24000 	C:\WINDOWS\System32\SHELL32.dll
0x00007ff9b4710000 - 0x00007ff9b47b8000 	C:\WINDOWS\System32\shcore.dll
0x00007ff9b0f40000 - 0x00007ff9b168d000 	C:\WINDOWS\System32\windows.storage.dll
0x00007ff9b0880000 - 0x00007ff9b08a4000 	C:\WINDOWS\System32\profapi.dll
0x00007ff9b07e0000 - 0x00007ff9b083d000 	C:\WINDOWS\System32\powrprof.dll
0x00007ff9b2690000 - 0x00007ff9b26e2000 	C:\WINDOWS\System32\shlwapi.dll
0x00007ff9b0840000 - 0x00007ff9b0851000 	C:\WINDOWS\System32\kernel.appcore.dll
0x00007ff9b0ae0000 - 0x00007ff9b0af7000 	C:\WINDOWS\System32\cryptsp.dll
0x00007ff9a1e70000 - 0x00007ff9a1e7d000 	C:\Program Files\Java\jre1.8.0_221\bin\management.dll
0x00007ff9a1cf0000 - 0x00007ff9a1d0a000 	C:\Program Files\Java\jre1.8.0_221\bin\net.dll
0x00007ff9a3310000 - 0x00007ff9a34e7000 	C:\WINDOWS\SYSTEM32\urlmon.dll
0x00007ff9a23e0000 - 0x00007ff9a2688000 	C:\WINDOWS\SYSTEM32\iertutil.dll
0x00007ff9b0220000 - 0x00007ff9b022c000 	C:\WINDOWS\SYSTEM32\CRYPTBASE.DLL
0x00007ff9b0050000 - 0x00007ff9b00b7000 	C:\WINDOWS\system32\mswsock.dll
0x00007ff993fb0000 - 0x00007ff993fc6000 	C:\WINDOWS\system32\napinsp.dll
0x00007ff993f30000 - 0x00007ff993f4a000 	C:\WINDOWS\system32\pnrpnsp.dll
0x00007ff9afdb0000 - 0x00007ff9afe76000 	C:\WINDOWS\SYSTEM32\DNSAPI.dll
0x00007ff9b2270000 - 0x00007ff9b2278000 	C:\WINDOWS\System32\NSI.dll
0x00007ff9afd70000 - 0x00007ff9afdad000 	C:\WINDOWS\SYSTEM32\IPHLPAPI.DLL
0x00007ff993f20000 - 0x00007ff993f2e000 	C:\WINDOWS\System32\winrnr.dll
0x00007ff9ad2a0000 - 0x00007ff9ad2bb000 	C:\WINDOWS\system32\NLAapi.dll
0x00007ff9a9cf0000 - 0x00007ff9a9d05000 	C:\WINDOWS\system32\wshbth.dll
0x00007ff9a2f80000 - 0x00007ff9a2f8a000 	C:\Windows\System32\rasadhlp.dll
0x00007ff9a2ff0000 - 0x00007ff9a3069000 	C:\WINDOWS\System32\fwpuclnt.dll
0x00007ff9b19e0000 - 0x00007ff9b1a06000 	C:\WINDOWS\System32\bcrypt.dll
0x00007ff9a1c60000 - 0x00007ff9a1c72000 	C:\Program Files\Java\jre1.8.0_221\bin\nio.dll

VM Arguments:
jvm_args: -ea -Dfile.encoding=utf-8 
java_command: acme.Launcher --database:populate-sample
java_class_path (initial): C:\Users\Pablosky\git\DP1-S-D4\target\classes;C:\Users\Pablosky\.m2\repository\org\springframework\boot\spring-boot-starter-tomcat\2.1.7.RELEASE\spring-boot-starter-tomcat-2.1.7.RELEASE.jar;C:\Users\Pablosky\.m2\repository\javax\annotation\javax.annotation-api\1.3.2\javax.annotation-api-1.3.2.jar;C:\Users\Pablosky\.m2\repository\org\apache\tomcat\embed\tomcat-embed-core\9.0.22\tomcat-embed-core-9.0.22.jar;C:\Users\Pablosky\.m2\repository\org\apache\tomcat\embed\tomcat-embed-el\9.0.22\tomcat-embed-el-9.0.22.jar;C:\Users\Pablosky\.m2\repository\org\apache\tomcat\embed\tomcat-embed-websocket\9.0.22\tomcat-embed-websocket-9.0.22.jar;C:\Users\Pablosky\.m2\repository\org\apache\tomcat\embed\tomcat-embed-jasper\9.0.22\tomcat-embed-jasper-9.0.22.jar;C:\Users\Pablosky\.m2\repository\org\eclipse\jdt\ecj\3.18.0\ecj-3.18.0.jar;C:\Users\Pablosky\.m2\repository\javax\servlet\jstl\1.2\jstl-1.2.jar;C:\Users\Pablosky\.m2\repository\org\springframework\boot\spring-boot-starter-security\2.1.7.RELEASE\spring-boot-starter-security-2.1.7.RELEASE.jar;C:\Users\Pablosky\.m2\repository\org\springframework\boot\spring-boot-starter\2.1.7.RELEASE\spring-boot-starter-2.1.7.RELEASE.jar;C:\Users\Pablosky\.m2\repository\org\springframework\boot\spring-boot\2.1.7.RELEASE\spring-boot-2.1.7.RELEASE.jar;C:\Users\Pablosky\.m2\repository\org\springframework\boot\spring-boot-autoconfigure\2.1.7.RELEASE\spring-boot-autoconfigure-2.1.7.RELEASE.jar;C:\Users\Pablosky\.m2\repository\org\springframework\boot\spring-boot-starter-logging\2.1.7.RELEASE\spring-boot-starter-logging-2.1.7.RELEASE.jar;C:\Users\Pablosky\.m2\repository\ch\qos\logback\logback-classic\1.2.3\logback-classic-1.2.3.jar;C:\Users\Pablosky\.m2\repository\ch\qos\logback\logback-core\1.2.3\logback-core-1.2.3.jar;C:\Users\Pablosky\.m2\repository\org\apache\logging\log4j\log4j-to-slf4j\2.11.2\log4j-to-slf4j-2.11.2.jar;C:\Users\Pablosky\.m2\repository\org\apache\logging\log4j\log4j-api\2.11.2\log4j-api-2.11.2.jar;C:\User
Launcher Type: SUN_STANDARD

Environment Variables:
JAVA_HOME=C:\Program Files\Java\jdk1.8.0_201
JRE_HOME=C:\Program Files\Java\jre1.8.0_221
PATH=C:/Program Files/Java/jre1.8.0_221/bin/server;C:/Program Files/Java/jre1.8.0_221/bin;C:/Program Files/Java/jre1.8.0_221/lib/amd64;C:\Program Files\Apache\Maven-3.6.2\bin;C:\oraclexe\app\oracle\product\11.2.0\server\bin;C:\Program Files (x86)\Common Files\Oracle\Java\javapath;C:\Program Files (x86)\Intel\iCLS Client\;C:\Program Files\Intel\iCLS Client\;C:\WINDOWS\system32;C:\WINDOWS;C:\WINDOWS\System32\Wbem;C:\WINDOWS\System32\WindowsPowerShell\v1.0\;C:\WINDOWS\System32\OpenSSH\;C:\Program Files\TortoiseSVN\bin;C:\Program Files\Apache\Tomcat-9.0.24\bin;C:\Users\Pablosky\AppData\Local\Microsoft\WindowsApps;;C:\Users\Pablosky\AppData\Local\Programs\Microsoft VS Code\bin;C:\Program Files\Eclipse\Eclipse-2019-06\eclipse;
USERNAME=Pablosky
OS=Windows_NT
PROCESSOR_IDENTIFIER=Intel64 Family 6 Model 78 Stepping 3, GenuineIntel



---------------  S Y S T E M  ---------------

OS: Windows 10.0 , 64 bit Build 17763 (10.0.17763.475)

CPU:total 4 (initial active 4) (2 cores per cpu, 2 threads per core) family 6 model 78 stepping 3, cmov, cx8, fxsr, mmx, sse, sse2, sse3, ssse3, sse4.1, sse4.2, popcnt, avx, avx2, aes, clmul, erms, 3dnowpref, lzcnt, ht, tsc, tscinvbit, bmi1, bmi2, adx

Memory: 4k page, physical 8286144k(3174004k free), swap 9451908k(5128k free)

vm_info: Java HotSpot(TM) 64-Bit Server VM (25.221-b11) for windows-amd64 JRE (1.8.0_221-b11), built on Jul  4 2019 04:39:29 by "java_re" with MS VC++ 10.0 (VS2010)

time: Wed Aug 19 17:05:28 2020
timezone: Hora de verano romance
elapsed time: 5 seconds (0d 0h 0m 5s)

