#
# There is insufficient memory for the Java Runtime Environment to continue.
# Native memory allocation (malloc) failed to allocate 1684160 bytes for Chunk::new
# Possible reasons:
#   The system is out of physical RAM or swap space
#   The process is running with CompressedOops enabled, and the Java Heap may be blocking the growth of the native heap
# Possible solutions:
#   Reduce memory load on the system
#   Increase physical memory or swap space
#   Check if swap backing store is full
#   Decrease Java heap size (-Xmx/-Xms)
#   Decrease number of Java threads
#   Decrease Java thread stack sizes (-Xss)
#   Set larger code cache with -XX:ReservedCodeCacheSize=
#   JVM is running with Unscaled Compressed Oops mode in which the Java heap is
#     placed in the first 4GB address space. The Java Heap base address is the
#     maximum limit for the native heap growth. Please use -XX:HeapBaseMinAddress
#     to set the Java Heap base and to place the Java Heap above 4GB virtual address.
# This output file may be truncated or incomplete.
#
#  Out of Memory Error (allocation.cpp:389), pid=10448, tid=0x000000000000280c
#
# JRE version: Java(TM) SE Runtime Environment (8.0_221-b11) (build 1.8.0_221-b11)
# Java VM: Java HotSpot(TM) 64-Bit Server VM (25.221-b11 mixed mode windows-amd64 compressed oops)
# Failed to write core dump. Minidumps are not enabled by default on client versions of Windows
#

---------------  T H R E A D  ---------------

Current thread (0x000000001737d800):  JavaThread "C2 CompilerThread1" daemon [_thread_in_native, id=10252, stack(0x0000000018af0000,0x0000000018bf0000)]

Stack: [0x0000000018af0000,0x0000000018bf0000]
[error occurred during error reporting (printing stack bounds), id 0xc0000005]

Native frames: (J=compiled Java code, j=interpreted, Vv=VM code, C=native code)


Current CompileTask:
C2:   7929 3715       4       java.net.URLClassLoader$1::run (5 bytes)


---------------  P R O C E S S  ---------------

Java Threads: ( => current thread )
  0x0000000018d1a800 JavaThread "Service Thread" daemon [_thread_blocked, id=14924, stack(0x00000000190f0000,0x00000000191f0000)]
  0x00000000173a5800 JavaThread "C1 CompilerThread2" daemon [_thread_blocked, id=7412, stack(0x0000000018bf0000,0x0000000018cf0000)]
=>0x000000001737d800 JavaThread "C2 CompilerThread1" daemon [_thread_in_native, id=10252, stack(0x0000000018af0000,0x0000000018bf0000)]
  0x0000000017373800 JavaThread "C2 CompilerThread0" daemon [_thread_in_native, id=4936, stack(0x00000000189f0000,0x0000000018af0000)]
  0x0000000017372000 JavaThread "Attach Listener" daemon [_thread_blocked, id=9984, stack(0x00000000188f0000,0x00000000189f0000)]
  0x0000000017371000 JavaThread "Signal Dispatcher" daemon [_thread_blocked, id=8012, stack(0x00000000187f0000,0x00000000188f0000)]
  0x000000000281d800 JavaThread "Finalizer" daemon [_thread_blocked, id=2288, stack(0x00000000185d0000,0x00000000186d0000)]
  0x0000000002815000 JavaThread "Reference Handler" daemon [_thread_blocked, id=14416, stack(0x00000000184d0000,0x00000000185d0000)]
  0x0000000002726000 JavaThread "main" [_thread_in_vm, id=15852, stack(0x0000000002620000,0x0000000002720000)]

Other Threads:
  0x0000000017338800 VMThread [stack: 0x00000000183d0000,0x00000000184d0000] [id=3412]
  0x0000000018d53800 WatcherThread [stack: 0x00000000191f0000,0x00000000192f0000] [id=8996]

VM state:not at safepoint (normal execution)

VM Mutex/Monitor currently owned by a thread: None

heap address: 0x0000000081800000, size: 2024 MB, Compressed Oops mode: 32-bit
Narrow klass base: 0x0000000000000000, Narrow klass shift: 3
Compressed class space size: 1073741824 Address: 0x0000000100000000

Heap:
 PSYoungGen      total 182272K, used 21283K [0x00000000d5d80000, 0x00000000e3000000, 0x0000000100000000)
  eden space 168448K, 12% used [0x00000000d5d80000,0x00000000d7248f80,0x00000000e0200000)
  from space 13824K, 0% used [0x00000000e1000000,0x00000000e1000000,0x00000000e1d80000)
  to   space 14336K, 0% used [0x00000000e0200000,0x00000000e0200000,0x00000000e1000000)
 ParOldGen       total 53760K, used 16616K [0x0000000081800000, 0x0000000084c80000, 0x00000000d5d80000)
  object space 53760K, 30% used [0x0000000081800000,0x000000008283a038,0x0000000084c80000)
 Metaspace       used 34591K, capacity 36242K, committed 36392K, reserved 1081344K
  class space    used 4487K, capacity 4806K, committed 4904K, reserved 1048576K

Card table byte_map: [0x0000000011be0000,0x0000000011fe0000] byte_map_base: 0x00000000117d4000

Marking Bits: (ParMarkBitMap*) 0x0000000065195ce0
 Begin Bits: [0x0000000012690000, 0x0000000014630000)
 End Bits:   [0x0000000014630000, 0x00000000165d0000)

Polling page: 0x00000000008a0000

CodeCache: size=245760Kb used=13118Kb max_used=13820Kb free=232641Kb
 bounds [0x0000000002820000, 0x00000000035b0000, 0x0000000011820000]
 total_blobs=3994 nmethods=3581 adapters=324
 compilation: enabled

Compilation events (10 events):
Event: 7.902 Thread 0x0000000017373800 nmethod 3889 0x00000000029e4d10 code [0x00000000029e4e60, 0x00000000029e52a8]
Event: 7.902 Thread 0x0000000017373800 3924       4       com.sun.org.apache.xerces.internal.impl.XMLEntityScanner::scanContent (690 bytes)
Event: 7.916 Thread 0x00000000173a5800 3986       2       java.util.jar.JarFile::getEntry (22 bytes)
Event: 7.917 Thread 0x00000000173a5800 nmethod 3986 0x0000000002e17a90 code [0x0000000002e17c00, 0x0000000002e17e38]
Event: 7.917 Thread 0x00000000173a5800 3987   !   2       java.util.zip.ZipFile::getEntry (101 bytes)
Event: 7.917 Thread 0x00000000173a5800 nmethod 3987 0x0000000002e17110 code [0x0000000002e172c0, 0x0000000002e177b8]
Event: 7.922 Thread 0x00000000173a5800 3988       2       java.util.zip.ZipCoder::getBytes (192 bytes)
Event: 7.922 Thread 0x0000000017373800 nmethod 3924 0x0000000002bae110 code [0x0000000002bae2a0, 0x0000000002bae9e8]
Event: 7.922 Thread 0x0000000017373800 3948   !   4       org.springframework.util.ConcurrentReferenceHashMap$Segment::restructureIfNecessary (367 bytes)
Event: 7.924 Thread 0x00000000173a5800 nmethod 3988 0x0000000002e39a50 code [0x0000000002e39ce0, 0x0000000002e3aad8]

GC Heap History (10 events):
Event: 4.094 GC heap before
{Heap before GC invocations=6 (full 1):
 PSYoungGen      total 71680K, used 66502K [0x00000000d5d80000, 0x00000000da880000, 0x0000000100000000)
  eden space 66560K, 99% used [0x00000000d5d80000,0x00000000d9e71a20,0x00000000d9e80000)
  from space 5120K, 0% used [0x00000000da380000,0x00000000da380000,0x00000000da880000)
  to   space 5120K, 0% used [0x00000000d9e80000,0x00000000d9e80000,0x00000000da380000)
 ParOldGen       total 53760K, used 5328K [0x0000000081800000, 0x0000000084c80000, 0x00000000d5d80000)
  object space 53760K, 9% used [0x0000000081800000,0x0000000081d34218,0x0000000084c80000)
 Metaspace       used 23152K, capacity 23854K, committed 24240K, reserved 1071104K
  class space    used 2983K, capacity 3160K, committed 3248K, reserved 1048576K
Event: 4.111 GC heap after
Heap after GC invocations=6 (full 1):
 PSYoungGen      total 71680K, used 4238K [0x00000000d5d80000, 0x00000000dda80000, 0x0000000100000000)
  eden space 66560K, 0% used [0x00000000d5d80000,0x00000000d5d80000,0x00000000d9e80000)
  from space 5120K, 82% used [0x00000000d9e80000,0x00000000da2a3aa8,0x00000000da380000)
  to   space 9216K, 0% used [0x00000000dd180000,0x00000000dd180000,0x00000000dda80000)
 ParOldGen       total 53760K, used 5328K [0x0000000081800000, 0x0000000084c80000, 0x00000000d5d80000)
  object space 53760K, 9% used [0x0000000081800000,0x0000000081d34218,0x0000000084c80000)
 Metaspace       used 23152K, capacity 23854K, committed 24240K, reserved 1071104K
  class space    used 2983K, capacity 3160K, committed 3248K, reserved 1048576K
}
Event: 5.234 GC heap before
{Heap before GC invocations=7 (full 1):
 PSYoungGen      total 71680K, used 70798K [0x00000000d5d80000, 0x00000000dda80000, 0x0000000100000000)
  eden space 66560K, 100% used [0x00000000d5d80000,0x00000000d9e80000,0x00000000d9e80000)
  from space 5120K, 82% used [0x00000000d9e80000,0x00000000da2a3aa8,0x00000000da380000)
  to   space 9216K, 0% used [0x00000000dd180000,0x00000000dd180000,0x00000000dda80000)
 ParOldGen       total 53760K, used 5328K [0x0000000081800000, 0x0000000084c80000, 0x00000000d5d80000)
  object space 53760K, 9% used [0x0000000081800000,0x0000000081d34218,0x0000000084c80000)
 Metaspace       used 26615K, capacity 27574K, committed 27824K, reserved 1073152K
  class space    used 3481K, capacity 3710K, committed 3760K, reserved 1048576K
Event: 5.251 GC heap after
Heap after GC invocations=7 (full 1):
 PSYoungGen      total 116224K, used 8921K [0x00000000d5d80000, 0x00000000dda80000, 0x0000000100000000)
  eden space 107008K, 0% used [0x00000000d5d80000,0x00000000d5d80000,0x00000000dc600000)
  from space 9216K, 96% used [0x00000000dd180000,0x00000000dda36758,0x00000000dda80000)
  to   space 10240K, 0% used [0x00000000dc680000,0x00000000dc680000,0x00000000dd080000)
 ParOldGen       total 53760K, used 5336K [0x0000000081800000, 0x0000000084c80000, 0x00000000d5d80000)
  object space 53760K, 9% used [0x0000000081800000,0x0000000081d36218,0x0000000084c80000)
 Metaspace       used 26615K, capacity 27574K, committed 27824K, reserved 1073152K
  class space    used 3481K, capacity 3710K, committed 3760K, reserved 1048576K
}
Event: 7.210 GC heap before
{Heap before GC invocations=8 (full 1):
 PSYoungGen      total 116224K, used 115925K [0x00000000d5d80000, 0x00000000dda80000, 0x0000000100000000)
  eden space 107008K, 99% used [0x00000000d5d80000,0x00000000dc5fefb8,0x00000000dc600000)
  from space 9216K, 96% used [0x00000000dd180000,0x00000000dda36758,0x00000000dda80000)
  to   space 10240K, 0% used [0x00000000dc680000,0x00000000dc680000,0x00000000dd080000)
 ParOldGen       total 53760K, used 5336K [0x0000000081800000, 0x0000000084c80000, 0x00000000d5d80000)
  object space 53760K, 9% used [0x0000000081800000,0x0000000081d36218,0x0000000084c80000)
 Metaspace       used 33364K, capacity 34940K, committed 35120K, reserved 1079296K
  class space    used 4335K, capacity 4649K, committed 4656K, reserved 1048576K
Event: 7.240 GC heap after
Heap after GC invocations=8 (full 1):
 PSYoungGen      total 117760K, used 10226K [0x00000000d5d80000, 0x00000000e1d80000, 0x0000000100000000)
  eden space 107520K, 0% used [0x00000000d5d80000,0x00000000d5d80000,0x00000000dc680000)
  from space 10240K, 99% used [0x00000000dc680000,0x00000000dd07c9f8,0x00000000dd080000)
  to   space 13824K, 0% used [0x00000000e1000000,0x00000000e1000000,0x00000000e1d80000)
 ParOldGen       total 53760K, used 9534K [0x0000000081800000, 0x0000000084c80000, 0x00000000d5d80000)
  object space 53760K, 17% used [0x0000000081800000,0x000000008214f8a8,0x0000000084c80000)
 Metaspace       used 33364K, capacity 34940K, committed 35120K, reserved 1079296K
  class space    used 4335K, capacity 4649K, committed 4656K, reserved 1048576K
}
Event: 7.367 GC heap before
{Heap before GC invocations=9 (full 1):
 PSYoungGen      total 117760K, used 20542K [0x00000000d5d80000, 0x00000000e1d80000, 0x0000000100000000)
  eden space 107520K, 9% used [0x00000000d5d80000,0x00000000d67930e8,0x00000000dc680000)
  from space 10240K, 99% used [0x00000000dc680000,0x00000000dd07c9f8,0x00000000dd080000)
  to   space 13824K, 0% used [0x00000000e1000000,0x00000000e1000000,0x00000000e1d80000)
 ParOldGen       total 53760K, used 9534K [0x0000000081800000, 0x0000000084c80000, 0x00000000d5d80000)
  object space 53760K, 17% used [0x0000000081800000,0x000000008214f8a8,0x0000000084c80000)
 Metaspace       used 33795K, capacity 35356K, committed 35496K, reserved 1079296K
  class space    used 4381K, capacity 4681K, committed 4776K, reserved 1048576K
Event: 7.387 GC heap after
Heap after GC invocations=9 (full 1):
 PSYoungGen      total 182272K, used 10707K [0x00000000d5d80000, 0x00000000e3000000, 0x0000000100000000)
  eden space 168448K, 0% used [0x00000000d5d80000,0x00000000d5d80000,0x00000000e0200000)
  from space 13824K, 77% used [0x00000000e1000000,0x00000000e1a74ef8,0x00000000e1d80000)
  to   space 14336K, 0% used [0x00000000e0200000,0x00000000e0200000,0x00000000e1000000)
 ParOldGen       total 53760K, used 9542K [0x0000000081800000, 0x0000000084c80000, 0x00000000d5d80000)
  object space 53760K, 17% used [0x0000000081800000,0x00000000821518a8,0x0000000084c80000)
 Metaspace       used 33795K, capacity 35356K, committed 35496K, reserved 1079296K
  class space    used 4381K, capacity 4681K, committed 4776K, reserved 1048576K
}
Event: 7.387 GC heap before
{Heap before GC invocations=10 (full 2):
 PSYoungGen      total 182272K, used 10707K [0x00000000d5d80000, 0x00000000e3000000, 0x0000000100000000)
  eden space 168448K, 0% used [0x00000000d5d80000,0x00000000d5d80000,0x00000000e0200000)
  from space 13824K, 77% used [0x00000000e1000000,0x00000000e1a74ef8,0x00000000e1d80000)
  to   space 14336K, 0% used [0x00000000e0200000,0x00000000e0200000,0x00000000e1000000)
 ParOldGen       total 53760K, used 9542K [0x0000000081800000, 0x0000000084c80000, 0x00000000d5d80000)
  object space 53760K, 17% used [0x0000000081800000,0x00000000821518a8,0x0000000084c80000)
 Metaspace       used 33795K, capacity 35356K, committed 35496K, reserved 1079296K
  class space    used 4381K, capacity 4681K, committed 4776K, reserved 1048576K
Event: 7.514 GC heap after
Heap after GC invocations=10 (full 2):
 PSYoungGen      total 182272K, used 0K [0x00000000d5d80000, 0x00000000e3000000, 0x0000000100000000)
  eden space 168448K, 0% used [0x00000000d5d80000,0x00000000d5d80000,0x00000000e0200000)
  from space 13824K, 0% used [0x00000000e1000000,0x00000000e1000000,0x00000000e1d80000)
  to   space 14336K, 0% used [0x00000000e0200000,0x00000000e0200000,0x00000000e1000000)
 ParOldGen       total 53760K, used 16616K [0x0000000081800000, 0x0000000084c80000, 0x00000000d5d80000)
  object space 53760K, 30% used [0x0000000081800000,0x000000008283a038,0x0000000084c80000)
 Metaspace       used 33795K, capacity 35356K, committed 35496K, reserved 1079296K
  class space    used 4381K, capacity 4681K, committed 4776K, reserved 1048576K
}

Deoptimization events (10 events):
Event: 7.594 Thread 0x0000000002726000 Uncommon trap: reason=unstable_if action=reinterpret pc=0x000000000357f7dc method=com.sun.org.apache.xerces.internal.utils.XMLLimitAnalyzer.addValue(ILjava/lang/String;I)V @ 7
Event: 7.594 Thread 0x0000000002726000 Uncommon trap: reason=unstable_if action=reinterpret pc=0x0000000002f85ca0 method=com.sun.org.apache.xerces.internal.utils.XMLSecurityManager.isOverLimit(ILcom/sun/org/apache/xerces/internal/utils/XMLLimitAnalyzer;)Z @ 28
Event: 7.599 Thread 0x0000000002726000 Uncommon trap: reason=unstable_if action=reinterpret pc=0x000000000358271c method=com.sun.org.apache.xerces.internal.util.SymbolTable.addSymbol([CII)Ljava/lang/String; @ 64
Event: 7.611 Thread 0x0000000002726000 Uncommon trap: reason=unstable_if action=reinterpret pc=0x0000000002f863f8 method=com.sun.org.apache.xerces.internal.impl.XMLEntityScanner.peekChar()I @ 14
Event: 7.634 Thread 0x0000000002726000 Uncommon trap: reason=unstable_if action=reinterpret pc=0x0000000002eb522c method=com.sun.org.apache.xerces.internal.impl.XMLEntityScanner.scanLiteral(ILcom/sun/org/apache/xerces/internal/xni/XMLString;Z)I @ 660
Event: 7.722 Thread 0x0000000002726000 Uncommon trap: reason=unstable_if action=reinterpret pc=0x0000000002f88fbc method=com.sun.org.apache.xerces.internal.impl.io.UTF8Reader.read([CII)I @ 131
Event: 7.736 Thread 0x0000000002726000 Uncommon trap: reason=unstable_if action=reinterpret pc=0x0000000002bfa5f0 method=com.sun.org.apache.xerces.internal.impl.XMLEntityScanner.scanContent(Lcom/sun/org/apache/xerces/internal/xni/XMLString;)I @ 526
Event: 7.800 Thread 0x0000000002726000 Uncommon trap: reason=unstable_if action=reinterpret pc=0x0000000002a9dcb8 method=java.util.Properties$LineReader.readLine()I @ 271
Event: 7.801 Thread 0x0000000002726000 Uncommon trap: reason=unstable_if action=reinterpret pc=0x000000000358eed8 method=java.util.Properties$LineReader.readLine()I @ 271
Event: 7.824 Thread 0x0000000002726000 Uncommon trap: reason=class_check action=maybe_recompile pc=0x0000000002956e94 method=java.util.AbstractList$Itr.hasNext()Z @ 8

Classes redefined (0 events):
No events

Internal exceptions (10 events):
Event: 6.135 Thread 0x0000000002726000 Exception <a 'java/lang/ClassNotFoundException': org/springframework/transaction/annotation/AbstractTransactionManagementConfigurationCustomizer> (0x00000000d8a95ee0) thrown at [C:\re\workspace\8-2-build-windows-amd64-cygwin\jdk8u221\13320\hotspot\src\sha
Event: 6.136 Thread 0x0000000002726000 Exception <a 'java/lang/ClassNotFoundException': org/springframework/transaction/annotation/ProxyTransactionManagementConfigurationCustomizer> (0x00000000d8ab8310) thrown at [C:\re\workspace\8-2-build-windows-amd64-cygwin\jdk8u221\13320\hotspot\src\share\
Event: 6.137 Thread 0x0000000002726000 Exception <a 'java/lang/ClassNotFoundException': org/springframework/transaction/annotation/ProxyTransactionManagementConfiguration$$EnhancerBySpringCGLIB$$3d2c2458Customizer> (0x00000000d8ae3c20) thrown at [C:\re\workspace\8-2-build-windows-amd64-cygwin\
Event: 6.138 Thread 0x0000000002726000 Exception <a 'java/lang/ClassNotFoundException': org/springframework/context/annotation/ConfigurationClassEnhancer$EnhancedConfigurationCustomizer> (0x00000000d8b0f638) thrown at [C:\re\workspace\8-2-build-windows-amd64-cygwin\jdk8u221\13320\hotspot\src\s
Event: 6.139 Thread 0x0000000002726000 Exception <a 'java/lang/ClassNotFoundException': org/springframework/beans/factory/BeanFactoryAwareCustomizer> (0x00000000d8b26710) thrown at [C:\re\workspace\8-2-build-windows-amd64-cygwin\jdk8u221\13320\hotspot\src\share\vm\classfile\systemDictionary.cp
Event: 6.140 Thread 0x0000000002726000 Exception <a 'java/lang/ClassNotFoundException': org/springframework/beans/factory/AwareCustomizer> (0x00000000d8b3bac8) thrown at [C:\re\workspace\8-2-build-windows-amd64-cygwin\jdk8u221\13320\hotspot\src\share\vm\classfile\systemDictionary.cpp, line 210
Event: 6.141 Thread 0x0000000002726000 Exception <a 'java/lang/ClassNotFoundException': org/springframework/context/annotation/ImportAwareCustomizer> (0x00000000d8b529e8) thrown at [C:\re\workspace\8-2-build-windows-amd64-cygwin\jdk8u221\13320\hotspot\src\share\vm\classfile\systemDictionary.cp
Event: 6.142 Thread 0x0000000002726000 Exception <a 'java/lang/ClassNotFoundException': org/springframework/beans/factory/AwareCustomizer> (0x00000000d8b677a0) thrown at [C:\re\workspace\8-2-build-windows-amd64-cygwin\jdk8u221\13320\hotspot\src\share\vm\classfile\systemDictionary.cpp, line 210
Event: 6.142 Thread 0x0000000002726000 Implicit null exception at 0x000000000303ea4c to 0x000000000303eac1
Event: 6.402 Thread 0x0000000002726000 Exception <a 'java/lang/NoSuchMethodError': java.lang.Object.lambda$and$0(Ljava/util/function/Predicate;Ljava/lang/Object;)Z> (0x00000000d95a3da8) thrown at [C:\re\workspace\8-2-build-windows-amd64-cygwin\jdk8u221\13320\hotspot\src\share\vm\interpreter\li

Events (10 events):
Event: 7.925 loading class java/util/concurrent/ConcurrentSkipListMap$EntrySet
Event: 7.925 loading class java/util/concurrent/ConcurrentSkipListMap$EntrySet done
Event: 7.925 loading class java/util/concurrent/ConcurrentSkipListMap$Values
Event: 7.925 loading class java/util/concurrent/ConcurrentSkipListMap$Values done
Event: 7.925 loading class java/util/concurrent/ConcurrentSkipListMap$Node
Event: 7.926 loading class java/util/concurrent/ConcurrentSkipListMap$Node done
Event: 7.926 loading class org/apache/tomcat/websocket/server/WsFilter
Event: 7.926 loading class org/apache/tomcat/websocket/server/WsFilter done
Event: 7.926 loading class javax/servlet/GenericFilter
Event: 7.927 loading class javax/servlet/GenericFilter done


Dynamic libraries:
0x00007ff652470000 - 0x00007ff6524a7000 	C:\Program Files\Java\jre1.8.0_221\bin\javaw.exe
0x00007ff9b47f0000 - 0x00007ff9b49dd000 	C:\WINDOWS\SYSTEM32\ntdll.dll
0x00007ff9b1a10000 - 0x00007ff9b1ac3000 	C:\WINDOWS\System32\KERNEL32.DLL
0x00007ff9b0ca0000 - 0x00007ff9b0f33000 	C:\WINDOWS\System32\KERNELBASE.dll
0x00007ff9b2820000 - 0x00007ff9b28c3000 	C:\WINDOWS\System32\ADVAPI32.dll
0x00007ff9b2300000 - 0x00007ff9b239e000 	C:\WINDOWS\System32\msvcrt.dll
0x00007ff9b1ad0000 - 0x00007ff9b1b6e000 	C:\WINDOWS\System32\sechost.dll
0x00007ff9b26f0000 - 0x00007ff9b2812000 	C:\WINDOWS\System32\RPCRT4.dll
0x00007ff9b20d0000 - 0x00007ff9b2267000 	C:\WINDOWS\System32\USER32.dll
0x00007ff9b16f0000 - 0x00007ff9b1710000 	C:\WINDOWS\System32\win32u.dll
0x00007ff9b2600000 - 0x00007ff9b2629000 	C:\WINDOWS\System32\GDI32.dll
0x00007ff9b17c0000 - 0x00007ff9b1959000 	C:\WINDOWS\System32\gdi32full.dll
0x00007ff9b0c00000 - 0x00007ff9b0ca0000 	C:\WINDOWS\System32\msvcp_win.dll
0x00007ff9b0b00000 - 0x00007ff9b0bfa000 	C:\WINDOWS\System32\ucrtbase.dll
0x00007ff99ef40000 - 0x00007ff99f1b9000 	C:\WINDOWS\WinSxS\amd64_microsoft.windows.common-controls_6595b64144ccf1df_6.0.17763.973_none_05b245900721eb81\COMCTL32.dll
0x00007ff9b1b70000 - 0x00007ff9b1e9c000 	C:\WINDOWS\System32\combase.dll
0x00007ff9b1960000 - 0x00007ff9b19de000 	C:\WINDOWS\System32\bcryptPrimitives.dll
0x00007ff9b40a0000 - 0x00007ff9b40ce000 	C:\WINDOWS\System32\IMM32.DLL
0x00000000642f0000 - 0x00000000643c2000 	C:\Program Files\Java\jre1.8.0_221\bin\msvcr100.dll
0x0000000064970000 - 0x0000000065215000 	C:\Program Files\Java\jre1.8.0_221\bin\server\jvm.dll
0x00007ff9b4700000 - 0x00007ff9b4708000 	C:\WINDOWS\System32\PSAPI.DLL
0x00007ff9a1df0000 - 0x00007ff9a1df9000 	C:\WINDOWS\SYSTEM32\WSOCK32.dll
0x00007ff9b23a0000 - 0x00007ff9b240d000 	C:\WINDOWS\System32\WS2_32.dll
0x00007ff9a8730000 - 0x00007ff9a8754000 	C:\WINDOWS\SYSTEM32\WINMM.dll
0x00007ff9ab430000 - 0x00007ff9ab43a000 	C:\WINDOWS\SYSTEM32\VERSION.dll
0x00007ff9a8700000 - 0x00007ff9a872d000 	C:\WINDOWS\SYSTEM32\WINMMBASE.dll
0x00007ff9b0a90000 - 0x00007ff9b0ada000 	C:\WINDOWS\System32\cfgmgr32.dll
0x00007ff9ac740000 - 0x00007ff9ac74f000 	C:\Program Files\Java\jre1.8.0_221\bin\verify.dll
0x00007ff9a1da0000 - 0x00007ff9a1dc9000 	C:\Program Files\Java\jre1.8.0_221\bin\java.dll
0x00007ff9a1d50000 - 0x00007ff9a1d66000 	C:\Program Files\Java\jre1.8.0_221\bin\zip.dll
0x00007ff9b2a30000 - 0x00007ff9b3f24000 	C:\WINDOWS\System32\SHELL32.dll
0x00007ff9b4710000 - 0x00007ff9b47b8000 	C:\WINDOWS\System32\shcore.dll
0x00007ff9b0f40000 - 0x00007ff9b168d000 	C:\WINDOWS\System32\windows.storage.dll
0x00007ff9b0880000 - 0x00007ff9b08a4000 	C:\WINDOWS\System32\profapi.dll
0x00007ff9b07e0000 - 0x00007ff9b083d000 	C:\WINDOWS\System32\powrprof.dll
0x00007ff9b2690000 - 0x00007ff9b26e2000 	C:\WINDOWS\System32\shlwapi.dll
0x00007ff9b0840000 - 0x00007ff9b0851000 	C:\WINDOWS\System32\kernel.appcore.dll
0x00007ff9b0ae0000 - 0x00007ff9b0af7000 	C:\WINDOWS\System32\cryptsp.dll
0x00007ff9a8620000 - 0x00007ff9a862d000 	C:\Program Files\Java\jre1.8.0_221\bin\management.dll
0x00007ff9a1cf0000 - 0x00007ff9a1d0a000 	C:\Program Files\Java\jre1.8.0_221\bin\net.dll
0x00007ff9a3310000 - 0x00007ff9a34e7000 	C:\WINDOWS\SYSTEM32\urlmon.dll
0x00007ff9a23e0000 - 0x00007ff9a2688000 	C:\WINDOWS\SYSTEM32\iertutil.dll
0x00007ff9b0220000 - 0x00007ff9b022c000 	C:\WINDOWS\SYSTEM32\CRYPTBASE.DLL
0x00007ff9b0050000 - 0x00007ff9b00b7000 	C:\WINDOWS\system32\mswsock.dll
0x00007ff993fb0000 - 0x00007ff993fc6000 	C:\WINDOWS\system32\napinsp.dll
0x00007ff993f30000 - 0x00007ff993f4a000 	C:\WINDOWS\system32\pnrpnsp.dll
0x00007ff9afdb0000 - 0x00007ff9afe76000 	C:\WINDOWS\SYSTEM32\DNSAPI.dll
0x00007ff9b2270000 - 0x00007ff9b2278000 	C:\WINDOWS\System32\NSI.dll
0x00007ff9afd70000 - 0x00007ff9afdad000 	C:\WINDOWS\SYSTEM32\IPHLPAPI.DLL
0x00007ff993f20000 - 0x00007ff993f2e000 	C:\WINDOWS\System32\winrnr.dll
0x00007ff9ad2a0000 - 0x00007ff9ad2bb000 	C:\WINDOWS\system32\NLAapi.dll
0x00007ff9a9cf0000 - 0x00007ff9a9d05000 	C:\WINDOWS\system32\wshbth.dll
0x00007ff9a2f80000 - 0x00007ff9a2f8a000 	C:\Windows\System32\rasadhlp.dll
0x00007ff9a2ff0000 - 0x00007ff9a3069000 	C:\WINDOWS\System32\fwpuclnt.dll
0x00007ff9b19e0000 - 0x00007ff9b1a06000 	C:\WINDOWS\System32\bcrypt.dll
0x00007ff9a1c60000 - 0x00007ff9a1c72000 	C:\Program Files\Java\jre1.8.0_221\bin\nio.dll
0x0000000180000000 - 0x0000000180282000 	C:\Program Files\Apache\Tomcat-9.0.24\bin\tcnative-1.dll
0x00007ff9b08b0000 - 0x00007ff9b0a8c000 	C:\WINDOWS\System32\CRYPT32.dll
0x00007ff9b0860000 - 0x00007ff9b0872000 	C:\WINDOWS\System32\MSASN1.dll
0x00007ff9afbd0000 - 0x00007ff9afc03000 	C:\WINDOWS\system32\rsaenh.dll
0x00007ff9b06e0000 - 0x00007ff9b0708000 	C:\WINDOWS\SYSTEM32\USERENV.dll
0x00007ff9a8490000 - 0x00007ff9a84a6000 	C:\WINDOWS\SYSTEM32\dhcpcsvc6.DLL
0x00007ff9a8560000 - 0x00007ff9a857c000 	C:\WINDOWS\SYSTEM32\dhcpcsvc.DLL

VM Arguments:
jvm_args: -ea -Dfile.encoding=utf-8 
java_command: acme.Launcher --database:populate-sample
java_class_path (initial): C:\Users\Pablosky\git\DP1-S-D4\target\classes;C:\Users\Pablosky\.m2\repository\org\springframework\boot\spring-boot-starter-tomcat\2.1.7.RELEASE\spring-boot-starter-tomcat-2.1.7.RELEASE.jar;C:\Users\Pablosky\.m2\repository\javax\annotation\javax.annotation-api\1.3.2\javax.annotation-api-1.3.2.jar;C:\Users\Pablosky\.m2\repository\org\apache\tomcat\embed\tomcat-embed-core\9.0.22\tomcat-embed-core-9.0.22.jar;C:\Users\Pablosky\.m2\repository\org\apache\tomcat\embed\tomcat-embed-el\9.0.22\tomcat-embed-el-9.0.22.jar;C:\Users\Pablosky\.m2\repository\org\apache\tomcat\embed\tomcat-embed-websocket\9.0.22\tomcat-embed-websocket-9.0.22.jar;C:\Users\Pablosky\.m2\repository\org\apache\tomcat\embed\tomcat-embed-jasper\9.0.22\tomcat-embed-jasper-9.0.22.jar;C:\Users\Pablosky\.m2\repository\org\eclipse\jdt\ecj\3.18.0\ecj-3.18.0.jar;C:\Users\Pablosky\.m2\repository\javax\servlet\jstl\1.2\jstl-1.2.jar;C:\Users\Pablosky\.m2\repository\org\springframework\boot\spring-boot-starter-security\2.1.7.RELEASE\spring-boot-starter-security-2.1.7.RELEASE.jar;C:\Users\Pablosky\.m2\repository\org\springframework\boot\spring-boot-starter\2.1.7.RELEASE\spring-boot-starter-2.1.7.RELEASE.jar;C:\Users\Pablosky\.m2\repository\org\springframework\boot\spring-boot\2.1.7.RELEASE\spring-boot-2.1.7.RELEASE.jar;C:\Users\Pablosky\.m2\repository\org\springframework\boot\spring-boot-autoconfigure\2.1.7.RELEASE\spring-boot-autoconfigure-2.1.7.RELEASE.jar;C:\Users\Pablosky\.m2\repository\org\springframework\boot\spring-boot-starter-logging\2.1.7.RELEASE\spring-boot-starter-logging-2.1.7.RELEASE.jar;C:\Users\Pablosky\.m2\repository\ch\qos\logback\logback-classic\1.2.3\logback-classic-1.2.3.jar;C:\Users\Pablosky\.m2\repository\ch\qos\logback\logback-core\1.2.3\logback-core-1.2.3.jar;C:\Users\Pablosky\.m2\repository\org\apache\logging\log4j\log4j-to-slf4j\2.11.2\log4j-to-slf4j-2.11.2.jar;C:\Users\Pablosky\.m2\repository\org\apache\logging\log4j\log4j-api\2.11.2\log4j-api-2.11.2.jar;C:\User
Launcher Type: SUN_STANDARD

Environment Variables:
JAVA_HOME=C:\Program Files\Java\jdk1.8.0_201
JRE_HOME=C:\Program Files\Java\jre1.8.0_221
PATH=C:/Program Files/Java/jre1.8.0_221/bin/server;C:/Program Files/Java/jre1.8.0_221/bin;C:/Program Files/Java/jre1.8.0_221/lib/amd64;C:\Program Files\Apache\Maven-3.6.2\bin;C:\oraclexe\app\oracle\product\11.2.0\server\bin;C:\Program Files (x86)\Common Files\Oracle\Java\javapath;C:\Program Files (x86)\Intel\iCLS Client\;C:\Program Files\Intel\iCLS Client\;C:\WINDOWS\system32;C:\WINDOWS;C:\WINDOWS\System32\Wbem;C:\WINDOWS\System32\WindowsPowerShell\v1.0\;C:\WINDOWS\System32\OpenSSH\;C:\Program Files\TortoiseSVN\bin;C:\Program Files\Apache\Tomcat-9.0.24\bin;C:\Users\Pablosky\AppData\Local\Microsoft\WindowsApps;;C:\Users\Pablosky\AppData\Local\Programs\Microsoft VS Code\bin;C:\Program Files\Eclipse\Eclipse-2019-06\eclipse;
USERNAME=Pablosky
OS=Windows_NT
PROCESSOR_IDENTIFIER=Intel64 Family 6 Model 78 Stepping 3, GenuineIntel



---------------  S Y S T E M  ---------------

OS: Windows 10.0 , 64 bit Build 17763 (10.0.17763.475)

CPU:total 4 (initial active 4) (2 cores per cpu, 2 threads per core) family 6 model 78 stepping 3, cmov, cx8, fxsr, mmx, sse, sse2, sse3, ssse3, sse4.1, sse4.2, popcnt, avx, avx2, aes, clmul, erms, 3dnowpref, lzcnt, ht, tsc, tscinvbit, bmi1, bmi2, adx

Memory: 4k page, physical 8286144k(2687684k free), swap 9451908k(8960k free)

vm_info: Java HotSpot(TM) 64-Bit Server VM (25.221-b11) for windows-amd64 JRE (1.8.0_221-b11), built on Jul  4 2019 04:39:29 by "java_re" with MS VC++ 10.0 (VS2010)

time: Wed Aug 19 16:40:04 2020
timezone: Hora de verano romance
elapsed time: 7 seconds (0d 0h 0m 7s)

