#
# There is insufficient memory for the Java Runtime Environment to continue.
# Native memory allocation (malloc) failed to allocate 886416 bytes for Chunk::new
# Possible reasons:
#   The system is out of physical RAM or swap space
#   The process is running with CompressedOops enabled, and the Java Heap may be blocking the growth of the native heap
# Possible solutions:
#   Reduce memory load on the system
#   Increase physical memory or swap space
#   Check if swap backing store is full
#   Decrease Java heap size (-Xmx/-Xms)
#   Decrease number of Java threads
#   Decrease Java thread stack sizes (-Xss)
#   Set larger code cache with -XX:ReservedCodeCacheSize=
#   JVM is running with Unscaled Compressed Oops mode in which the Java heap is
#     placed in the first 4GB address space. The Java Heap base address is the
#     maximum limit for the native heap growth. Please use -XX:HeapBaseMinAddress
#     to set the Java Heap base and to place the Java Heap above 4GB virtual address.
# This output file may be truncated or incomplete.
#
#  Out of Memory Error (allocation.cpp:389), pid=15476, tid=0x0000000000001f6c
#
# JRE version: Java(TM) SE Runtime Environment (8.0_221-b11) (build 1.8.0_221-b11)
# Java VM: Java HotSpot(TM) 64-Bit Server VM (25.221-b11 mixed mode windows-amd64 compressed oops)
# Failed to write core dump. Minidumps are not enabled by default on client versions of Windows
#

---------------  T H R E A D  ---------------

Current thread (0x0000000017185000):  JavaThread "C2 CompilerThread0" daemon [_thread_in_native, id=8044, stack(0x00000000187f0000,0x00000000188f0000)]

Stack: [0x00000000187f0000,0x00000000188f0000]
[error occurred during error reporting (printing stack bounds), id 0xc0000005]

Native frames: (J=compiled Java code, j=interpreted, Vv=VM code, C=native code)


Current CompileTask:
C2:  11856 6005       4       org.springframework.core.ResolvableType::forType (115 bytes)


---------------  P R O C E S S  ---------------

Java Threads: ( => current thread )
  0x000000001cfe7000 JavaThread "HikariPool-1 connection adder" daemon [_thread_blocked, id=1428, stack(0x000000001ff60000,0x0000000020060000)]
  0x000000001cf72000 JavaThread "HikariPool-1 housekeeper" daemon [_thread_blocked, id=14768, stack(0x000000001fe60000,0x000000001ff60000)]
  0x000000001ceae000 JavaThread "mysql-cj-abandoned-connection-cleanup" daemon [_thread_blocked, id=10812, stack(0x000000001fa60000,0x000000001fb60000)]
  0x000000001e885000 JavaThread "container-0" [_thread_blocked, id=13164, stack(0x000000001f960000,0x000000001fa60000)]
  0x000000001e884800 JavaThread "Catalina-utility-2" [_thread_blocked, id=6392, stack(0x000000001e3f0000,0x000000001e4f0000)]
  0x000000001a067800 JavaThread "Catalina-utility-1" [_thread_blocked, id=8548, stack(0x000000001cc60000,0x000000001cd60000)]
  0x0000000018b1c000 JavaThread "Service Thread" daemon [_thread_blocked, id=6048, stack(0x0000000018ef0000,0x0000000018ff0000)]
  0x0000000017190800 JavaThread "C1 CompilerThread2" daemon [_thread_blocked, id=13536, stack(0x00000000189f0000,0x0000000018af0000)]
  0x000000001718d000 JavaThread "C2 CompilerThread1" daemon [_thread_in_native, id=12716, stack(0x00000000188f0000,0x00000000189f0000)]
=>0x0000000017185000 JavaThread "C2 CompilerThread0" daemon [_thread_in_native, id=8044, stack(0x00000000187f0000,0x00000000188f0000)]
  0x0000000017184000 JavaThread "Attach Listener" daemon [_thread_blocked, id=16196, stack(0x00000000186f0000,0x00000000187f0000)]
  0x0000000017183000 JavaThread "Signal Dispatcher" daemon [_thread_blocked, id=2776, stack(0x00000000185f0000,0x00000000186f0000)]
  0x000000001716c800 JavaThread "Finalizer" daemon [_thread_blocked, id=8096, stack(0x00000000183d0000,0x00000000184d0000)]
  0x0000000017149000 JavaThread "Reference Handler" daemon [_thread_blocked, id=12180, stack(0x00000000182d0000,0x00000000183d0000)]
  0x0000000002536000 JavaThread "main" [_thread_in_vm, id=15880, stack(0x0000000002430000,0x0000000002530000)]

Other Threads:
  0x0000000017148000 VMThread [stack: 0x00000000181d0000,0x00000000182d0000] [id=11788]
  0x0000000018b4e000 WatcherThread [stack: 0x0000000018ff0000,0x00000000190f0000] [id=14624]

VM state:not at safepoint (normal execution)

VM Mutex/Monitor currently owned by a thread: None

heap address: 0x0000000081800000, size: 2024 MB, Compressed Oops mode: 32-bit
Narrow klass base: 0x0000000000000000, Narrow klass shift: 3
Compressed class space size: 1073741824 Address: 0x0000000100000000

Heap:
 PSYoungGen      total 118272K, used 64607K [0x00000000d5d80000, 0x00000000ddc80000, 0x0000000100000000)
  eden space 109056K, 50% used [0x00000000d5d80000,0x00000000d939f9f0,0x00000000dc800000)
  from space 9216K, 99% used [0x00000000dd380000,0x00000000ddc78300,0x00000000ddc80000)
  to   space 10240K, 0% used [0x00000000dc880000,0x00000000dc880000,0x00000000dd280000)
 ParOldGen       total 76288K, used 21825K [0x0000000081800000, 0x0000000086280000, 0x00000000d5d80000)
  object space 76288K, 28% used [0x0000000081800000,0x0000000082d507c0,0x0000000086280000)
 Metaspace       used 53589K, capacity 55594K, committed 55848K, reserved 1097728K
  class space    used 7301K, capacity 7678K, committed 7720K, reserved 1048576K

Card table byte_map: [0x00000000119f0000,0x0000000011df0000] byte_map_base: 0x00000000115e4000

Marking Bits: (ParMarkBitMap*) 0x0000000065195ce0
 Begin Bits: [0x00000000124a0000, 0x0000000014440000)
 End Bits:   [0x0000000014440000, 0x00000000163e0000)

Polling page: 0x00000000008f0000

CodeCache: size=245760Kb used=18185Kb max_used=18185Kb free=227574Kb
 bounds [0x0000000002630000, 0x0000000003810000, 0x0000000011630000]
 total_blobs=6128 nmethods=5597 adapters=442
 compilation: enabled

Compilation events (10 events):
Event: 11.702 Thread 0x0000000017190800 6022       3       org.springframework.core.convert.TypeDescriptor::annotationsMatch (66 bytes)
Event: 11.704 Thread 0x0000000017190800 nmethod 6022 0x00000000037fd9d0 code [0x00000000037fdbc0, 0x00000000037fe6a8]
Event: 11.705 Thread 0x0000000017190800 6023       3       java.util.Collections$EmptyList::toArray (5 bytes)
Event: 11.705 Thread 0x0000000017190800 nmethod 6023 0x00000000037fead0 code [0x00000000037fec20, 0x00000000037fedf0]
Event: 11.722 Thread 0x0000000017190800 6026       1       sun.reflect.generics.tree.ClassSignature::getFormalTypeParameters (5 bytes)
Event: 11.722 Thread 0x0000000017190800 nmethod 6026 0x00000000037fee90 code [0x00000000037fefe0, 0x00000000037ff0f0]
Event: 11.724 Thread 0x0000000017190800 6027       3       java.lang.Class::getDeclaredMethod (67 bytes)
Event: 11.727 Thread 0x0000000017190800 nmethod 6027 0x00000000037ff150 code [0x00000000037ff3a0, 0x0000000003800058]
Event: 11.727 Thread 0x0000000017190800 6028       3       org.springframework.core.convert.support.GenericConversionService$ConverterCacheKey::equals (55 bytes)
Event: 11.728 Thread 0x0000000017190800 nmethod 6028 0x0000000003800610 code [0x00000000038007a0, 0x0000000003800d98]

GC Heap History (10 events):
Event: 5.861 GC heap before
{Heap before GC invocations=8 (full 1):
 PSYoungGen      total 118272K, used 118082K [0x00000000d5d80000, 0x00000000ddc80000, 0x0000000100000000)
  eden space 109056K, 99% used [0x00000000d5d80000,0x00000000dc7f5070,0x00000000dc800000)
  from space 9216K, 98% used [0x00000000dd380000,0x00000000ddc5b9d0,0x00000000ddc80000)
  to   space 10240K, 0% used [0x00000000dc880000,0x00000000dc880000,0x00000000dd280000)
 ParOldGen       total 52224K, used 5443K [0x0000000081800000, 0x0000000084b00000, 0x00000000d5d80000)
  object space 52224K, 10% used [0x0000000081800000,0x0000000081d50f50,0x0000000084b00000)
 Metaspace       used 33398K, capacity 34980K, committed 35120K, reserved 1079296K
  class space    used 4338K, capacity 4649K, committed 4656K, reserved 1048576K
Event: 5.883 GC heap after
Heap after GC invocations=8 (full 1):
 PSYoungGen      total 119296K, used 10234K [0x00000000d5d80000, 0x00000000ddc80000, 0x0000000100000000)
  eden space 109056K, 0% used [0x00000000d5d80000,0x00000000d5d80000,0x00000000dc800000)
  from space 10240K, 99% used [0x00000000dc880000,0x00000000dd27ea40,0x00000000dd280000)
  to   space 9216K, 0% used [0x00000000dd380000,0x00000000dd380000,0x00000000ddc80000)
 ParOldGen       total 52224K, used 9699K [0x0000000081800000, 0x0000000084b00000, 0x00000000d5d80000)
  object space 52224K, 18% used [0x0000000081800000,0x0000000082178e20,0x0000000084b00000)
 Metaspace       used 33398K, capacity 34980K, committed 35120K, reserved 1079296K
  class space    used 4338K, capacity 4649K, committed 4656K, reserved 1048576K
}
Event: 5.999 GC heap before
{Heap before GC invocations=9 (full 1):
 PSYoungGen      total 119296K, used 15905K [0x00000000d5d80000, 0x00000000ddc80000, 0x0000000100000000)
  eden space 109056K, 5% used [0x00000000d5d80000,0x00000000d6309d40,0x00000000dc800000)
  from space 10240K, 99% used [0x00000000dc880000,0x00000000dd27ea40,0x00000000dd280000)
  to   space 9216K, 0% used [0x00000000dd380000,0x00000000dd380000,0x00000000ddc80000)
 ParOldGen       total 52224K, used 9699K [0x0000000081800000, 0x0000000084b00000, 0x00000000d5d80000)
  object space 52224K, 18% used [0x0000000081800000,0x0000000082178e20,0x0000000084b00000)
 Metaspace       used 33816K, capacity 35332K, committed 35496K, reserved 1079296K
  class space    used 4381K, capacity 4681K, committed 4776K, reserved 1048576K
Event: 6.016 GC heap after
Heap after GC invocations=9 (full 1):
 PSYoungGen      total 118272K, used 9209K [0x00000000d5d80000, 0x00000000ddc80000, 0x0000000100000000)
  eden space 109056K, 0% used [0x00000000d5d80000,0x00000000d5d80000,0x00000000dc800000)
  from space 9216K, 99% used [0x00000000dd380000,0x00000000ddc7e478,0x00000000ddc80000)
  to   space 10240K, 0% used [0x00000000dc880000,0x00000000dc880000,0x00000000dd280000)
 ParOldGen       total 52224K, used 11094K [0x0000000081800000, 0x0000000084b00000, 0x00000000d5d80000)
  object space 52224K, 21% used [0x0000000081800000,0x00000000822d5b68,0x0000000084b00000)
 Metaspace       used 33816K, capacity 35332K, committed 35496K, reserved 1079296K
  class space    used 4381K, capacity 4681K, committed 4776K, reserved 1048576K
}
Event: 6.016 GC heap before
{Heap before GC invocations=10 (full 2):
 PSYoungGen      total 118272K, used 9209K [0x00000000d5d80000, 0x00000000ddc80000, 0x0000000100000000)
  eden space 109056K, 0% used [0x00000000d5d80000,0x00000000d5d80000,0x00000000dc800000)
  from space 9216K, 99% used [0x00000000dd380000,0x00000000ddc7e478,0x00000000ddc80000)
  to   space 10240K, 0% used [0x00000000dc880000,0x00000000dc880000,0x00000000dd280000)
 ParOldGen       total 52224K, used 11094K [0x0000000081800000, 0x0000000084b00000, 0x00000000d5d80000)
  object space 52224K, 21% used [0x0000000081800000,0x00000000822d5b68,0x0000000084b00000)
 Metaspace       used 33816K, capacity 35332K, committed 35496K, reserved 1079296K
  class space    used 4381K, capacity 4681K, committed 4776K, reserved 1048576K
Event: 6.113 GC heap after
Heap after GC invocations=10 (full 2):
 PSYoungGen      total 118272K, used 0K [0x00000000d5d80000, 0x00000000ddc80000, 0x0000000100000000)
  eden space 109056K, 0% used [0x00000000d5d80000,0x00000000d5d80000,0x00000000dc800000)
  from space 9216K, 0% used [0x00000000dd380000,0x00000000dd380000,0x00000000ddc80000)
  to   space 10240K, 0% used [0x00000000dc880000,0x00000000dc880000,0x00000000dd280000)
 ParOldGen       total 76288K, used 15853K [0x0000000081800000, 0x0000000086280000, 0x00000000d5d80000)
  object space 76288K, 20% used [0x0000000081800000,0x000000008277b6e0,0x0000000086280000)
 Metaspace       used 33816K, capacity 35332K, committed 35496K, reserved 1079296K
  class space    used 4381K, capacity 4681K, committed 4776K, reserved 1048576K
}
Event: 7.842 GC heap before
{Heap before GC invocations=11 (full 2):
 PSYoungGen      total 118272K, used 109056K [0x00000000d5d80000, 0x00000000ddc80000, 0x0000000100000000)
  eden space 109056K, 100% used [0x00000000d5d80000,0x00000000dc800000,0x00000000dc800000)
  from space 9216K, 0% used [0x00000000dd380000,0x00000000dd380000,0x00000000ddc80000)
  to   space 10240K, 0% used [0x00000000dc880000,0x00000000dc880000,0x00000000dd280000)
 ParOldGen       total 76288K, used 15853K [0x0000000081800000, 0x0000000086280000, 0x00000000d5d80000)
  object space 76288K, 20% used [0x0000000081800000,0x000000008277b6e0,0x0000000086280000)
 Metaspace       used 42924K, capacity 44646K, committed 45096K, reserved 1087488K
  class space    used 5741K, capacity 6076K, committed 6184K, reserved 1048576K
Event: 7.855 GC heap after
Heap after GC invocations=11 (full 2):
 PSYoungGen      total 119296K, used 10235K [0x00000000d5d80000, 0x00000000ddc80000, 0x0000000100000000)
  eden space 109056K, 0% used [0x00000000d5d80000,0x00000000d5d80000,0x00000000dc800000)
  from space 10240K, 99% used [0x00000000dc880000,0x00000000dd27ed90,0x00000000dd280000)
  to   space 9216K, 0% used [0x00000000dd380000,0x00000000dd380000,0x00000000ddc80000)
 ParOldGen       total 76288K, used 17576K [0x0000000081800000, 0x0000000086280000, 0x00000000d5d80000)
  object space 76288K, 23% used [0x0000000081800000,0x000000008292a000,0x0000000086280000)
 Metaspace       used 42924K, capacity 44646K, committed 45096K, reserved 1087488K
  class space    used 5741K, capacity 6076K, committed 6184K, reserved 1048576K
}
Event: 10.310 GC heap before
{Heap before GC invocations=12 (full 2):
 PSYoungGen      total 119296K, used 119291K [0x00000000d5d80000, 0x00000000ddc80000, 0x0000000100000000)
  eden space 109056K, 100% used [0x00000000d5d80000,0x00000000dc800000,0x00000000dc800000)
  from space 10240K, 99% used [0x00000000dc880000,0x00000000dd27ed90,0x00000000dd280000)
  to   space 9216K, 0% used [0x00000000dd380000,0x00000000dd380000,0x00000000ddc80000)
 ParOldGen       total 76288K, used 17576K [0x0000000081800000, 0x0000000086280000, 0x00000000d5d80000)
  object space 76288K, 23% used [0x0000000081800000,0x000000008292a000,0x0000000086280000)
 Metaspace       used 50912K, capacity 52912K, committed 53160K, reserved 1095680K
  class space    used 6942K, capacity 7331K, committed 7336K, reserved 1048576K
Event: 10.347 GC heap after
Heap after GC invocations=12 (full 2):
 PSYoungGen      total 118272K, used 9184K [0x00000000d5d80000, 0x00000000ddc80000, 0x0000000100000000)
  eden space 109056K, 0% used [0x00000000d5d80000,0x00000000d5d80000,0x00000000dc800000)
  from space 9216K, 99% used [0x00000000dd380000,0x00000000ddc78300,0x00000000ddc80000)
  to   space 10240K, 0% used [0x00000000dc880000,0x00000000dc880000,0x00000000dd280000)
 ParOldGen       total 76288K, used 21825K [0x0000000081800000, 0x0000000086280000, 0x00000000d5d80000)
  object space 76288K, 28% used [0x0000000081800000,0x0000000082d507c0,0x0000000086280000)
 Metaspace       used 50912K, capacity 52912K, committed 53160K, reserved 1095680K
  class space    used 6942K, capacity 7331K, committed 7336K, reserved 1048576K
}

Deoptimization events (10 events):
Event: 10.739 Thread 0x0000000002536000 Uncommon trap: reason=bimorphic action=maybe_recompile pc=0x0000000003644090 method=net.bytebuddy.description.type.TypeList$Generic$Explicit.get(I)Lnet/bytebuddy/description/type/TypeDescription$Generic; @ 13
Event: 10.739 Thread 0x0000000002536000 Uncommon trap: reason=class_check action=maybe_recompile pc=0x0000000003611374 method=net.bytebuddy.description.type.TypeDefinition$Sort.describe(Ljava/lang/reflect/Type;Lnet/bytebuddy/description/type/TypeDescription$Generic$AnnotationReader;)Lnet/bytebu
Event: 11.253 Thread 0x0000000002536000 Uncommon trap: reason=unstable_if action=reinterpret pc=0x00000000035f29e4 method=org.hibernate.mapping.Column.equals(Lorg/hibernate/mapping/Column;)Z @ 2
Event: 11.312 Thread 0x0000000002536000 Uncommon trap: reason=class_check action=maybe_recompile pc=0x0000000003451b64 method=org.springframework.beans.factory.support.AbstractBeanFactory.isTypeMatch(Ljava/lang/String;Lorg/springframework/core/ResolvableType;)Z @ 47
Event: 11.392 Thread 0x0000000002536000 Uncommon trap: reason=unstable_if action=reinterpret pc=0x000000000319db68 method=org.springframework.asm.Type.appendDescriptor(Ljava/lang/Class;Ljava/lang/StringBuilder;)V @ 61
Event: 11.398 Thread 0x0000000002536000 Uncommon trap: reason=unstable_if action=reinterpret pc=0x0000000002cb16d0 method=java.lang.Class.arrayContentsEq([Ljava/lang/Object;[Ljava/lang/Object;)Z @ 1
Event: 11.404 Thread 0x0000000002536000 Uncommon trap: reason=unstable_if action=reinterpret pc=0x000000000322c180 method=org.springframework.aop.framework.autoproxy.AbstractAutoProxyCreator.predictBeanType(Ljava/lang/Class;Ljava/lang/String;)Ljava/lang/Class; @ 9
Event: 11.405 Thread 0x0000000002536000 Uncommon trap: reason=unstable_if action=reinterpret pc=0x00000000031654f0 method=org.springframework.beans.factory.support.AbstractAutowireCapableBeanFactory.predictBeanType(Ljava/lang/String;Lorg/springframework/beans/factory/support/RootBeanDefinition;
Event: 11.405 Thread 0x0000000002536000 Uncommon trap: reason=unstable_if action=reinterpret pc=0x000000000345162c method=org.springframework.beans.factory.support.AbstractBeanFactory.isTypeMatch(Ljava/lang/String;Lorg/springframework/core/ResolvableType;)Z @ 508
Event: 11.646 Thread 0x0000000002536000 Uncommon trap: reason=null_check action=make_not_entrant pc=0x00000000035e5920 method=java.lang.Class.privateGetDeclaredConstructors(Z)[Ljava/lang/reflect/Constructor; @ 35

Classes redefined (0 events):
No events

Internal exceptions (10 events):
Event: 11.520 Thread 0x0000000002536000 Exception <a 'java/lang/ClassNotFoundException': org/springframework/beans/factory/BeanFactoryAwareCustomizer> (0x00000000d8afffe0) thrown at [C:\re\workspace\8-2-build-windows-amd64-cygwin\jdk8u221\13320\hotspot\src\share\vm\classfile\systemDictionary.cp
Event: 11.521 Thread 0x0000000002536000 Exception <a 'java/lang/ClassNotFoundException': org/springframework/beans/factory/AwareCustomizer> (0x00000000d8b15950) thrown at [C:\re\workspace\8-2-build-windows-amd64-cygwin\jdk8u221\13320\hotspot\src\share\vm\classfile\systemDictionary.cpp, line 210
Event: 11.522 Thread 0x0000000002536000 Exception <a 'java/lang/ClassNotFoundException': org/springframework/context/ApplicationEventPublisherAwareCustomizer> (0x00000000d8b2f2b8) thrown at [C:\re\workspace\8-2-build-windows-amd64-cygwin\jdk8u221\13320\hotspot\src\share\vm\classfile\systemDicti
Event: 11.524 Thread 0x0000000002536000 Exception <a 'java/lang/ClassNotFoundException': org/springframework/beans/factory/AwareCustomizer> (0x00000000d8b44dd0) thrown at [C:\re\workspace\8-2-build-windows-amd64-cygwin\jdk8u221\13320\hotspot\src\share\vm\classfile\systemDictionary.cpp, line 210
Event: 11.546 Thread 0x0000000002536000 Exception <a 'java/lang/ClassNotFoundException': java/lang/ObjectCustomizer> (0x00000000d8b96910) thrown at [C:\re\workspace\8-2-build-windows-amd64-cygwin\jdk8u221\13320\hotspot\src\share\vm\classfile\systemDictionary.cpp, line 210]
Event: 11.548 Thread 0x0000000002536000 Exception <a 'java/lang/ClassNotFoundException': org/springframework/core/io/support/PropertiesLoaderSupportCustomizer> (0x00000000d8bb4280) thrown at [C:\re\workspace\8-2-build-windows-amd64-cygwin\jdk8u221\13320\hotspot\src\share\vm\classfile\systemDict
Event: 11.551 Thread 0x0000000002536000 Exception <a 'java/lang/ClassNotFoundException': org/springframework/beans/factory/config/PropertiesFactoryBeanCustomizer> (0x00000000d8bd85f0) thrown at [C:\re\workspace\8-2-build-windows-amd64-cygwin\jdk8u221\13320\hotspot\src\share\vm\classfile\systemD
Event: 11.555 Thread 0x0000000002536000 Exception <a 'java/lang/ClassNotFoundException': org/springframework/beans/factory/FactoryBeanCustomizer> (0x00000000d8c043b8) thrown at [C:\re\workspace\8-2-build-windows-amd64-cygwin\jdk8u221\13320\hotspot\src\share\vm\classfile\systemDictionary.cpp, li
Event: 11.557 Thread 0x0000000002536000 Exception <a 'java/lang/ClassNotFoundException': org/springframework/beans/factory/InitializingBeanCustomizer> (0x00000000d8c1f000) thrown at [C:\re\workspace\8-2-build-windows-amd64-cygwin\jdk8u221\13320\hotspot\src\share\vm\classfile\systemDictionary.cp
Event: 11.670 Thread 0x0000000002536000 Exception <a 'java/lang/NoSuchMethodError': java.lang.Object.lambda$static$0(Ljava/lang/Object;)Lorg/springframework/expression/EvaluationContext;> (0x00000000d8f86870) thrown at [C:\re\workspace\8-2-build-windows-amd64-cygwin\jdk8u221\13320\hotspot\src\s

Events (10 events):
Event: 11.826 loading class org/hibernate/query/spi/QueryImplementor
Event: 11.826 loading class org/hibernate/query/spi/QueryImplementor done
Event: 11.846 loading class org/hibernate/procedure/ProcedureCall
Event: 11.846 loading class org/hibernate/procedure/ProcedureCall done
Event: 11.849 loading class org/hibernate/engine/transaction/spi/TransactionImplementor
Event: 11.849 loading class org/hibernate/engine/transaction/spi/TransactionImplementor done
Event: 11.850 loading class org/hibernate/Transaction
Event: 11.850 loading class org/hibernate/Transaction done
Event: 11.851 loading class org/hibernate/engine/spi/SessionEventListenerManager
Event: 11.851 loading class org/hibernate/engine/spi/SessionEventListenerManager done


Dynamic libraries:
0x00007ff652470000 - 0x00007ff6524a7000 	C:\Program Files\Java\jre1.8.0_221\bin\javaw.exe
0x00007ff9b47f0000 - 0x00007ff9b49dd000 	C:\WINDOWS\SYSTEM32\ntdll.dll
0x00007ff9b1a10000 - 0x00007ff9b1ac3000 	C:\WINDOWS\System32\KERNEL32.DLL
0x00007ff9b0ca0000 - 0x00007ff9b0f33000 	C:\WINDOWS\System32\KERNELBASE.dll
0x00007ff9b2820000 - 0x00007ff9b28c3000 	C:\WINDOWS\System32\ADVAPI32.dll
0x00007ff9b2300000 - 0x00007ff9b239e000 	C:\WINDOWS\System32\msvcrt.dll
0x00007ff9b1ad0000 - 0x00007ff9b1b6e000 	C:\WINDOWS\System32\sechost.dll
0x00007ff9b26f0000 - 0x00007ff9b2812000 	C:\WINDOWS\System32\RPCRT4.dll
0x00007ff9b20d0000 - 0x00007ff9b2267000 	C:\WINDOWS\System32\USER32.dll
0x00007ff9b16f0000 - 0x00007ff9b1710000 	C:\WINDOWS\System32\win32u.dll
0x00007ff9b2600000 - 0x00007ff9b2629000 	C:\WINDOWS\System32\GDI32.dll
0x00007ff9b17c0000 - 0x00007ff9b1959000 	C:\WINDOWS\System32\gdi32full.dll
0x00007ff9b0c00000 - 0x00007ff9b0ca0000 	C:\WINDOWS\System32\msvcp_win.dll
0x00007ff9b0b00000 - 0x00007ff9b0bfa000 	C:\WINDOWS\System32\ucrtbase.dll
0x00007ff99ef40000 - 0x00007ff99f1b9000 	C:\WINDOWS\WinSxS\amd64_microsoft.windows.common-controls_6595b64144ccf1df_6.0.17763.973_none_05b245900721eb81\COMCTL32.dll
0x00007ff9b1b70000 - 0x00007ff9b1e9c000 	C:\WINDOWS\System32\combase.dll
0x00007ff9b1960000 - 0x00007ff9b19de000 	C:\WINDOWS\System32\bcryptPrimitives.dll
0x00007ff9b40a0000 - 0x00007ff9b40ce000 	C:\WINDOWS\System32\IMM32.DLL
0x00000000642f0000 - 0x00000000643c2000 	C:\Program Files\Java\jre1.8.0_221\bin\msvcr100.dll
0x0000000064970000 - 0x0000000065215000 	C:\Program Files\Java\jre1.8.0_221\bin\server\jvm.dll
0x00007ff9b4700000 - 0x00007ff9b4708000 	C:\WINDOWS\System32\PSAPI.DLL
0x00007ff9a1df0000 - 0x00007ff9a1df9000 	C:\WINDOWS\SYSTEM32\WSOCK32.dll
0x00007ff9b23a0000 - 0x00007ff9b240d000 	C:\WINDOWS\System32\WS2_32.dll
0x00007ff9a8730000 - 0x00007ff9a8754000 	C:\WINDOWS\SYSTEM32\WINMM.dll
0x00007ff9ab430000 - 0x00007ff9ab43a000 	C:\WINDOWS\SYSTEM32\VERSION.dll
0x00007ff9a8700000 - 0x00007ff9a872d000 	C:\WINDOWS\SYSTEM32\WINMMBASE.dll
0x00007ff9b0a90000 - 0x00007ff9b0ada000 	C:\WINDOWS\System32\cfgmgr32.dll
0x00007ff9ac740000 - 0x00007ff9ac74f000 	C:\Program Files\Java\jre1.8.0_221\bin\verify.dll
0x00007ff9a1da0000 - 0x00007ff9a1dc9000 	C:\Program Files\Java\jre1.8.0_221\bin\java.dll
0x00007ff9a1d50000 - 0x00007ff9a1d66000 	C:\Program Files\Java\jre1.8.0_221\bin\zip.dll
0x00007ff9b2a30000 - 0x00007ff9b3f24000 	C:\WINDOWS\System32\SHELL32.dll
0x00007ff9b4710000 - 0x00007ff9b47b8000 	C:\WINDOWS\System32\shcore.dll
0x00007ff9b0f40000 - 0x00007ff9b168d000 	C:\WINDOWS\System32\windows.storage.dll
0x00007ff9b0880000 - 0x00007ff9b08a4000 	C:\WINDOWS\System32\profapi.dll
0x00007ff9b07e0000 - 0x00007ff9b083d000 	C:\WINDOWS\System32\powrprof.dll
0x00007ff9b2690000 - 0x00007ff9b26e2000 	C:\WINDOWS\System32\shlwapi.dll
0x00007ff9b0840000 - 0x00007ff9b0851000 	C:\WINDOWS\System32\kernel.appcore.dll
0x00007ff9b0ae0000 - 0x00007ff9b0af7000 	C:\WINDOWS\System32\cryptsp.dll
0x00007ff9a8620000 - 0x00007ff9a862d000 	C:\Program Files\Java\jre1.8.0_221\bin\management.dll
0x00007ff9a1cf0000 - 0x00007ff9a1d0a000 	C:\Program Files\Java\jre1.8.0_221\bin\net.dll
0x00007ff9a3310000 - 0x00007ff9a34e7000 	C:\WINDOWS\SYSTEM32\urlmon.dll
0x00007ff9a23e0000 - 0x00007ff9a2688000 	C:\WINDOWS\SYSTEM32\iertutil.dll
0x00007ff9b0220000 - 0x00007ff9b022c000 	C:\WINDOWS\SYSTEM32\CRYPTBASE.DLL
0x00007ff9b0050000 - 0x00007ff9b00b7000 	C:\WINDOWS\system32\mswsock.dll
0x00007ff993fb0000 - 0x00007ff993fc6000 	C:\WINDOWS\system32\napinsp.dll
0x00007ff993f30000 - 0x00007ff993f4a000 	C:\WINDOWS\system32\pnrpnsp.dll
0x00007ff9afdb0000 - 0x00007ff9afe76000 	C:\WINDOWS\SYSTEM32\DNSAPI.dll
0x00007ff9b2270000 - 0x00007ff9b2278000 	C:\WINDOWS\System32\NSI.dll
0x00007ff9afd70000 - 0x00007ff9afdad000 	C:\WINDOWS\SYSTEM32\IPHLPAPI.DLL
0x00007ff993f20000 - 0x00007ff993f2e000 	C:\WINDOWS\System32\winrnr.dll
0x00007ff9ad2a0000 - 0x00007ff9ad2bb000 	C:\WINDOWS\system32\NLAapi.dll
0x00007ff9a9cf0000 - 0x00007ff9a9d05000 	C:\WINDOWS\system32\wshbth.dll
0x00007ff9a2f80000 - 0x00007ff9a2f8a000 	C:\Windows\System32\rasadhlp.dll
0x00007ff9a2ff0000 - 0x00007ff9a3069000 	C:\WINDOWS\System32\fwpuclnt.dll
0x00007ff9b19e0000 - 0x00007ff9b1a06000 	C:\WINDOWS\System32\bcrypt.dll
0x00007ff9a1c60000 - 0x00007ff9a1c72000 	C:\Program Files\Java\jre1.8.0_221\bin\nio.dll
0x0000000180000000 - 0x0000000180282000 	C:\Program Files\Apache\Tomcat-9.0.24\bin\tcnative-1.dll
0x00007ff9b08b0000 - 0x00007ff9b0a8c000 	C:\WINDOWS\System32\CRYPT32.dll
0x00007ff9b0860000 - 0x00007ff9b0872000 	C:\WINDOWS\System32\MSASN1.dll
0x00007ff9afbd0000 - 0x00007ff9afc03000 	C:\WINDOWS\system32\rsaenh.dll
0x00007ff9b06e0000 - 0x00007ff9b0708000 	C:\WINDOWS\SYSTEM32\USERENV.dll
0x00007ff9a8490000 - 0x00007ff9a84a6000 	C:\WINDOWS\SYSTEM32\dhcpcsvc6.DLL
0x00007ff9a8560000 - 0x00007ff9a857c000 	C:\WINDOWS\SYSTEM32\dhcpcsvc.DLL

VM Arguments:
jvm_args: -ea -Dfile.encoding=utf-8 
java_command: acme.Launcher --database:populate-sample
java_class_path (initial): C:\Users\Pablosky\git\DP1-S-D4\target\classes;C:\Users\Pablosky\.m2\repository\org\springframework\boot\spring-boot-starter-tomcat\2.1.7.RELEASE\spring-boot-starter-tomcat-2.1.7.RELEASE.jar;C:\Users\Pablosky\.m2\repository\javax\annotation\javax.annotation-api\1.3.2\javax.annotation-api-1.3.2.jar;C:\Users\Pablosky\.m2\repository\org\apache\tomcat\embed\tomcat-embed-core\9.0.22\tomcat-embed-core-9.0.22.jar;C:\Users\Pablosky\.m2\repository\org\apache\tomcat\embed\tomcat-embed-el\9.0.22\tomcat-embed-el-9.0.22.jar;C:\Users\Pablosky\.m2\repository\org\apache\tomcat\embed\tomcat-embed-websocket\9.0.22\tomcat-embed-websocket-9.0.22.jar;C:\Users\Pablosky\.m2\repository\org\apache\tomcat\embed\tomcat-embed-jasper\9.0.22\tomcat-embed-jasper-9.0.22.jar;C:\Users\Pablosky\.m2\repository\org\eclipse\jdt\ecj\3.18.0\ecj-3.18.0.jar;C:\Users\Pablosky\.m2\repository\javax\servlet\jstl\1.2\jstl-1.2.jar;C:\Users\Pablosky\.m2\repository\org\springframework\boot\spring-boot-starter-security\2.1.7.RELEASE\spring-boot-starter-security-2.1.7.RELEASE.jar;C:\Users\Pablosky\.m2\repository\org\springframework\boot\spring-boot-starter\2.1.7.RELEASE\spring-boot-starter-2.1.7.RELEASE.jar;C:\Users\Pablosky\.m2\repository\org\springframework\boot\spring-boot\2.1.7.RELEASE\spring-boot-2.1.7.RELEASE.jar;C:\Users\Pablosky\.m2\repository\org\springframework\boot\spring-boot-autoconfigure\2.1.7.RELEASE\spring-boot-autoconfigure-2.1.7.RELEASE.jar;C:\Users\Pablosky\.m2\repository\org\springframework\boot\spring-boot-starter-logging\2.1.7.RELEASE\spring-boot-starter-logging-2.1.7.RELEASE.jar;C:\Users\Pablosky\.m2\repository\ch\qos\logback\logback-classic\1.2.3\logback-classic-1.2.3.jar;C:\Users\Pablosky\.m2\repository\ch\qos\logback\logback-core\1.2.3\logback-core-1.2.3.jar;C:\Users\Pablosky\.m2\repository\org\apache\logging\log4j\log4j-to-slf4j\2.11.2\log4j-to-slf4j-2.11.2.jar;C:\Users\Pablosky\.m2\repository\org\apache\logging\log4j\log4j-api\2.11.2\log4j-api-2.11.2.jar;C:\User
Launcher Type: SUN_STANDARD

Environment Variables:
JAVA_HOME=C:\Program Files\Java\jdk1.8.0_201
JRE_HOME=C:\Program Files\Java\jre1.8.0_221
PATH=C:/Program Files/Java/jre1.8.0_221/bin/server;C:/Program Files/Java/jre1.8.0_221/bin;C:/Program Files/Java/jre1.8.0_221/lib/amd64;C:\Program Files\Apache\Maven-3.6.2\bin;C:\oraclexe\app\oracle\product\11.2.0\server\bin;C:\Program Files (x86)\Common Files\Oracle\Java\javapath;C:\Program Files (x86)\Intel\iCLS Client\;C:\Program Files\Intel\iCLS Client\;C:\WINDOWS\system32;C:\WINDOWS;C:\WINDOWS\System32\Wbem;C:\WINDOWS\System32\WindowsPowerShell\v1.0\;C:\WINDOWS\System32\OpenSSH\;C:\Program Files\TortoiseSVN\bin;C:\Program Files\Apache\Tomcat-9.0.24\bin;C:\Users\Pablosky\AppData\Local\Microsoft\WindowsApps;;C:\Users\Pablosky\AppData\Local\Programs\Microsoft VS Code\bin;C:\Program Files\Eclipse\Eclipse-2019-06\eclipse;
USERNAME=Pablosky
OS=Windows_NT
PROCESSOR_IDENTIFIER=Intel64 Family 6 Model 78 Stepping 3, GenuineIntel



---------------  S Y S T E M  ---------------

OS: Windows 10.0 , 64 bit Build 17763 (10.0.17763.475)

CPU:total 4 (initial active 4) (2 cores per cpu, 2 threads per core) family 6 model 78 stepping 3, cmov, cx8, fxsr, mmx, sse, sse2, sse3, ssse3, sse4.1, sse4.2, popcnt, avx, avx2, aes, clmul, erms, 3dnowpref, lzcnt, ht, tsc, tscinvbit, bmi1, bmi2, adx

Memory: 4k page, physical 8286144k(2617980k free), swap 9451908k(5820k free)

vm_info: Java HotSpot(TM) 64-Bit Server VM (25.221-b11) for windows-amd64 JRE (1.8.0_221-b11), built on Jul  4 2019 04:39:29 by "java_re" with MS VC++ 10.0 (VS2010)

time: Wed Aug 19 16:40:52 2020
timezone: Hora de verano romance
elapsed time: 11 seconds (0d 0h 0m 11s)

